"../../../Engine/Content/EditorBlueprintResources/StandardMacros.uasset" 0
"../../../Engine/Content/EngineSky/C_Sky_Cloud_Color.uasset" 1
"../../../Engine/Content/EngineSky/C_Sky_Horizon_Color.uasset" 2
"../../../Engine/Content/EngineSky/C_Sky_Zenith_Color.uasset" 3
"../../../Engine/Content/EngineSky/T_Sky_Blue.uasset" 4
"../../../Engine/Content/EngineSky/T_Sky_Clouds_M.uasset" 5
"../../../Engine/Content/EngineSky/T_Sky_Stars.uasset" 6
"../../../Engine/Content/EngineSky/SM_SkySphere.uasset" 7
"../../../Engine/Content/EngineSky/M_Sky_Panning_Clouds2.uasset" 8
"../../../Engine/Content/EngineSky/BP_Sky_Sphere.uasset" 9
"../../../RunningBack/Content/UI/PauseMenu.uasset" 10
"../../../RunningBack/Content/GameModes/PlayGameMode.uasset" 11
"../../../Engine/Content/Functions/Engine_MaterialFunctions01/Opacity/CameraDepthFade.uasset" 12
"../../../Engine/Content/EngineMaterials/T_Default_Material_Grid_M.uasset" 13
"../../../Engine/Content/EngineMaterials/T_Default_Material_Grid_N.uasset" 14
"../../../Engine/Content/EngineMaterials/WorldGridMaterial.uasset" 15
"../../../Engine/Content/EngineMaterials/DefaultMaterial.uasset" 16
"../../../Engine/Content/MapTemplates/SM_Template_Map_Floor.uasset" 17
"../../../RunningBack/Content/Maps/TestLevel.umap" 18
"../../../RunningBack/Content/StarterContent/Textures/T_MacroVariation.uasset" 19
"../../../RunningBack/Content/StarterContent/Materials/M_Metal_Brushed_Nickel.uasset" 20
"../../../RunningBack/Content/StarterContent/Textures/T_Metal_Aluminum_D.uasset" 21
"../../../RunningBack/Content/StarterContent/Textures/T_Metal_Gold_N.uasset" 22
"../../../RunningBack/Content/StarterContent/Materials/M_Metal_Burnished_Steel.uasset" 23
"../../../RunningBack/Content/StarterContent/Textures/T_Metal_Copper_D.uasset" 24
"../../../RunningBack/Content/StarterContent/Materials/M_Metal_Copper.uasset" 25
"../../../RunningBack/Content/StarterContent/Textures/T_Chair_M.uasset" 26
"../../../RunningBack/Content/StarterContent/Textures/T_Chair_N.uasset" 27
"../../../RunningBack/Content/StarterContent/Props/Materials/M_Chair.uasset" 28
"../../../RunningBack/Content/StarterContent/Textures/T_Statue_M.uasset" 29
"../../../RunningBack/Content/StarterContent/Textures/T_Statue_N.uasset" 30
"../../../RunningBack/Content/StarterContent/Props/Materials/M_StatueGlass.uasset" 31
"../../../RunningBack/Content/StarterContent/Audio/Starter_Birds01.uasset" 32
"../../../RunningBack/Content/StarterContent/Audio/Starter_Wind05.uasset" 33
"../../../RunningBack/Content/StarterContent/Audio/Starter_Wind06.uasset" 34
"../../../RunningBack/Content/StarterContent/Audio/Starter_Background_Cue.uasset" 35
"../../../RunningBack/Content/StarterContent/Props/SM_Chair.uasset" 36
"../../../RunningBack/Content/StarterContent/Props/Materials/M_Statue.uasset" 37
"../../../RunningBack/Content/StarterContent/Props/SM_Statue.uasset" 38
"../../../RunningBack/Content/StarterContent/Textures/T_TableRound_M.uasset" 39
"../../../RunningBack/Content/StarterContent/Textures/T_TableRound_N.uasset" 40
"../../../RunningBack/Content/StarterContent/Props/Materials/M_TableRound.uasset" 41
"../../../RunningBack/Content/StarterContent/Props/SM_TableRound.uasset" 42
"../../../RunningBack/Content/StarterContent/Maps/Minimal_Default.umap" 43
"../../../RunningBack/Content/Vehicle/Meshes/Aircraft_Carrier/tranparency.uasset" 44
"../../../RunningBack/Content/Vehicle/Meshes/Aircraft_Carrier/transparent.uasset" 45
"../../../RunningBack/Content/Vehicle/Meshes/Aircraft_Carrier/6bef6eb8.uasset" 46
"../../../RunningBack/Content/Vehicle/Meshes/Aircraft_Carrier/7cfc9e4e.uasset" 47
"../../../RunningBack/Content/Vehicle/Meshes/Aircraft_Carrier/a0326c1d.uasset" 48
"../../../RunningBack/Content/Vehicle/Meshes/Aircraft_Carrier/a0326c1d_dds3.uasset" 49
"../../../RunningBack/Content/Vehicle/Meshes/Aircraft_Carrier/bef6eb8_dds3.uasset" 50
"../../../RunningBack/Content/Vehicle/Meshes/Aircraft_Carrier/cfc9e4e_dds3.uasset" 51
"../../../RunningBack/Content/Vehicle/Meshes/Aircraft_Carrier/lower.uasset" 52
"../../../RunningBack/Content/Vehicle/Meshes/Aircraft_Carrier/d8a55a9f_dds3.uasset" 53
"../../../RunningBack/Content/Vehicle/Meshes/Aircraft_Carrier/upper2.uasset" 54
"../../../RunningBack/Content/Vehicle/Meshes/Aircraft_Carrier/Upper.uasset" 55
"../../../RunningBack/Content/Vehicle/Meshes/Aircraft_Carrier/aircraft_carreir.uasset" 56
"../../../RunningBack/Content/Vehicle/Meshes/Aircraft_Carrier/Aircrafts/Blackhawk/fuselage.uasset" 57
"../../../RunningBack/Content/Vehicle/Meshes/Aircraft_Carrier/Aircrafts/Blackhawk/Material__25.uasset" 58
"../../../RunningBack/Content/Vehicle/Meshes/Aircraft_Carrier/Aircrafts/Blackhawk/Material__26.uasset" 59
"../../../RunningBack/Content/Vehicle/Meshes/Aircraft_Carrier/Aircrafts/Blackhawk/panel.uasset" 60
"../../../RunningBack/Content/Vehicle/Meshes/Aircraft_Carrier/Aircrafts/Blackhawk/Material__28.uasset" 61
"../../../RunningBack/Content/Vehicle/Meshes/Aircraft_Carrier/Aircrafts/Blackhawk/pal.uasset" 62
"../../../RunningBack/Content/Vehicle/Meshes/Aircraft_Carrier/Aircrafts/Blackhawk/Material__29.uasset" 63
"../../../RunningBack/Content/Vehicle/Meshes/Aircraft_Carrier/Aircrafts/Blackhawk/Material__30.uasset" 64
"../../../RunningBack/Content/Vehicle/Meshes/Aircraft_Carrier/Aircrafts/Blackhawk/Plt.uasset" 65
"../../../RunningBack/Content/Vehicle/Meshes/Aircraft_Carrier/Aircrafts/Blackhawk/Material__32.uasset" 66
"../../../RunningBack/Content/Vehicle/Meshes/Aircraft_Carrier/Aircrafts/Blackhawk/land.uasset" 67
"../../../RunningBack/Content/Vehicle/Meshes/Aircraft_Carrier/Aircrafts/Blackhawk/Material__33.uasset" 68
"../../../RunningBack/Content/Vehicle/Meshes/Aircraft_Carrier/Aircrafts/Blackhawk/Material__34.uasset" 69
"../../../RunningBack/Content/Vehicle/Meshes/Aircraft_Carrier/Aircrafts/Blackhawk/Material__36.uasset" 70
"../../../RunningBack/Content/Vehicle/Meshes/Aircraft_Carrier/Aircrafts/Blackhawk/Material__37.uasset" 71
"../../../RunningBack/Content/Vehicle/Meshes/Aircraft_Carrier/Aircrafts/Blackhawk/blackhawk.uasset" 72
"../../../RunningBack/Content/Vehicle/Meshes/Aircraft_Carrier/Aircrafts/Fullback/Glass_Cockpit.uasset" 73
"../../../RunningBack/Content/Vehicle/Meshes/Aircraft_Carrier/Aircrafts/Fullback/glass1.uasset" 74
"../../../RunningBack/Content/Vehicle/Meshes/Aircraft_Carrier/Aircrafts/Fullback/Pilot_usa.uasset" 75
"../../../RunningBack/Content/Vehicle/Meshes/Aircraft_Carrier/Aircrafts/Fullback/pilot1.uasset" 76
"../../../RunningBack/Content/Vehicle/Meshes/Aircraft_Carrier/Aircrafts/Fullback/Su-34_Fullback_N.uasset" 77
"../../../RunningBack/Content/Vehicle/Meshes/Aircraft_Carrier/Aircrafts/Fullback/Su-34_Fullback_P01.uasset" 78
"../../../RunningBack/Content/Vehicle/Meshes/Aircraft_Carrier/Aircrafts/Fullback/plane1.uasset" 79
"../../../RunningBack/Content/Vehicle/Meshes/Aircraft_Carrier/Aircrafts/Fullback/Eject_Seat.uasset" 80
"../../../RunningBack/Content/Vehicle/Meshes/Aircraft_Carrier/Aircrafts/Fullback/seat1.uasset" 81
"../../../RunningBack/Content/Vehicle/Meshes/Aircraft_Carrier/Aircrafts/Fullback/aircraft_3.uasset" 82
"../../../RunningBack/Content/Vehicle/Meshes/Aircraft_Carrier/Aircrafts/Hornet/Glass_Cockpit.uasset" 83
"../../../RunningBack/Content/Vehicle/Meshes/Aircraft_Carrier/Aircrafts/Hornet/glass1.uasset" 84
"../../../RunningBack/Content/Vehicle/Meshes/Aircraft_Carrier/Aircrafts/Hornet/Pilot_usa.uasset" 85
"../../../RunningBack/Content/Vehicle/Meshes/Aircraft_Carrier/Aircrafts/Hornet/pilot1.uasset" 86
"../../../RunningBack/Content/Vehicle/Meshes/Aircraft_Carrier/Aircrafts/Hornet/FA-18C_Hornet_N.uasset" 87
"../../../RunningBack/Content/Vehicle/Meshes/Aircraft_Carrier/Aircrafts/Hornet/FA-18C_Hornet_P01.uasset" 88
"../../../RunningBack/Content/Vehicle/Meshes/Aircraft_Carrier/Aircrafts/Hornet/plane1.uasset" 89
"../../../RunningBack/Content/Vehicle/Meshes/Aircraft_Carrier/Aircrafts/Hornet/Eject_Seat.uasset" 90
"../../../RunningBack/Content/Vehicle/Meshes/Aircraft_Carrier/Aircrafts/Hornet/seat1.uasset" 91
"../../../RunningBack/Content/Vehicle/Meshes/Aircraft_Carrier/Aircrafts/Hornet/aircraft_1.uasset" 92
"../../../RunningBack/Content/Vehicle/Meshes/Aircraft_Carrier/Aircrafts/Raptor/Glass_Cockpit.uasset" 93
"../../../RunningBack/Content/Vehicle/Meshes/Aircraft_Carrier/Aircrafts/Raptor/glass1.uasset" 94
"../../../RunningBack/Content/Vehicle/Meshes/Aircraft_Carrier/Aircrafts/Raptor/Pilot_usa.uasset" 95
"../../../RunningBack/Content/Vehicle/Meshes/Aircraft_Carrier/Aircrafts/Raptor/pilot1.uasset" 96
"../../../RunningBack/Content/Vehicle/Meshes/Aircraft_Carrier/Aircrafts/Raptor/FA-22_Raptor_N.uasset" 97
"../../../RunningBack/Content/Vehicle/Meshes/Aircraft_Carrier/Aircrafts/Raptor/FA-22_Raptor_P01.uasset" 98
"../../../RunningBack/Content/Vehicle/Meshes/Aircraft_Carrier/Aircrafts/Raptor/plane1.uasset" 99
"../../../RunningBack/Content/Vehicle/Meshes/Aircraft_Carrier/Aircrafts/Raptor/aircraft_2.uasset" 100
"../../../RunningBack/Content/Maps/AircraftCarrier_Level.umap" 101
"../../../RunningBack/Content/UI/LobbyGameMode.uasset" 102
"../../../RunningBack/Content/UI/LobbyPlayerRow.uasset" 103
"../../../RunningBack/Content/UI/GameLobby.uasset" 104
"../../../RunningBack/Content/Maps/GameLobby.umap" 105
"../../../RunningBack/Content/StarterContent/Audio/Fire01.uasset" 106
"../../../RunningBack/Content/StarterContent/Audio/Fire01_Cue.uasset" 107
"../../../RunningBack/Content/StarterContent/Textures/T_Fire_SubUV.uasset" 108
"../../../RunningBack/Content/StarterContent/Textures/T_Fire_Tiled_D.uasset" 109
"../../../RunningBack/Content/StarterContent/Particles/Materials/M_Fire_SubUV.uasset" 110
"../../../RunningBack/Content/StarterContent/Textures/T_Water_N.uasset" 111
"../../../RunningBack/Content/StarterContent/Particles/Materials/M_Heat_Distortion.uasset" 112
"../../../Engine/Content/Functions/Engine_MaterialFunctions01/Gradient/RadialGradient.uasset" 113
"../../../RunningBack/Content/StarterContent/Particles/Materials/M_Radial_Gradient.uasset" 114
"../../../RunningBack/Content/StarterContent/Textures/T_Smoke_SubUV.uasset" 115
"../../../RunningBack/Content/StarterContent/Textures/T_Smoke_Tiled_D.uasset" 116
"../../../RunningBack/Content/StarterContent/Particles/Materials/M_smoke_subUV.uasset" 117
"../../../RunningBack/Content/StarterContent/Particles/P_Fire.uasset" 118
"../../../RunningBack/Content/StarterContent/Blueprints/Blueprint_Effect_Fire.uasset" 119
"../../../RunningBack/Content/StarterContent/Audio/Smoke01.uasset" 120
"../../../RunningBack/Content/StarterContent/Audio/Smoke01_Cue.uasset" 121
"../../../RunningBack/Content/StarterContent/Particles/P_Smoke.uasset" 122
"../../../RunningBack/Content/StarterContent/Blueprints/Blueprint_Effect_Smoke.uasset" 123
"../../../RunningBack/Content/StarterContent/Audio/Fire_Sparks01.uasset" 124
"../../../RunningBack/Content/StarterContent/Audio/Fire_Sparks01_Cue.uasset" 125
"../../../RunningBack/Content/StarterContent/Textures/T_Spark_Core.uasset" 126
"../../../RunningBack/Content/StarterContent/Particles/Materials/M_Spark.uasset" 127
"../../../RunningBack/Content/StarterContent/Particles/P_Sparks.uasset" 128
"../../../RunningBack/Content/StarterContent/Blueprints/Blueprint_Effect_Sparks.uasset" 129
"../../../RunningBack/Content/StarterContent/Audio/Steam01.uasset" 130
"../../../RunningBack/Content/StarterContent/Audio/Steam01_Cue.uasset" 131
"../../../RunningBack/Content/StarterContent/Particles/P_Steam_Lit.uasset" 132
"../../../RunningBack/Content/StarterContent/Blueprints/Blueprint_Effect_Steam.uasset" 133
"../../../RunningBack/Content/StarterContent/Textures/T_Lamp_M.uasset" 134
"../../../RunningBack/Content/StarterContent/Textures/T_Lamp_N.uasset" 135
"../../../RunningBack/Content/StarterContent/Props/Materials/M_Lamp.uasset" 136
"../../../RunningBack/Content/StarterContent/Props/SM_Lamp_Ceiling.uasset" 137
"../../../RunningBack/Content/StarterContent/Blueprints/Blueprint_CeilingLight.uasset" 138
"../../../RunningBack/Content/StarterContent/Props/SM_Lamp_Wall.uasset" 139
"../../../RunningBack/Content/StarterContent/Blueprints/Blueprint_WallSconce.uasset" 140
"../../../Engine/Content/EngineFonts/RobotoDistanceField.uasset" 141
"../../../Engine/Content/Functions/Engine_MaterialFunctions03/Procedurals/ComputeFilterWidth.uasset" 142
"../../../Engine/Content/EngineMaterials/AntiAliasedTextMaterialTranslucent.uasset" 143
"../../../RunningBack/Content/StarterContent/Textures/T_Brick_Clay_Beveled_D.uasset" 144
"../../../RunningBack/Content/StarterContent/Textures/T_Brick_Clay_Beveled_M.uasset" 145
"../../../RunningBack/Content/StarterContent/Textures/T_Brick_Clay_Beveled_N.uasset" 146
"../../../RunningBack/Content/StarterContent/Materials/M_Brick_Clay_Beveled.uasset" 147
"../../../RunningBack/Content/StarterContent/Textures/T_Brick_Clay_New_D.uasset" 148
"../../../RunningBack/Content/StarterContent/Textures/T_Brick_Clay_New_M.uasset" 149
"../../../RunningBack/Content/StarterContent/Textures/T_Brick_Clay_New_N.uasset" 150
"../../../RunningBack/Content/StarterContent/Textures/T_Detail_Rocky_N.uasset" 151
"../../../RunningBack/Content/StarterContent/Materials/M_Brick_Clay_New.uasset" 152
"../../../RunningBack/Content/StarterContent/Textures/T_Brick_Clay_Old_D.uasset" 153
"../../../RunningBack/Content/StarterContent/Textures/T_Brick_Clay_Old_N.uasset" 154
"../../../RunningBack/Content/StarterContent/Textures/T_Perlin_Noise_M.uasset" 155
"../../../RunningBack/Content/StarterContent/Materials/M_Brick_Clay_Old.uasset" 156
"../../../RunningBack/Content/StarterContent/Textures/T_Brick_Cut_Stone_D.uasset" 157
"../../../RunningBack/Content/StarterContent/Textures/T_Brick_Cut_Stone_N.uasset" 158
"../../../RunningBack/Content/StarterContent/Materials/M_Brick_Cut_Stone.uasset" 159
"../../../RunningBack/Content/StarterContent/Textures/T_Brick_Hewn_Stone_D.uasset" 160
"../../../RunningBack/Content/StarterContent/Textures/T_Brick_Hewn_Stone_M.uasset" 161
"../../../RunningBack/Content/StarterContent/Textures/T_Brick_Hewn_Stone_N.uasset" 162
"../../../RunningBack/Content/StarterContent/Materials/M_Brick_Hewn_Stone.uasset" 163
"../../../RunningBack/Content/StarterContent/Textures/T_Ceramic_Tile_M.uasset" 164
"../../../RunningBack/Content/StarterContent/Textures/T_Ceramic_Tile_N.uasset" 165
"../../../RunningBack/Content/StarterContent/Textures/T_Rock_Marble_Polished_D.uasset" 166
"../../../RunningBack/Content/StarterContent/Materials/M_Ceramic_Tile_Checker.uasset" 167
"../../../RunningBack/Content/StarterContent/Textures/T_CobbleStone_Pebble_D.uasset" 168
"../../../RunningBack/Content/StarterContent/Textures/T_CobbleStone_Pebble_M.uasset" 169
"../../../RunningBack/Content/StarterContent/Textures/T_CobbleStone_Pebble_N.uasset" 170
"../../../RunningBack/Content/StarterContent/Materials/M_CobbleStone_Pebble.uasset" 171
"../../../RunningBack/Content/StarterContent/Textures/T_CobbleStone_Rough_D.uasset" 172
"../../../RunningBack/Content/StarterContent/Textures/T_CobbleStone_Rough_N.uasset" 173
"../../../RunningBack/Content/StarterContent/Textures/T_Gradinet_01.uasset" 174
"../../../RunningBack/Content/StarterContent/Textures/T_Rock_Smooth_Granite_D.uasset" 175
"../../../RunningBack/Content/StarterContent/Materials/M_CobbleStone_Rough.uasset" 176
"../../../RunningBack/Content/StarterContent/Textures/T_CobbleStone_Smooth_D.uasset" 177
"../../../RunningBack/Content/StarterContent/Textures/T_CobbleStone_Smooth_M.uasset" 178
"../../../RunningBack/Content/StarterContent/Textures/T_CobbleStone_Smooth_N.uasset" 179
"../../../RunningBack/Content/StarterContent/Materials/M_CobbleStone_Smooth.uasset" 180
"../../../RunningBack/Content/StarterContent/Textures/T_Concrete_Grime_D.uasset" 181
"../../../RunningBack/Content/StarterContent/Textures/T_Metal_Rust_N.uasset" 182
"../../../RunningBack/Content/StarterContent/Materials/M_Concrete_Grime.uasset" 183
"../../../RunningBack/Content/StarterContent/Textures/T_Concrete_Panels_D.uasset" 184
"../../../RunningBack/Content/StarterContent/Textures/T_Concrete_Panels_N.uasset" 185
"../../../RunningBack/Content/StarterContent/Materials/M_Concrete_Panels.uasset" 186
"../../../RunningBack/Content/StarterContent/Textures/T_Concrete_Poured_D.uasset" 187
"../../../RunningBack/Content/StarterContent/Textures/T_Concrete_Poured_N.uasset" 188
"../../../RunningBack/Content/StarterContent/Materials/M_Concrete_Poured.uasset" 189
"../../../RunningBack/Content/StarterContent/Textures/T_Concrete_Tiles_D.uasset" 190
"../../../RunningBack/Content/StarterContent/Textures/T_Concrete_Tiles_M.uasset" 191
"../../../RunningBack/Content/StarterContent/Textures/T_Concrete_Tiles_N.uasset" 192
"../../../RunningBack/Content/StarterContent/Textures/T_Concrete_Tiles_Variation_M.uasset" 193
"../../../RunningBack/Content/StarterContent/Materials/M_Concrete_Tiles.uasset" 194
"../../../RunningBack/Content/StarterContent/Textures/T_Ground_Grass_D.uasset" 195
"../../../RunningBack/Content/StarterContent/Textures/T_Ground_Grass_N.uasset" 196
"../../../RunningBack/Content/StarterContent/Materials/M_Ground_Grass.uasset" 197
"../../../RunningBack/Content/StarterContent/Textures/T_Ground_Gravel_D.uasset" 198
"../../../RunningBack/Content/StarterContent/Textures/T_Ground_Gravel_N.uasset" 199
"../../../RunningBack/Content/StarterContent/Materials/M_Ground_Gravel.uasset" 200
"../../../RunningBack/Content/StarterContent/Textures/T_ground_Moss_D.uasset" 201
"../../../RunningBack/Content/StarterContent/Textures/T_Ground_Moss_N.uasset" 202
"../../../RunningBack/Content/StarterContent/Materials/M_Ground_Moss.uasset" 203
"../../../RunningBack/Content/StarterContent/Materials/M_Metal_Chrome.uasset" 204
"../../../RunningBack/Content/StarterContent/Textures/T_Metal_Gold_D.uasset" 205
"../../../RunningBack/Content/StarterContent/Materials/M_Metal_Gold.uasset" 206
"../../../Engine/Content/Functions/Engine_MaterialFunctions02/Utility/BlendAngleCorrectedNormals.uasset" 207
"../../../RunningBack/Content/StarterContent/Textures/T_Metal_Rust_D.uasset" 208
"../../../RunningBack/Content/StarterContent/Materials/M_Metal_Rust.uasset" 209
"../../../RunningBack/Content/StarterContent/Textures/T_Metal_Steel_D.uasset" 210
"../../../RunningBack/Content/StarterContent/Textures/T_Metal_Steel_N.uasset" 211
"../../../RunningBack/Content/StarterContent/Materials/M_Metal_Steel.uasset" 212
"../../../RunningBack/Content/StarterContent/Textures/T_Rock_Basalt_D.uasset" 213
"../../../RunningBack/Content/StarterContent/Textures/T_Rock_Basalt_N.uasset" 214
"../../../RunningBack/Content/StarterContent/Materials/M_Rock_Basalt.uasset" 215
"../../../RunningBack/Content/StarterContent/Materials/M_Rock_Marble_Polished.uasset" 216
"../../../RunningBack/Content/StarterContent/Textures/T_Rock_Sandstone_D.uasset" 217
"../../../RunningBack/Content/StarterContent/Textures/T_Rock_Sandstone_N.uasset" 218
"../../../RunningBack/Content/StarterContent/Materials/M_Rock_Sandstone.uasset" 219
"../../../RunningBack/Content/StarterContent/Textures/T_Rock_Slate_D.uasset" 220
"../../../RunningBack/Content/StarterContent/Textures/T_Rock_Slate_N.uasset" 221
"../../../RunningBack/Content/StarterContent/Materials/M_Rock_Slate.uasset" 222
"../../../RunningBack/Content/StarterContent/Textures/T_Checker_Noise_M.uasset" 223
"../../../RunningBack/Content/StarterContent/Textures/T_Single_Tile_N.uasset" 224
"../../../RunningBack/Content/StarterContent/Textures/T_Tech_Dot_M.uasset" 225
"../../../RunningBack/Content/StarterContent/Textures/T_Tech_Dot_N.uasset" 226
"../../../RunningBack/Content/StarterContent/Materials/M_Tech_Checker_Dot.uasset" 227
"../../../RunningBack/Content/StarterContent/Textures/T_Tech_Hex_Tile_M.uasset" 228
"../../../RunningBack/Content/StarterContent/Textures/T_Tech_Hex_Tile_N.uasset" 229
"../../../RunningBack/Content/StarterContent/Materials/M_Tech_Hex_Tile.uasset" 230
"../../../RunningBack/Content/StarterContent/Materials/M_Tech_Hex_Tile_Pulse.uasset" 231
"../../../RunningBack/Content/StarterContent/Textures/T_Tech_Panel_M.uasset" 232
"../../../RunningBack/Content/StarterContent/Textures/T_Tech_Panel_N.uasset" 233
"../../../RunningBack/Content/StarterContent/Materials/M_Tech_Panel.uasset" 234
"../../../RunningBack/Content/StarterContent/Materials/M_Water_Lake.uasset" 235
"../../../RunningBack/Content/StarterContent/Textures/T_Water_M.uasset" 236
"../../../RunningBack/Content/StarterContent/Materials/M_Water_Ocean.uasset" 237
"../../../RunningBack/Content/StarterContent/Textures/T_Wood_Floor_Walnut_D.uasset" 238
"../../../RunningBack/Content/StarterContent/Textures/T_Wood_Floor_Walnut_M.uasset" 239
"../../../RunningBack/Content/StarterContent/Textures/T_Wood_Floor_Walnut_N.uasset" 240
"../../../RunningBack/Content/StarterContent/Materials/M_Wood_Floor_Walnut_Polished.uasset" 241
"../../../Engine/Content/Functions/Engine_MaterialFunctions01/Opacity/AlphaOffset.uasset" 242
"../../../RunningBack/Content/StarterContent/Materials/M_Wood_Floor_Walnut_Worn.uasset" 243
"../../../RunningBack/Content/StarterContent/Textures/T_Wood_Oak_D.uasset" 244
"../../../RunningBack/Content/StarterContent/Textures/T_Wood_Oak_N.uasset" 245
"../../../RunningBack/Content/StarterContent/Materials/M_Wood_Oak.uasset" 246
"../../../RunningBack/Content/StarterContent/Textures/T_Wood_Pine_D.uasset" 247
"../../../RunningBack/Content/StarterContent/Textures/T_Wood_Pine_N.uasset" 248
"../../../RunningBack/Content/StarterContent/Materials/M_Wood_Pine.uasset" 249
"../../../RunningBack/Content/StarterContent/Textures/T_Wood_Walnut_D.uasset" 250
"../../../RunningBack/Content/StarterContent/Textures/T_Wood_Walnut_N.uasset" 251
"../../../RunningBack/Content/StarterContent/Materials/M_Wood_Walnut.uasset" 252
"../../../RunningBack/Content/StarterContent/Materials/M_Basic_Wall.uasset" 253
"../../../RunningBack/Content/StarterContent/Architecture/Wall_400x200.uasset" 254
"../../../RunningBack/Content/StarterContent/Architecture/Wall_Door_400x300.uasset" 255
"../../../RunningBack/Content/StarterContent/Architecture/Wall_Window_400x300.uasset" 256
"../../../RunningBack/Content/StarterContent/Audio/Collapse01.uasset" 257
"../../../RunningBack/Content/StarterContent/Audio/Collapse02.uasset" 258
"../../../RunningBack/Content/StarterContent/Audio/Collapse_Cue.uasset" 259
"../../../RunningBack/Content/StarterContent/Audio/Starter_Music01.uasset" 260
"../../../RunningBack/Content/StarterContent/Audio/Starter_Music_Cue.uasset" 261
"../../../RunningBack/Content/StarterContent/Textures/T_Dust_Particle_D.uasset" 262
"../../../RunningBack/Content/StarterContent/Particles/Materials/M_Dust_Particle.uasset" 263
"../../../RunningBack/Content/StarterContent/Particles/P_Ambient_Dust.uasset" 264
"../../../RunningBack/Content/StarterContent/Props/MaterialSphere.uasset" 265
"../../../RunningBack/Content/StarterContent/Textures/T_Frame_M.uasset" 266
"../../../RunningBack/Content/StarterContent/Textures/T_Frame_N.uasset" 267
"../../../RunningBack/Content/StarterContent/Props/Materials/M_Frame.uasset" 268
"../../../RunningBack/Content/StarterContent/Props/SM_CornerFrame.uasset" 269
"../../../RunningBack/Content/StarterContent/Props/SM_DoorFrame.uasset" 270
"../../../RunningBack/Content/StarterContent/Materials/M_Glass.uasset" 271
"../../../RunningBack/Content/StarterContent/Props/SM_GlassWindow.uasset" 272
"../../../RunningBack/Content/StarterContent/Props/SM_PillarFrame.uasset" 273
"../../../RunningBack/Content/StarterContent/Props/SM_PillarFrame300.uasset" 274
"../../../RunningBack/Content/StarterContent/Props/SM_WindowFrame.uasset" 275
"../../../RunningBack/Content/StarterContent/Shapes/Shape_Cube.uasset" 276
"../../../RunningBack/Content/StarterContent/Shapes/Shape_QuadPyramid.uasset" 277
"../../../RunningBack/Content/StarterContent/Shapes/Shape_Sphere.uasset" 278
"../../../RunningBack/Content/StarterContent/Maps/StarterMap.umap" 279
"../../../RunningBack/Content/Vehicle/Sedan/Materials/M_Vehicle_Sedan.uasset" 280
"../../../RunningBack/Content/Vehicle/Sedan/Materials/M_Vehicle_Sedan_Inst.uasset" 281
"../../../RunningBack/Content/Vehicle/Sedan/Materials/M_Vehicle_Sedan_Inst_Glass.uasset" 282
"../../../RunningBack/Content/Vehicle/Sedan/Materials/M_Vehicle_Sedan_Inst_Headlights.uasset" 283
"../../../RunningBack/Content/Vehicle/Sedan/Materials/M_Vehicle_Sedan_Inst_Plastic.uasset" 284
"../../../RunningBack/Content/Vehicle/Sedan/Materials/M_Vehicle_Sedan_Inst_TailLights.uasset" 285
"../../../RunningBack/Content/Vehicle/Sedan/Materials/M_Vehicle_Sedan_Inst_Tires.uasset" 286
"../../../RunningBack/Content/Vehicle/Sedan/Materials/M_Vehicle_Sedan_Inst_Wheels.uasset" 287
"../../../RunningBack/Content/Vehicle/Sedan/Sedan_PhysicsAsset.uasset" 288
"../../../RunningBack/Content/Vehicle/Sedan/Sedan_SkelMesh.uasset" 289
"../../../RunningBack/Content/Vehicle/Sedan/Sedan_Skeleton.uasset" 290
"../../../RunningBack/Content/Vehicle/Sedan/Sedan_AnimBP.uasset" 291
"../../../RunningBack/Content/UI/UIGameMode.uasset" 292
"../../../RunningBack/Content/Blueprints/State.uasset" 293
"../../../RunningBack/Content/Blueprints/RBGameInstance.uasset" 294
"../../../RunningBack/Content/UI/StartMenu.uasset" 295
"../../../RunningBack/Content/Maps/MainMenuLevel.umap" 296
"../../../Engine/Content/EngineMaterials/DefaultDiffuse.uasset" 297
"../../../Engine/Content/EngineMaterials/DefaultNormal.uasset" 298
"../../../Engine/Content/Maps/Entry.umap" 299
"../../../RunningBack/Content/StarterContent/Blueprints/Assets/FogBrightnessLUT.uasset" 300
"../../../RunningBack/Content/StarterContent/Blueprints/Assets/SunlightColorLUT.uasset" 301
"../../../RunningBack/Content/StarterContent/Blueprints/Assets/M_LightStage_Arrows.uasset" 302
"../../../Engine/Content/MapTemplates/Sky/DaylightAmbientCubemap.uasset" 303
"../../../RunningBack/Content/StarterContent/Blueprints/Assets/M_LightStage_Skybox_Master.uasset" 304
"../../../RunningBack/Content/StarterContent/Blueprints/Assets/M_LightStage_Skybox_Black.uasset" 305
"../../../RunningBack/Content/StarterContent/Blueprints/Assets/M_LightStage_Skybox_HDRI.uasset" 306
"../../../Engine/Content/EditorMaterials/Thumbnails/SkySphereMaterial.uasset" 307
"../../../RunningBack/Content/StarterContent/Blueprints/Assets/Skybox.uasset" 308
"../../../RunningBack/Content/StarterContent/Blueprints/Assets/SM_Arrows.uasset" 309
"../../../RunningBack/Content/StarterContent/HDRI/HDRI_Epic_Courtyard_Daylight.uasset" 310
"../../../RunningBack/Content/StarterContent/Blueprints/BP_LightStudio.uasset" 311
"../../../RunningBack/Content/StarterContent/Materials/M_AssetPlatform.uasset" 312
"../../../Engine/Content/EditorMeshes/ColorCalibrator/M_ChromeBall.uasset" 313
"../../../Engine/Content/EditorMeshes/ColorCalibrator/M_ClearCoat.uasset" 314
"../../../Engine/Content/EditorMeshes/ColorCalibrator/M_ClearCoatBlack.uasset" 315
"../../../Engine/Content/EditorMeshes/ColorCalibrator/T_ColorGrid.uasset" 316
"../../../Engine/Content/EditorMeshes/ColorCalibrator/M_ColorGrid.uasset" 317
"../../../Engine/Content/EditorMeshes/ColorCalibrator/M_GreyBall.uasset" 318
"../../../Engine/Content/EditorMeshes/ColorCalibrator/SM_ColorCalibrator.uasset" 319
"../../../RunningBack/Content/StarterContent/Architecture/SM_AssetPlatform.uasset" 320
"../../../RunningBack/Content/StarterContent/Maps/Advanced_Lighting.umap" 321
"../../../Engine/Content/EngineFonts/Roboto.uasset" 322
"../../../Engine/Content/Functions/Engine_MaterialFunctions01/Shading/PowerToRoughness.uasset" 323
"../../../Engine/Content/Functions/Engine_MaterialFunctions01/Shading/ConvertFromDiffSpec.uasset" 324
"../../../Engine/Content/EngineMaterials/DefaultDeferredDecalMaterial.uasset" 325
"../../../Engine/Content/EngineMaterials/DefaultLightFunctionMaterial.uasset" 326
"../../../Engine/Content/Functions/Engine_MaterialFunctions02/Utility/BreakOutFloat2Components.uasset" 327
"../../../Engine/Content/EngineMaterials/DefaultPostProcessMaterial.uasset" 328
"../../../Engine/Content/EngineResources/DefaultTexture.uasset" 329
"../../../Engine/Content/Functions/Engine_MaterialFunctions02/Texturing/ScreenAlignedUVs.uasset" 330
"../../../Engine/Content/EngineResources/WhiteSquareTexture.uasset" 331
"../../../Engine/Content/EngineMaterials/Widget3DPassThrough.uasset" 332
"../../../Engine/Content/EngineMaterials/Widget3DPassThrough_Translucent.uasset" 333
"../../../Engine/Content/EngineMaterials/Widget3DPassThrough_Translucent_OneSided.uasset" 334
"../../../Engine/Content/EngineMaterials/Widget3DPassThrough_Opaque.uasset" 335
"../../../Engine/Content/EngineMaterials/Widget3DPassThrough_Opaque_OneSided.uasset" 336
"../../../Engine/Content/EngineMaterials/Widget3DPassThrough_Masked.uasset" 337
"../../../Engine/Content/EngineMaterials/Widget3DPassThrough_Masked_OneSided.uasset" 338
"../../../Engine/Content/EditorResources/S_Actor.uasset" 339
"../../../Engine/Content/Maps/Templates/Thumbnails/Default.uasset" 340
"../../../Engine/Content/EditorMaterials/ParticleSystems/PSysThumbnail_NoImage.uasset" 341
"../../../Engine/Content/EditorMaterials/ParticleSystems/PSysThumbnail_OOD.uasset" 342
"../../../Engine/Content/EditorLandscapeResources/DataLayer.uasset" 343
"../../../Engine/Content/EngineDamageTypes/DmgTypeBP_Environmental.uasset" 344
"../../../Engine/Content/EngineMeshes/Sphere.uasset" 345
"../../../Engine/Content/EngineMaterials/DefaultTextMaterialOpaque.uasset" 346
"../../../Engine/Content/EditorResources/S_Trigger.uasset" 347
"../../../Engine/Content/EngineResources/GradientTexture0.uasset" 348
"../../../Engine/Content/EngineResources/Black.uasset" 349
"../../../Engine/Content/EditorMaterials/MatineeGroups/MAT_Groups_Float.uasset" 350
"../../../Engine/Content/EditorMaterials/MatineeGroups/MAT_Groups_Director.uasset" 351
"../../../Engine/Content/EditorMaterials/MatineeGroups/MAT_Groups_Event.uasset" 352
"../../../Engine/Content/EditorMaterials/MatineeGroups/MAT_Groups_Anim.uasset" 353
"../../../Engine/Content/EditorMaterials/MatineeGroups/MAT_Groups_Fade.uasset" 354
"../../../Engine/Content/EditorMaterials/MatineeGroups/MAT_Groups_Move.uasset" 355
"../../../Engine/Content/EditorMaterials/MatineeGroups/MAT_Groups_Slomo.uasset" 356
"../../../Engine/Content/EditorMaterials/MatineeGroups/MAT_ColorTrack.uasset" 357
"../../../Engine/Content/EditorMaterials/MAT_Groups_Toggle.uasset" 358
"../../../Engine/Content/EditorMaterials/MatineeGroups/MAT_Groups_AudioMaster.uasset" 359
"../../../Engine/Content/EditorMaterials/MatineeGroups/MAT_Groups_Sound.uasset" 360
"../../../Engine/Content/EditorMaterials/MatineeGroups/MAT_Groups_Vector.uasset" 361
"../../../Engine/Content/EditorMaterials/MAT_Groups_Visibility.uasset" 362
"../../../Engine/Content/EngineResources/DefaultTextureCube.uasset" 363
"../../../Engine/Content/EngineMeshes/Cylinder.uasset" 364
"../../../Engine/Content/EngineTireTypes/DefaultTireType.uasset" 365
"../../../Engine/Content/EngineResources/AICON-Red.uasset" 366
"../../../Engine/Content/EngineResources/AICON-Green.uasset" 367
"../../../Engine/Content/Tutorial/Basics/TutorialAssets/icon_tab_Levels_40x.uasset" 368
"../../../Engine/Content/Tutorial/Basics/LevelEditorOverview.uasset" 369
"../../../Engine/Content/Tutorial/Basics/FeaturePacks.uasset" 370
"../../../Engine/Content/Tutorial/BlueprintTutorials/TutorialAssets/Blueprint_64x.uasset" 371
"../../../Engine/Content/Tutorial/BlueprintTutorials/BlueprintEditorTutorial.uasset" 372
"../../../Engine/Content/Tutorial/Basics/LevelEditorAttract.uasset" 373
"../../../Engine/Content/Tutorial/Code/AddingCode.uasset" 374
"../../../Engine/Content/Tutorial/Landscape/TutorialAssets/Landscape.uasset" 375
"../../../Engine/Content/Tutorial/Landscape/Landscape_Painting_Mode.uasset" 376
"../../../Engine/Content/Tutorial/Landscape/Landscape_Sculpt_Mode.uasset" 377
"../../../Engine/Content/Tutorial/Landscape/Landscape_Manage_Mode.uasset" 378
"../../../Engine/Content/Tutorial/Foliage/TutorialAssets/Foliage.uasset" 379
"../../../Engine/Content/Tutorial/Foliage/Foliage_Settings_Tutorial.uasset" 380
"../../../Engine/Content/Tutorial/Foliage/Foliage_Using_The_Tool_Tutorial.uasset" 381
"../../../Engine/Content/Tutorial/Foliage/Foliage_Intro_Tutorial.uasset" 382
"../../../Engine/Content/Tutorial/BlueprintTutorials/LevelBlueprintEditorOverview.uasset" 383
"../../../Engine/Content/Tutorial/ContentIntroCurve.uasset" 384
"../../../Engine/Plugins/2D/Paper2D/Content/PlaceholderTextures/DummySpriteTexture.uasset" 385
"../../../Engine/Plugins/2D/Paper2D/Content/DefaultSpriteMaterial.uasset" 386
"../../../Engine/Plugins/2D/Paper2D/Content/MaskedUnlitSpriteMaterial.uasset" 387
"../../../Engine/Plugins/2D/Paper2D/Content/OpaqueUnlitSpriteMaterial.uasset" 388
"../../../Engine/Plugins/2D/Paper2D/Content/DummySpriteTexture.uasset" 389
"../../../Engine/Plugins/2D/Paper2D/Content/DummySprite.uasset" 390
"../../../Engine/Plugins/2D/Paper2D/Content/DefaultPaperTerrainMaterial.uasset" 391
"../../../Engine/Plugins/Runtime/LeapMotionController/Content/LM_CapsuleMesh.uasset" 392
"../../../Engine/Plugins/Runtime/LeapMotionController/Content/LM_TorusMesh.uasset" 393
"../../../Engine/Plugins/Runtime/LeapMotionController/Content/LM_HandColor.uasset" 394
"../../../Engine/Plugins/Runtime/LeapMotionController/Content/LM_SampleDistortion.uasset" 395
"../../../Engine/Plugins/Runtime/LeapMotionController/Content/LM_TestTexture.uasset" 396
"../../../Engine/Plugins/Runtime/LeapMotionController/Content/LM_PassthroughMaterial.uasset" 397
"../../../Engine/Content/BasicShapes/Cube.uasset" 398
"../../../Engine/Content/EngineMaterials/RemoveSurfaceMaterial.uasset" 399
"../../../Engine/Content/EngineDebugMaterials/DebugMeshMaterial.uasset" 400
"../../../Engine/Content/EngineMaterials/InvalidLightmapSettings.uasset" 401
"../../../Engine/Content/EngineMaterials/M_InvalidLightmapSettings.uasset" 402
"../../../Engine/Content/EditorMaterials/GizmoMaterial.uasset" 403
"../../../Engine/Content/EngineMaterials/Good64x64TilingNoiseHighFreq.uasset" 404
"../../../Engine/Content/EngineMaterials/DefaultBokeh.uasset" 405
"../../../Engine/Content/EngineMaterials/PreintegratedSkinBRDF.uasset" 406
"../../../Engine/Content/EngineMaterials/MiniFont.uasset" 407
"../../../Engine/Content/EngineMaterials/WeightMapPlaceholderTexture.uasset" 408
"../../../Engine/Content/EngineMaterials/DefaultWhiteGrid.uasset" 409
"../../../Engine/Content/EngineMaterials/DefaultPhysicalMaterial.uasset" 410
"../../../Engine/Content/EngineFonts/RobotoTiny.uasset" 411
"../../../RunningBack/Content/StarterContent/Audio/Explosion01.uasset" 412
"../../../RunningBack/Content/StarterContent/Audio/Explosion02.uasset" 413
"../../../RunningBack/Content/StarterContent/Audio/Explosion_Cue.uasset" 414
"../../../RunningBack/Content/StarterContent/Textures/T_Burst_M.uasset" 415
"../../../RunningBack/Content/StarterContent/Particles/Materials/M_Burst.uasset" 416
"../../../RunningBack/Content/StarterContent/Textures/T_Explosion_SubUV.uasset" 417
"../../../RunningBack/Content/StarterContent/Particles/Materials/M_explosion_subUV.uasset" 418
"../../../RunningBack/Content/StarterContent/Particles/Materials/m_flare_01.uasset" 419
"../../../RunningBack/Content/StarterContent/Particles/Materials/M_radial_ramp.uasset" 420
"../../../RunningBack/Content/StarterContent/Particles/P_Explosion.uasset" 421
"../../../RunningBack/Content/StarterContent/Blueprints/Blueprint_Effect_Explosion.uasset" 422
"../../../RunningBack/Content/StarterContent/Audio/Light02.uasset" 423
"../../../RunningBack/Content/StarterContent/Audio/Light02_Cue.uasset" 424
"../../../RunningBack/Content/StarterContent/Audio/Light01.uasset" 425
"../../../RunningBack/Content/StarterContent/Audio/Light01_Cue.uasset" 426
"../../../RunningBack/Content/StarterContent/Architecture/Wall_Window_400x400.uasset" 427
"../../../RunningBack/Content/StarterContent/Architecture/Wall_Door_400x400.uasset" 428
"../../../RunningBack/Content/StarterContent/Architecture/Wall_500x500.uasset" 429
"../../../Engine/Content/MobileResources/HUD/MobileHUDDirectionPad.uasset" 430
"../../../RunningBack/Content/PlayGameMode.uasset" 431
"../../../Engine/Content/MobileResources/HUD/T_Castle_ThumbstickInner.uasset" 432
"../../../Engine/Content/MobileResources/HUD/MobileHUDButton3.uasset" 433
"../../../Engine/Content/MobileResources/HUD/MobileHUDButton1_off.uasset" 434
"../../../Engine/Content/EditorResources/EmptyActor.uasset" 435
"../../../Engine/Content/EditorResources/LightIcons/S_LightError.uasset" 436
"../../../RunningBack/Content/StarterContent/Shapes/Shape_Trim_90_Out.uasset" 437
"../../../RunningBack/Content/StarterContent/Shapes/Shape_Trim_90_In.uasset" 438
"../../../RunningBack/Content/StarterContent/Shapes/Shape_Trim.uasset" 439
"../../../RunningBack/Content/StarterContent/Shapes/Shape_Torus.uasset" 440
"../../../RunningBack/Content/StarterContent/Shapes/Shape_Plane.uasset" 441
"../../../RunningBack/Content/StarterContent/Shapes/Shape_Pipe_90.uasset" 442
"../../../RunningBack/Content/StarterContent/Shapes/Shape_Pipe_180.uasset" 443
"../../../RunningBack/Content/StarterContent/Shapes/Shape_Pipe.uasset" 444
"../../../RunningBack/Content/StarterContent/Shapes/Shape_NarrowCapsule.uasset" 445
"../../../RunningBack/Content/StarterContent/Shapes/Shape_Cylinder.uasset" 446
"../../../RunningBack/Content/StarterContent/Shapes/Shape_Cone.uasset" 447
"../../../RunningBack/Content/Blueprints/VehicleHUD.uasset" 448
"../../../RunningBack/Content/Blueprints/GameMode_BP.uasset" 449
"../../../Engine/Content/EditorResources/AudioIcons/S_AudioComponent_AutoActivate.uasset" 450
"../../../Engine/Content/EditorResources/AudioIcons/S_AudioComponent.uasset" 451
"../../../RunningBack/Content/Vehicle/Meshes/BaseMaterial.uasset" 452
"../../../RunningBack/Content/Vehicle/Meshes/WhiteMaterial.uasset" 453
"../../../RunningBack/Content/Vehicle/Meshes/RoughTerrain_StaticMesh.uasset" 454
"../../../RunningBack/Content/Vehicle/Meshes/OrangeMaterial.uasset" 455
"../../../RunningBack/Content/Vehicle/Meshes/GrayMaterial.uasset" 456
"../../../Engine/Content/MobileResources/HUD/MobileHUDButton2_on.uasset" 457
"../../../Engine/Content/MobileResources/T_MobileControls_texture.uasset" 458
"../../../Engine/Content/MobileResources/HUD/MobileHUDDirectionPad2.uasset" 459
"../../../RunningBack/Content/VehicleCPP/VehicleOverview.uasset" 460
"../../../Engine/Content/MobileResources/HUD/MobileHUDDirectionStick.uasset" 461
"../../../Engine/Content/MobileResources/HUD/MobileHUDButton1_on.uasset" 462
"../../../Engine/Content/MobileResources/HUD/AnalogHat.uasset" 463
"../../../Engine/Content/MobileResources/HUD/VirtualJoystick_Thumb.uasset" 464
"../../../RunningBack/Content/Vehicle/Textures/VehicleJoystick_BackgroundL.uasset" 465
"../../../RunningBack/Content/Vehicle/Textures/VehicleJoystick_BackgroundR.uasset" 466
"../../../RunningBack/Content/Vehicle/Sedan/SedanVirtualJoysticks.uasset" 467
"../../../RunningBack/Content/StarterContent/Shapes/Shape_Wedge_A.uasset" 468
"../../../RunningBack/Content/StarterContent/Shapes/Shape_Tube.uasset" 469
"../../../RunningBack/Content/StarterContent/Shapes/Shape_TriPyramid.uasset" 470
"../../../Engine/Content/MobileResources/HUD/VirtualJoystick_Background.uasset" 471
"../../../Engine/Content/MobileResources/HUD/DefaultVirtualJoysticks.uasset" 472
"../../../Engine/Content/MobileResources/HUD/MobileHUDButtonFire.uasset" 473
"../../../RunningBack/Content/StarterContent/Shapes/Shape_Wedge_B.uasset" 474
"../../../Engine/Content/MobileResources/HUD/MobileHUDButton2_off.uasset" 475
"../../../RunningBack/Content/StarterContent/Shapes/Shape_WideCapsule.uasset" 476
"../../../Engine/Content/MobileResources/HUD/LeftVirtualJoystickOnly.uasset" 477
"../../../Engine/Content/EditorMaterials/PhAT_JointLimitMaterial.uasset" 478
"../../../Engine/Content/EditorMaterials/PreviewShadowIndicator.uasset" 479
"../../../Engine/Content/EditorMaterials/PreviewShadowIndicatorMaterial.uasset" 480
"../../../Engine/Content/EditorResources/BSPVertex.uasset" 481
"../../../Engine/Content/EngineDebugMaterials/HeatmapGradient.uasset" 482
"../../../Engine/Content/EngineDebugMaterials/BoneWeightMaterial.uasset" 483
"../../../Engine/Content/EngineDebugMaterials/GeomMaterial.uasset" 484
"../../../Engine/Content/EngineMaterials/EditorBrushMaterial.uasset" 485
"../../../Engine/Content/MobileResources/T_MobileMenu2.uasset" 486
"../../../Engine/Content/MobileResources/HUD/MobileHUDDirectionPad3.uasset" 487
"../../../Engine/Content/MobileResources/HUD/T_Castle_ThumbstickOutter.uasset" 488
"../../../Engine/Content/Tutorial/BlueprintTutorials/TutorialAssets/BlueprintInterface_64x.uasset" 489
"../../../Engine/Content/Tutorial/BlueprintTutorials/TutorialAssets/Tutorial_BP_Interface.uasset" 490
"../../../Engine/Content/Tutorial/BlueprintTutorials/BlueprintInterfacesEditorOverview.uasset" 491
"../../../Engine/Content/Tutorial/BlueprintTutorials/TutorialAssets/BlueprintMacroLibrary_64x.uasset" 492
"../../../Engine/Content/Tutorial/BlueprintTutorials/TutorialAssets/Tutorial_BP_MacroLib.uasset" 493
"../../../Engine/Content/Tutorial/BlueprintTutorials/BlueprintMacroLibrariesEditorOverview.uasset" 494
"../../../Engine/Content/Tutorial/Paper2D/TutorialAssets/Paper2DFlipbook_TutorialIcon.uasset" 495
"../../../Engine/Content/Tutorial/Paper2D/FlipbookEditorTutorial.uasset" 496
"../../../Engine/Content/Tutorial/Paper2D/TutorialAssets/Paper2DSprite_TutorialIcon.uasset" 497
"../../../Engine/Content/Tutorial/Paper2D/SpriteEditorTutorial.uasset" 498
"../../../Engine/Content/EditorMeshes/EditorCube.uasset" 499
"../../../Engine/Content/Tutorial/SubEditors/TutorialAssets/Tutorial_DM.uasset" 500
"../../../Engine/Content/Tutorial/SubEditors/DestructibleMeshEditorTutorial.uasset" 501
"../../../Engine/Content/Tutorial/SubEditors/TutorialAssets/TutorialMaterial.uasset" 502
"../../../Engine/Content/Tutorial/SubEditors/MaterialEditorTutorial.uasset" 503
"../../../Engine/Content/Tutorial/SubEditors/TutorialAssets/T_SmokeSubUV_8X8.uasset" 504
"../../../Engine/Content/Tutorial/SubEditors/TutorialAssets/T_soft_smoke.uasset" 505
"../../../Engine/Content/Tutorial/SubEditors/TutorialAssets/M_smoke_subUV_blackbody.uasset" 506
"../../../Engine/Content/Tutorial/SubEditors/TutorialAssets/TutorialParticleSystem.uasset" 507
"../../../Engine/Content/Tutorial/SubEditors/ParticleSystemEditorTutorial.uasset" 508
"../../../Engine/Content/Tutorial/SubEditors/TutorialAssets/icon_ShowSkeletalMeshes_40x.uasset" 509
"../../../Engine/Content/Tutorial/SubEditors/TutorialAssets/Character/TutorialTPP_Mat.uasset" 510
"../../../Engine/Content/Tutorial/SubEditors/TutorialAssets/Character/TutorialTPP_PhysicsAsset.uasset" 511
"../../../Engine/Content/Tutorial/SubEditors/TutorialAssets/Character/TutorialTPP.uasset" 512
"../../../Engine/Content/Tutorial/SubEditors/TutorialAssets/Character/TutorialTPP_Skeleton.uasset" 513
"../../../Engine/Content/Tutorial/SubEditors/TutorialAssets/Character/Tutorial_Idle.uasset" 514
"../../../Engine/Content/Tutorial/SubEditors/TutorialAssets/Character/Tutorial_Walk_Fwd.uasset" 515
"../../../Engine/Content/Tutorial/SubEditors/TutorialAssets/Character/NewBlendSpace1D.uasset" 516
"../../../Engine/Content/Tutorial/SubEditors/TutorialAssets/Character/TutorialCharacter.uasset" 517
"../../../Engine/Content/Tutorial/SubEditors/TutorialAssets/Character/TutorialTPP_AnimBlueprint.uasset" 518
"../../../Engine/Content/Tutorial/SubEditors/PersonaAnimBlueprintEditorWalkthrough.uasset" 519
"../../../Engine/Content/Tutorial/SubEditors/PersonaAnimEditorWalkthrough.uasset" 520
"../../../Engine/Content/EngineMeshes/Cube.uasset" 521
"../../../Engine/Content/Tutorial/SubEditors/StaticMeshEditorTutorial.uasset" 522
"../../../Engine/Content/Tutorial/SubEditors/TutorialAssets/icon_Editor_Preferences_General_40x.uasset" 523
"../../../RunningBack/Content/StartLevel.uasset" 524
"../../../RunningBack/Content/Assets/Textures/T_Crackle.uasset" 525
"../../../RunningBack/Content/Assets/Textures/T_Crackle_N.uasset" 526
"../../../RunningBack/Content/Assets/Textures/T_Statue_M.uasset" 527
"../../../RunningBack/Content/Assets/Textures/T_Statue_N.uasset" 528
"../../../RunningBack/Content/Assets/Materials/M_Statue.uasset" 529
"../../../RunningBack/Content/Assets/Materials/M_Statue_Inst.uasset" 530
"../../../RunningBack/Content/Assets/Meshes/SM_Statue.uasset" 531
"../../../RunningBack/Content/Geometry/Meshes/CubeMaterial.uasset" 532
"../../../RunningBack/Content/Geometry/Meshes/1M_Cube.uasset" 533
"../../../RunningBack/Content/Blueprints/Attachable_BP.uasset" 534
"../../../RunningBack/Content/FirstPerson/Meshes/BaseMaterial.uasset" 535
"../../../RunningBack/Content/FirstPerson/Meshes/FirstPersonProjectileMaterial.uasset" 536
"../../../RunningBack/Content/FirstPerson/Meshes/FirstPersonProjectileMesh.uasset" 537
"../../../RunningBack/Content/Blueprints/Projectile_BP.uasset" 538
"../../../RunningBack/Content/Blueprints/RunningBackHud_BP.uasset" 539
"../../../RunningBack/Content/Geometry/Meshes/1M_Cube_Chamfer.uasset" 540
"../../../RunningBack/Content/Geometry/Meshes/TemplateFloor.uasset" 541
"../../../RunningBack/Content/StarterContent/Architecture/Pillar_50x500.uasset" 542
"../../../RunningBack/Content/StarterContent/Architecture/Wall_400x300.uasset" 543
"../../../RunningBack/Content/StarterContent/Architecture/Wall_400x400.uasset" 544
"../../../RunningBack/Content/StarterContent/Materials/M_ColorGrid_LowSpec.uasset" 545
"../../../RunningBack/Content/StarterContent/Textures/T_Bush_D.uasset" 546
"../../../RunningBack/Content/StarterContent/Textures/T_Bush_N.uasset" 547
"../../../RunningBack/Content/StarterContent/Props/Materials/M_Bush.uasset" 548
"../../../RunningBack/Content/StarterContent/Props/SM_Bush.uasset" 549
"../../../RunningBack/Content/StarterContent/Props/SM_Couch.uasset" 550
"../../../RunningBack/Content/StarterContent/Textures/T_Door_M.uasset" 551
"../../../RunningBack/Content/StarterContent/Textures/T_Door_N.uasset" 552
"../../../RunningBack/Content/StarterContent/Props/Materials/M_Door.uasset" 553
"../../../RunningBack/Content/StarterContent/Props/SM_Door.uasset" 554
"../../../RunningBack/Content/StarterContent/Props/Materials/M_MaterialSphere.uasset" 555
"../../../RunningBack/Content/StarterContent/Props/Materials/M_MaterialSphere_Plain.uasset" 556
"../../../RunningBack/Content/StarterContent/Props/SM_MatPreviewMesh_02.uasset" 557
"../../../RunningBack/Content/StarterContent/Textures/T_RockMesh_M.uasset" 558
"../../../RunningBack/Content/StarterContent/Textures/T_RockMesh_N.uasset" 559
"../../../RunningBack/Content/StarterContent/Props/Materials/M_Rock.uasset" 560
"../../../RunningBack/Content/StarterContent/Props/SM_Rock.uasset" 561
"../../../RunningBack/Content/StarterContent/Textures/T_Shelf_M.uasset" 562
"../../../RunningBack/Content/StarterContent/Textures/T_Shelf_N.uasset" 563
"../../../RunningBack/Content/StarterContent/Props/Materials/M_Shelf.uasset" 564
"../../../RunningBack/Content/StarterContent/Props/SM_Shelf.uasset" 565
"../../../RunningBack/Content/StarterContent/Materials/M_Basic_Floor.uasset" 566
"../../../RunningBack/Content/StarterContent/Props/SM_Stairs.uasset" 567
"../../../RunningBack/Content/Vehicle/Sedan/Sedan_PhysMat.uasset" 568
"../../../RunningBack/Content/Vehicle/Sedan/Materials/M_Vehicle_Sedan_Inst_Paint.uasset" 569
