"../../../Engine/Content/Functions/Engine_MaterialFunctions01/Opacity/CameraDepthFade.uasset" 0
"../../../Engine/Content/EngineMaterials/T_Default_Material_Grid_M.uasset" 1
"../../../Engine/Content/EngineMaterials/T_Default_Material_Grid_N.uasset" 2
"../../../Engine/Content/EngineMaterials/DefaultMaterial.uasset" 3
"../../../Engine/Content/EngineMaterials/DefaultDiffuse.uasset" 4
"../../../Engine/Content/EngineMaterials/DefaultNormal.uasset" 5
"../../../Engine/Content/Maps/Entry.umap" 6
"../../../Engine/Content/EditorBlueprintResources/ActorMacros.uasset" 7
"../../../Engine/Content/EditorBlueprintResources/StandardMacros.uasset" 8
"../../../RunningBack/Content/Blueprints/State.uasset" 9
"../../../RunningBack/Content/Blueprints/RBGameInstance.uasset" 10
"../../../RunningBack/Content/StarterContent/Textures/T_MacroVariation.uasset" 11
"../../../RunningBack/Content/StarterContent/Textures/T_Metal_Gold_D.uasset" 12
"../../../RunningBack/Content/StarterContent/Textures/T_Metal_Gold_N.uasset" 13
"../../../RunningBack/Content/StarterContent/Materials/M_Metal_Gold.uasset" 14
"../../../Engine/Content/EngineMaterials/WorldGridMaterial.uasset" 15
"../../../RunningBack/Content/Vehicle/Meshes/Flak_37.uasset" 16
"../../../RunningBack/Content/Blueprints/Attachable_BP.uasset" 17
"../../../RunningBack/Content/Blueprints/Pawn/RunningBackWheelFront.uasset" 18
"../../../RunningBack/Content/Blueprints/Pawn/RunningBackWheelRear.uasset" 19
"../../../RunningBack/Content/FirstPerson/Meshes/BaseMaterial.uasset" 20
"../../../RunningBack/Content/FirstPerson/Meshes/FirstPersonProjectileMaterial.uasset" 21
"../../../RunningBack/Content/FirstPerson/Meshes/FirstPersonProjectileMesh.uasset" 22
"../../../RunningBack/Content/Blueprints/Projectile_BP.uasset" 23
"../../../RunningBack/Content/Blueprints/StateOfPlayer.uasset" 24
"../../../RunningBack/Content/Blueprints/RBPlayerState_BP.uasset" 25
"../../../RunningBack/Content/Vehicle/RunningBack/FlyingCar_StaticMesh/blue.uasset" 26
"../../../RunningBack/Content/Vehicle/RunningBack/FlyingCar_StaticMesh/blue_texture.uasset" 27
"../../../RunningBack/Content/Vehicle/RunningBack/FlyingCar_StaticMesh/red.uasset" 28
"../../../RunningBack/Content/Vehicle/RunningBack/FlyingCar_StaticMesh/red_texture.uasset" 29
"../../../RunningBack/Content/Vehicle/RunningBack/red.uasset" 30
"../../../RunningBack/Content/Vehicle/RunningBack/red_texture.uasset" 31
"../../../RunningBack/Content/Blueprints/StateOfGame.uasset" 32
"../../../RunningBack/Content/Blueprints/Pawn/RunningBackPawn_BP.uasset" 33
"../../../RunningBack/Content/Blueprints/Team.uasset" 34
"../../../RunningBack/Content/Blueprints/TeamPlayerStart.uasset" 35
"../../../RunningBack/Content/UI/Countdown.uasset" 36
"../../../RunningBack/Content/Assets/Crosshair/crosshair.uasset" 37
"../../../RunningBack/Content/UI/CrossHair.uasset" 38
"../../../RunningBack/Content/UI/WinScreen.uasset" 39
"../../../RunningBack/Content/Blueprints/GameModes/RBGameMode_BP.uasset" 40
"../../../RunningBack/Content/Blueprints/GameModes/LobbyGameMode_BP.uasset" 41
"../../../RunningBack/Content/UI/LobbyPlayerRow.uasset" 42
"../../../RunningBack/Content/UI/GameLobby.uasset" 43
"../../../RunningBack/Content/UI/PlayerScoreRow.uasset" 44
"../../../RunningBack/Content/UI/Scoreboard.uasset" 45
"../../../RunningBack/Content/UI/HUD.uasset" 46
"../../../RunningBack/Content/UI/PauseMenu.uasset" 47
"../../../RunningBack/Content/Blueprints/RBPlayerController_BP.uasset" 48
"../../../RunningBack/Content/Blueprints/RBGameState_BP.uasset" 49
"../../../RunningBack/Content/Blueprints/GameModes/UIGameMode.uasset" 50
"../../../RunningBack/Content/StarterContent/Textures/T_Tech_Hex_Tile_M.uasset" 51
"../../../RunningBack/Content/StarterContent/Textures/T_Tech_Hex_Tile_N.uasset" 52
"../../../RunningBack/Content/StarterContent/Materials/M_Tech_Hex_Tile_Pulse.uasset" 53
"../../../RunningBack/Content/Sounds/Music/MainMenu.uasset" 54
"../../../RunningBack/Content/UI/StartMenu.uasset" 55
"../../../RunningBack/Content/Vehicle/RunningBack/FlyingCar_StaticMesh/default2.uasset" 56
"../../../RunningBack/Content/Vehicle/RunningBack/FlyingCar_StaticMesh/default_brakelights1.uasset" 57
"../../../RunningBack/Content/Vehicle/RunningBack/FlyingCar_StaticMesh/gm1.uasset" 58
"../../../RunningBack/Content/Vehicle/RunningBack/FlyingCar_StaticMesh/default_cockpit_console_displays1.uasset" 59
"../../../RunningBack/Content/Vehicle/RunningBack/FlyingCar_StaticMesh/yx1_02_01_01.uasset" 60
"../../../RunningBack/Content/Vehicle/RunningBack/FlyingCar_StaticMesh/default_cushions1.uasset" 61
"../../../RunningBack/Content/Vehicle/RunningBack/FlyingCar_StaticMesh/fx1.uasset" 62
"../../../RunningBack/Content/Vehicle/RunningBack/FlyingCar_StaticMesh/default_display_center_front1.uasset" 63
"../../../RunningBack/Content/Vehicle/RunningBack/FlyingCar_StaticMesh/gt3_02_01_01_01.uasset" 64
"../../../RunningBack/Content/Vehicle/RunningBack/FlyingCar_StaticMesh/default_display_center_rear1.uasset" 65
"../../../RunningBack/Content/Vehicle/RunningBack/FlyingCar_StaticMesh/default_headlights1.uasset" 66
"../../../RunningBack/Content/Vehicle/RunningBack/FlyingCar_StaticMesh/default_name1.uasset" 67
"../../../RunningBack/Content/Vehicle/RunningBack/FlyingCar_StaticMesh/default_rotor_blades1.uasset" 68
"../../../RunningBack/Content/Vehicle/RunningBack/FlyingCar_StaticMesh/default_top_display1.uasset" 69
"../../../RunningBack/Content/Vehicle/RunningBack/FlyingCar_StaticMesh/flyingcar.uasset" 70
"../../../RunningBack/Content/Maps/MainMenuLevel.umap" 71
"../../../Engine/Content/EngineFonts/Roboto.uasset" 72
"../../../Engine/Content/Functions/Engine_MaterialFunctions01/Shading/PowerToRoughness.uasset" 73
"../../../Engine/Content/Functions/Engine_MaterialFunctions01/Shading/ConvertFromDiffSpec.uasset" 74
"../../../Engine/Content/EngineMaterials/DefaultDeferredDecalMaterial.uasset" 75
"../../../Engine/Content/EngineMaterials/DefaultLightFunctionMaterial.uasset" 76
"../../../Engine/Content/Functions/Engine_MaterialFunctions02/Utility/BreakOutFloat2Components.uasset" 77
"../../../Engine/Content/EngineMaterials/DefaultPostProcessMaterial.uasset" 78
"../../../Engine/Content/EngineResources/DefaultTexture.uasset" 79
"../../../Engine/Content/Functions/Engine_MaterialFunctions02/Texturing/ScreenAlignedUVs.uasset" 80
"../../../Engine/Content/EngineResources/WhiteSquareTexture.uasset" 81
"../../../Engine/Content/EngineMaterials/Widget3DPassThrough.uasset" 82
"../../../Engine/Content/EngineMaterials/Widget3DPassThrough_Translucent.uasset" 83
"../../../Engine/Content/EngineMaterials/Widget3DPassThrough_Translucent_OneSided.uasset" 84
"../../../Engine/Content/EngineMaterials/Widget3DPassThrough_Opaque.uasset" 85
"../../../Engine/Content/EngineMaterials/Widget3DPassThrough_Opaque_OneSided.uasset" 86
"../../../Engine/Content/EngineMaterials/Widget3DPassThrough_Masked.uasset" 87
"../../../Engine/Content/EngineMaterials/Widget3DPassThrough_Masked_OneSided.uasset" 88
"../../../Engine/Content/EditorResources/S_Actor.uasset" 89
"../../../Engine/Content/Maps/Templates/Thumbnails/Default.uasset" 90
"../../../Engine/Content/EditorMaterials/ParticleSystems/PSysThumbnail_NoImage.uasset" 91
"../../../Engine/Content/EditorMaterials/ParticleSystems/PSysThumbnail_OOD.uasset" 92
"../../../Engine/Content/EditorLandscapeResources/DataLayer.uasset" 93
"../../../Engine/Content/EngineDamageTypes/DmgTypeBP_Environmental.uasset" 94
"../../../Engine/Content/EngineMeshes/Sphere.uasset" 95
"../../../Engine/Content/EngineFonts/RobotoDistanceField.uasset" 96
"../../../Engine/Content/EngineMaterials/DefaultTextMaterialOpaque.uasset" 97
"../../../Engine/Content/EditorResources/S_Trigger.uasset" 98
"../../../Engine/Content/EngineResources/GradientTexture0.uasset" 99
"../../../Engine/Content/EngineResources/Black.uasset" 100
"../../../Engine/Content/EditorMaterials/MatineeGroups/MAT_Groups_Float.uasset" 101
"../../../Engine/Content/EditorMaterials/MatineeGroups/MAT_Groups_Director.uasset" 102
"../../../Engine/Content/EditorMaterials/MatineeGroups/MAT_Groups_Event.uasset" 103
"../../../Engine/Content/EditorMaterials/MatineeGroups/MAT_Groups_Anim.uasset" 104
"../../../Engine/Content/EditorMaterials/MatineeGroups/MAT_Groups_Fade.uasset" 105
"../../../Engine/Content/EditorMaterials/MatineeGroups/MAT_Groups_Move.uasset" 106
"../../../Engine/Content/EditorMaterials/MatineeGroups/MAT_Groups_Slomo.uasset" 107
"../../../Engine/Content/EditorMaterials/MatineeGroups/MAT_ColorTrack.uasset" 108
"../../../Engine/Content/EditorMaterials/MAT_Groups_Toggle.uasset" 109
"../../../Engine/Content/EditorMaterials/MatineeGroups/MAT_Groups_AudioMaster.uasset" 110
"../../../Engine/Content/EditorMaterials/MatineeGroups/MAT_Groups_Sound.uasset" 111
"../../../Engine/Content/EditorMaterials/MatineeGroups/MAT_Groups_Vector.uasset" 112
"../../../Engine/Content/EditorMaterials/MAT_Groups_Visibility.uasset" 113
"../../../Engine/Content/EngineResources/DefaultTextureCube.uasset" 114
"../../../Engine/Content/EngineMeshes/Cylinder.uasset" 115
"../../../Engine/Content/EngineTireTypes/DefaultTireType.uasset" 116
"../../../Engine/Content/EngineResources/AICON-Red.uasset" 117
"../../../Engine/Content/EngineResources/AICON-Green.uasset" 118
"../../../Engine/Content/Tutorial/Basics/TutorialAssets/icon_tab_Levels_40x.uasset" 119
"../../../Engine/Content/Tutorial/Basics/LevelEditorOverview.uasset" 120
"../../../Engine/Content/Tutorial/Basics/FeaturePacks.uasset" 121
"../../../Engine/Content/Tutorial/BlueprintTutorials/TutorialAssets/Blueprint_64x.uasset" 122
"../../../Engine/Content/Tutorial/BlueprintTutorials/BlueprintEditorTutorial.uasset" 123
"../../../Engine/Content/Tutorial/Basics/LevelEditorAttract.uasset" 124
"../../../Engine/Content/Tutorial/Code/AddingCode.uasset" 125
"../../../Engine/Content/Tutorial/Landscape/TutorialAssets/Landscape.uasset" 126
"../../../Engine/Content/Tutorial/Landscape/Landscape_Painting_Mode.uasset" 127
"../../../Engine/Content/Tutorial/Landscape/Landscape_Sculpt_Mode.uasset" 128
"../../../Engine/Content/Tutorial/Landscape/Landscape_Manage_Mode.uasset" 129
"../../../Engine/Content/Tutorial/Foliage/TutorialAssets/Foliage.uasset" 130
"../../../Engine/Content/Tutorial/Foliage/Foliage_Settings_Tutorial.uasset" 131
"../../../Engine/Content/Tutorial/Foliage/Foliage_Using_The_Tool_Tutorial.uasset" 132
"../../../Engine/Content/Tutorial/Foliage/Foliage_Intro_Tutorial.uasset" 133
"../../../Engine/Content/Tutorial/BlueprintTutorials/LevelBlueprintEditorOverview.uasset" 134
"../../../Engine/Content/EngineMeshes/Cube.uasset" 135
"../../../Engine/Content/Tutorial/SubEditors/StaticMeshEditorTutorial.uasset" 136
"../../../Engine/Content/Tutorial/ContentIntroCurve.uasset" 137
"../../../Engine/Plugins/2D/Paper2D/Content/PlaceholderTextures/DummySpriteTexture.uasset" 138
"../../../Engine/Plugins/2D/Paper2D/Content/DefaultSpriteMaterial.uasset" 139
"../../../Engine/Plugins/2D/Paper2D/Content/MaskedUnlitSpriteMaterial.uasset" 140
"../../../Engine/Plugins/2D/Paper2D/Content/OpaqueUnlitSpriteMaterial.uasset" 141
"../../../Engine/Plugins/2D/Paper2D/Content/DummySpriteTexture.uasset" 142
"../../../Engine/Plugins/2D/Paper2D/Content/DummySprite.uasset" 143
"../../../Engine/Plugins/2D/Paper2D/Content/DefaultPaperTerrainMaterial.uasset" 144
"../../../RunningBack/Content/Vehicle/Meshes/Aircraft_Carrier/tranparency.uasset" 145
"../../../RunningBack/Content/Vehicle/RunningBack/default2.uasset" 146
"../../../RunningBack/Content/Vehicle/RunningBack/default_brakelights1.uasset" 147
"../../../RunningBack/Content/Vehicle/RunningBack/gm1.uasset" 148
"../../../RunningBack/Content/Vehicle/RunningBack/default_cockpit_console_displays1.uasset" 149
"../../../RunningBack/Content/Vehicle/RunningBack/yx1_02_01_01.uasset" 150
"../../../RunningBack/Content/Vehicle/RunningBack/default_cushions1.uasset" 151
"../../../RunningBack/Content/Vehicle/RunningBack/fx1.uasset" 152
"../../../RunningBack/Content/Vehicle/RunningBack/default_display_center_front1.uasset" 153
"../../../RunningBack/Content/Vehicle/RunningBack/gt3_02_01_01_01.uasset" 154
"../../../RunningBack/Content/Vehicle/RunningBack/default_display_center_rear1.uasset" 155
"../../../RunningBack/Content/Vehicle/RunningBack/default_headlights1.uasset" 156
"../../../RunningBack/Content/Vehicle/RunningBack/default_name1.uasset" 157
"../../../RunningBack/Content/Vehicle/RunningBack/default_rotor_blades1.uasset" 158
"../../../RunningBack/Content/Vehicle/RunningBack/default_top_display1.uasset" 159
"../../../RunningBack/Content/Vehicle/RunningBack/Flying_Car_PhysicsAsset.uasset" 160
"../../../RunningBack/Content/Vehicle/RunningBack/Flying_Car.uasset" 161
"../../../RunningBack/Content/Vehicle/RunningBack/Flying_Car_Skeleton.uasset" 162
"../../../RunningBack/Content/Vehicle/RunningBack/FlyingCar_ABP.uasset" 163
"../../../Engine/Plugins/Runtime/LeapMotionController/Content/LM_CapsuleMesh.uasset" 164
"../../../Engine/Plugins/Runtime/LeapMotionController/Content/LM_TorusMesh.uasset" 165
"../../../Engine/Plugins/Runtime/LeapMotionController/Content/LM_HandColor.uasset" 166
"../../../Engine/Plugins/Runtime/LeapMotionController/Content/LM_SampleDistortion.uasset" 167
"../../../Engine/Plugins/Runtime/LeapMotionController/Content/LM_TestTexture.uasset" 168
"../../../Engine/Plugins/Runtime/LeapMotionController/Content/LM_PassthroughMaterial.uasset" 169
"../../../Engine/Content/BasicShapes/Cube.uasset" 170
"../../../Engine/Content/EngineMaterials/RemoveSurfaceMaterial.uasset" 171
"../../../Engine/Content/EngineDebugMaterials/DebugMeshMaterial.uasset" 172
"../../../Engine/Content/EngineMaterials/InvalidLightmapSettings.uasset" 173
"../../../Engine/Content/EngineMaterials/M_InvalidLightmapSettings.uasset" 174
"../../../Engine/Content/EditorMaterials/GizmoMaterial.uasset" 175
"../../../Engine/Content/EngineMaterials/Good64x64TilingNoiseHighFreq.uasset" 176
"../../../Engine/Content/EngineMaterials/DefaultBokeh.uasset" 177
"../../../Engine/Content/EngineMaterials/PreintegratedSkinBRDF.uasset" 178
"../../../Engine/Content/EngineMaterials/MiniFont.uasset" 179
"../../../Engine/Content/EngineMaterials/WeightMapPlaceholderTexture.uasset" 180
"../../../Engine/Content/EngineMaterials/DefaultWhiteGrid.uasset" 181
"../../../Engine/Content/EngineMaterials/DefaultPhysicalMaterial.uasset" 182
"../../../Engine/Content/EngineFonts/RobotoTiny.uasset" 183
"../../../RunningBack/Content/UI/LobbyGameMode.uasset" 184
"../../../RunningBack/Content/Vehicle/Meshes/mat_Glass_Brokensides_m.uasset" 185
"../../../RunningBack/Content/Vehicle/Meshes/Mr_Freeze_Gun_D_Mat.uasset" 186
"../../../RunningBack/Content/Vehicle/Meshes/FreezeGun.uasset" 187
"../../../RunningBack/Content/UI/CustomizationMenu.uasset" 188
"../../../Engine/Content/EditorResources/EmptyActor.uasset" 189
"../../../Engine/Content/MobileResources/HUD/MobileHUDButton1_on.uasset" 190
"../../../Engine/Content/MobileResources/HUD/VirtualJoystick_Background.uasset" 191
"../../../Engine/Content/MobileResources/HUD/VirtualJoystick_Thumb.uasset" 192
"../../../Engine/Content/MobileResources/HUD/DefaultVirtualJoysticks.uasset" 193
"../../../Engine/Content/MobileResources/HUD/AnalogHat.uasset" 194
"../../../Engine/Content/MobileResources/HUD/MobileHUDDirectionStick.uasset" 195
"../../../RunningBack/Content/UI/UIGameMode.uasset" 196
"../../../Engine/Content/MobileResources/HUD/MobileHUDButtonFire.uasset" 197
"../../../Engine/Content/MobileResources/HUD/T_Castle_ThumbstickOutter.uasset" 198
"../../../Engine/Content/MobileResources/HUD/T_Castle_ThumbstickInner.uasset" 199
"../../../Engine/Content/MobileResources/HUD/MobileHUDButton3.uasset" 200
"../../../Engine/Content/MobileResources/HUD/MobileHUDButton2_off.uasset" 201
"../../../Engine/Content/MobileResources/T_MobileControls_texture.uasset" 202
"../../../Engine/Content/MobileResources/HUD/MobileHUDDirectionPad2.uasset" 203
"../../../Engine/Content/MobileResources/HUD/MobileHUDDirectionPad3.uasset" 204
"../../../Engine/Content/MobileResources/HUD/MobileHUDDirectionPad.uasset" 205
"../../../Engine/Content/MobileResources/HUD/MobileHUDButton1_off.uasset" 206
"../../../Engine/Content/MobileResources/T_MobileMenu2.uasset" 207
"../../../Engine/Content/MobileResources/HUD/LeftVirtualJoystickOnly.uasset" 208
"../../../Engine/Content/MobileResources/HUD/MobileHUDButton2_on.uasset" 209
"../../../Engine/Content/EditorMaterials/PhAT_JointLimitMaterial.uasset" 210
"../../../Engine/Content/EditorMaterials/PreviewShadowIndicator.uasset" 211
"../../../Engine/Content/EditorMaterials/PreviewShadowIndicatorMaterial.uasset" 212
"../../../Engine/Content/EditorMeshes/ColorCalibrator/M_ChromeBall.uasset" 213
"../../../Engine/Content/EditorMeshes/ColorCalibrator/M_ClearCoat.uasset" 214
"../../../Engine/Content/EditorMeshes/ColorCalibrator/M_ClearCoatBlack.uasset" 215
"../../../Engine/Content/EditorMeshes/ColorCalibrator/T_ColorGrid.uasset" 216
"../../../Engine/Content/EditorMeshes/ColorCalibrator/M_ColorGrid.uasset" 217
"../../../Engine/Content/EditorMeshes/ColorCalibrator/M_GreyBall.uasset" 218
"../../../Engine/Content/EditorMeshes/ColorCalibrator/SM_ColorCalibrator.uasset" 219
"../../../Engine/Content/EditorResources/BSPVertex.uasset" 220
"../../../Engine/Content/EngineDebugMaterials/HeatmapGradient.uasset" 221
"../../../Engine/Content/EngineDebugMaterials/BoneWeightMaterial.uasset" 222
"../../../Engine/Content/EngineDebugMaterials/GeomMaterial.uasset" 223
"../../../Engine/Content/EngineMaterials/EditorBrushMaterial.uasset" 224
"../../../Engine/Content/Tutorial/BlueprintTutorials/TutorialAssets/BlueprintInterface_64x.uasset" 225
"../../../Engine/Content/Tutorial/BlueprintTutorials/TutorialAssets/Tutorial_BP_Interface.uasset" 226
"../../../Engine/Content/Tutorial/BlueprintTutorials/BlueprintInterfacesEditorOverview.uasset" 227
"../../../Engine/Content/Tutorial/BlueprintTutorials/TutorialAssets/BlueprintMacroLibrary_64x.uasset" 228
"../../../Engine/Content/Tutorial/BlueprintTutorials/TutorialAssets/Tutorial_BP_MacroLib.uasset" 229
"../../../Engine/Content/Tutorial/BlueprintTutorials/BlueprintMacroLibrariesEditorOverview.uasset" 230
"../../../Engine/Content/Tutorial/Paper2D/TutorialAssets/Paper2DFlipbook_TutorialIcon.uasset" 231
"../../../Engine/Content/Tutorial/Paper2D/FlipbookEditorTutorial.uasset" 232
"../../../Engine/Content/Tutorial/Paper2D/TutorialAssets/Paper2DSprite_TutorialIcon.uasset" 233
"../../../Engine/Content/Tutorial/Paper2D/SpriteEditorTutorial.uasset" 234
"../../../Engine/Content/EditorMeshes/EditorCube.uasset" 235
"../../../Engine/Content/Tutorial/SubEditors/TutorialAssets/Tutorial_DM.uasset" 236
"../../../Engine/Content/Tutorial/SubEditors/DestructibleMeshEditorTutorial.uasset" 237
"../../../Engine/Content/Tutorial/SubEditors/TutorialAssets/TutorialMaterial.uasset" 238
"../../../Engine/Content/Tutorial/SubEditors/MaterialEditorTutorial.uasset" 239
"../../../Engine/Content/Tutorial/SubEditors/TutorialAssets/T_SmokeSubUV_8X8.uasset" 240
"../../../Engine/Content/Tutorial/SubEditors/TutorialAssets/T_soft_smoke.uasset" 241
"../../../Engine/Content/Tutorial/SubEditors/TutorialAssets/M_smoke_subUV_blackbody.uasset" 242
"../../../Engine/Content/Tutorial/SubEditors/TutorialAssets/TutorialParticleSystem.uasset" 243
"../../../Engine/Content/Tutorial/SubEditors/ParticleSystemEditorTutorial.uasset" 244
"../../../Engine/Content/Tutorial/SubEditors/TutorialAssets/icon_ShowSkeletalMeshes_40x.uasset" 245
"../../../Engine/Content/Tutorial/SubEditors/TutorialAssets/Character/TutorialTPP_Mat.uasset" 246
"../../../Engine/Content/Tutorial/SubEditors/TutorialAssets/Character/TutorialTPP_PhysicsAsset.uasset" 247
"../../../Engine/Content/Tutorial/SubEditors/TutorialAssets/Character/TutorialTPP.uasset" 248
"../../../Engine/Content/Tutorial/SubEditors/TutorialAssets/Character/TutorialTPP_Skeleton.uasset" 249
"../../../Engine/Content/Tutorial/SubEditors/TutorialAssets/Character/Tutorial_Idle.uasset" 250
"../../../Engine/Content/Tutorial/SubEditors/TutorialAssets/Character/Tutorial_Walk_Fwd.uasset" 251
"../../../Engine/Content/Tutorial/SubEditors/TutorialAssets/Character/NewBlendSpace1D.uasset" 252
"../../../Engine/Content/Tutorial/SubEditors/TutorialAssets/Character/TutorialCharacter.uasset" 253
"../../../Engine/Content/Tutorial/SubEditors/TutorialAssets/Character/TutorialTPP_AnimBlueprint.uasset" 254
"../../../Engine/Content/Tutorial/SubEditors/PersonaAnimBlueprintEditorWalkthrough.uasset" 255
"../../../Engine/Content/Tutorial/SubEditors/PersonaAnimEditorWalkthrough.uasset" 256
"../../../Engine/Content/Tutorial/SubEditors/TutorialAssets/icon_Editor_Preferences_General_40x.uasset" 257
