"D:/Documents/GitHub/RunningBack/RunningBack.uproject" 1
"../../../Engine/Plugins/2D/Paper2D/Paper2D.uplugin" 2
"../../../Engine/Plugins/Blendables/LightPropagationVolume/LightPropagationVolume.uplugin" 3
"../../../Engine/Plugins/Developer/BlankPlugin/BlankPlugin.uplugin" 4
"../../../Engine/Plugins/Developer/CodeLiteSourceCodeAccess/CodeLiteSourceCodeAccess.uplugin" 5
"../../../Engine/Plugins/Developer/GitSourceControl/GitSourceControl.uplugin" 6
"../../../Engine/Plugins/Developer/KDevelopSourceCodeAccess/KDevelopSourceCodeAccess.uplugin" 7
"../../../Engine/Plugins/Developer/NullSourceCodeAccess/NullSourceCodeAccess.uplugin" 8
"../../../Engine/Plugins/Developer/OneSkyLocalizationService/OneSkyLocalizationService.uplugin" 9
"../../../Engine/Plugins/Developer/PerforceSourceControl/PerforceSourceControl.uplugin" 10
"../../../Engine/Plugins/Developer/SubversionSourceControl/SubversionSourceControl.uplugin" 11
"../../../Engine/Plugins/Developer/UObjectPlugin/UObjectPlugin.uplugin" 12
"../../../Engine/Plugins/Developer/VisualStudioSourceCodeAccess/VisualStudioSourceCodeAccess.uplugin" 13
"../../../Engine/Plugins/Developer/XCodeSourceCodeAccess/XCodeSourceCodeAccess.uplugin" 14
"../../../Engine/Plugins/Editor/EpicSurvey/EpicSurvey.uplugin" 15
"../../../Engine/Plugins/Editor/MacGraphicsSwitching/MacGraphicsSwitching.uplugin" 16
"../../../Engine/Plugins/Editor/PluginBrowser/PluginBrowser.uplugin" 17
"../../../Engine/Plugins/Editor/SpeedTreeImporter/SpeedTreeImporter.uplugin" 18
"../../../Engine/Plugins/Experimental/BlueprintStats/BlueprintStats.uplugin" 19
"../../../Engine/Plugins/Experimental/CharacterAI/CharacterAI.uplugin" 20
"../../../Engine/Plugins/Experimental/CodeEditor/CodeEditor.uplugin" 21
"../../../Engine/Plugins/Experimental/CodeView/CodeView.uplugin" 22
"../../../Engine/Plugins/Experimental/HTML5Networking/HTML5Networking.uplugin" 23
"../../../Engine/Plugins/Experimental/LiveEditor/LiveEditor.uplugin" 24
"../../../Engine/Plugins/Experimental/Phya/Phya.uplugin" 25
"../../../Engine/Plugins/Experimental/SimpleHMD/SimpleHMD.uplugin" 26
"../../../Engine/Plugins/Experimental/StructBox/StructBox.uplugin" 27
"../../../Engine/Plugins/Media/AndroidMedia/AndroidMedia.uplugin" 28
"../../../Engine/Plugins/Media/AvfMedia/AvfMedia.uplugin" 29
"../../../Engine/Plugins/Media/MediaPlayerEditor/MediaPlayerEditor.uplugin" 30
"../../../Engine/Plugins/Media/WmfMedia/WmfMedia.uplugin" 31
"../../../Engine/Plugins/Messaging/MessagingDebugger/MessagingDebugger.uplugin" 32
"../../../Engine/Plugins/Messaging/UdpMessaging/UdpMessaging.uplugin" 33
"../../../Engine/Plugins/MovieScene/LevelSequenceEditor/LevelSequenceEditor.uplugin" 34
"../../../Engine/Plugins/NetcodeUnitTest/NetcodeUnitTest/NetcodeUnitTest.uplugin" 35
"../../../Engine/Plugins/NetcodeUnitTest/NUTUnrealEngine4/NUTUnrealEngine4.uplugin" 36
"../../../Engine/Plugins/Runtime/Advertising/IOSTapJoy/IOSTapJoy.uplugin" 37
"../../../Engine/Plugins/Runtime/Analytics/AnalyticsBlueprintLibrary/AnalyticsBlueprintLibrary.uplugin" 38
"../../../Engine/Plugins/Runtime/Analytics/AnalyticsMulticast/AnalyticsMulticast.uplugin" 39
"../../../Engine/Plugins/Runtime/Analytics/Apsalar/IOSApsalar/IOSApsalar.uplugin" 40
"../../../Engine/Plugins/Runtime/Analytics/FileLogging/FileLogging.uplugin" 41
"../../../Engine/Plugins/Runtime/Analytics/Flurry/IOSFlurry/IOSFlurry.uplugin" 42
"../../../Engine/Plugins/Runtime/AndroidDeviceProfileSelector/AndroidDeviceProfileSelector.uplugin" 43
"../../../Engine/Plugins/Runtime/AndroidMoviePlayer/AndroidMoviePlayer.uplugin" 44
"../../../Engine/Plugins/Runtime/AppleMoviePlayer/AppleMoviePlayer.uplugin" 45
"../../../Engine/Plugins/Runtime/ArchVisCharacter/ArchVisCharacter.uplugin" 46
"../../../Engine/Plugins/Runtime/CableComponent/CableComponent.uplugin" 47
"../../../Engine/Plugins/Runtime/CustomMeshComponent/CustomMeshComponent.uplugin" 48
"../../../Engine/Plugins/Runtime/ExampleDeviceProfileSelector/ExampleDeviceProfileSelector.uplugin" 49
"../../../Engine/Plugins/Runtime/GearVR/GearVR.uplugin" 50
"../../../Engine/Plugins/Runtime/IOSDeviceProfileSelector/IOSDeviceProfileSelector.uplugin" 51
"../../../Engine/Plugins/Runtime/LeapMotionController/LeapMotionController.uplugin" 52
"../../../Engine/Plugins/Runtime/LinuxDeviceProfileSelector/LinuxDeviceProfileSelector.uplugin" 53
"../../../Engine/Plugins/Runtime/LiveEditorListenServer/LiveEditorListenServer.uplugin" 54
"../../../Engine/Plugins/Runtime/OculusAudio/OculusAudio.uplugin" 55
"../../../Engine/Plugins/Runtime/OculusInput/OculusInput.uplugin" 56
"../../../Engine/Plugins/Runtime/OculusLibrary/OculusLibrary.uplugin" 57
"../../../Engine/Plugins/Runtime/OculusRift/OculusRift.uplugin" 58
"../../../Engine/Plugins/Runtime/ProceduralMeshComponent/ProceduralMeshComponent.uplugin" 59
"../../../Engine/Plugins/Runtime/SoundMod/SoundMod.uplugin" 60
"../../../Engine/Plugins/Runtime/SoundVisualizations/SoundVisualizations.uplugin" 61
"../../../Engine/Plugins/Runtime/Steam/SteamController/SteamController.uplugin" 62
"../../../Engine/Plugins/Runtime/Steam/SteamVR/SteamVR.uplugin" 63
"../../../Engine/Plugins/Runtime/WebBrowserWidget/WebBrowserWidget.uplugin" 64
"../../../Engine/Plugins/Runtime/WindowsDeviceProfileSelector/WindowsDeviceProfileSelector.uplugin" 65
"../../../Engine/Plugins/Runtime/WindowsMoviePlayer/WindowsMoviePlayer.uplugin" 66
"../../../Engine/Plugins/ScriptGeneratorPlugin/ScriptGeneratorPlugin.uplugin" 67
"../../../Engine/Plugins/ScriptPlugin/ScriptPlugin.uplugin" 68
"../../../Engine/Plugins/Slate/SlateRemote/SlateRemote.uplugin" 69
"..\..\..\Engine\Content\Internationalization\icudt53l\cnvalias.icu" 70
"..\..\..\Engine\Content\Internationalization\icudt53l\en_US_POSIX.res" 71
"..\..\..\Engine\Content\Internationalization\icudt53l\pool.res" 72
"..\..\..\Engine\Content\Internationalization\icudt53l\en_US.res" 73
"..\..\..\Engine\Content\Internationalization\icudt53l\en.res" 74
"..\..\..\Engine\Content\Internationalization\icudt53l\root.res" 75
"C:/Users/Chris/AppData/Local/UnrealEngine/4.10/Saved/Config/Windows/Manifest.ini" 76
"../../../Engine/Config/Base.ini" 77
"../../../Engine/Config/BaseEngine.ini" 78
"D:/Documents/GitHub/RunningBack/Config/DefaultEngine.ini" 79
"../../../Engine/Config/Windows/WindowsEngine.ini" 80
"D:/Documents/GitHub/RunningBack/Saved/Config/Windows/Engine.ini" 81
"D:/Documents/GitHub/RunningBack/Intermediate/Config/CoalescedSourceConfigs/Engine.ini" 82
"../../../Engine/Config/BaseGame.ini" 83
"D:/Documents/GitHub/RunningBack/Config/DefaultGame.ini" 84
"D:/Documents/GitHub/RunningBack/Saved/Config/Windows/Game.ini" 85
"D:/Documents/GitHub/RunningBack/Intermediate/Config/CoalescedSourceConfigs/Game.ini" 86
"../../../Engine/Config/BaseInput.ini" 87
"D:/Documents/GitHub/RunningBack/Config/DefaultInput.ini" 88
"D:/Documents/GitHub/RunningBack/Saved/Config/Windows/Input.ini" 89
"D:/Documents/GitHub/RunningBack/Intermediate/Config/CoalescedSourceConfigs/Input.ini" 90
"../../../Engine/Config/BaseEditor.ini" 91
"D:/Documents/GitHub/RunningBack/Config/DefaultEditor.ini" 92
"D:/Documents/GitHub/RunningBack/Saved/Config/Windows/Editor.ini" 93
"D:/Documents/GitHub/RunningBack/Intermediate/Config/CoalescedSourceConfigs/Editor.ini" 94
"../../../Engine/Config/BaseEditorPerProjectUserSettings.ini" 95
"D:/Documents/GitHub/RunningBack/Config/DefaultEditorPerProjectUserSettings.ini" 96
"D:/Documents/GitHub/RunningBack/Saved/Config/Windows/EditorPerProjectUserSettings.ini" 97
"D:/Documents/GitHub/RunningBack/Intermediate/Config/CoalescedSourceConfigs/EditorPerProjectUserSettings.ini" 98
"../../../Engine/Config/BaseEditorSettings.ini" 99
"C:/Users/Chris/AppData/Local/UnrealEngine/4.10/Saved/Config/Windows/EditorSettings.ini" 100
"D:/Documents/GitHub/RunningBack/Intermediate/Config/CoalescedSourceConfigs/EditorSettings.ini" 101
"../../../Engine/Config/BaseEditorLayout.ini" 102
"C:/Users/Chris/AppData/Local/UnrealEngine/4.10/Saved/Config/Windows/EditorLayout.ini" 103
"D:/Documents/GitHub/RunningBack/Intermediate/Config/CoalescedSourceConfigs/EditorLayout.ini" 104
"../../../Engine/Config/BaseEditorKeyBindings.ini" 105
"C:/Users/Chris/AppData/Local/UnrealEngine/4.10/Saved/Config/Windows/EditorKeyBindings.ini" 106
"D:/Documents/GitHub/RunningBack/Intermediate/Config/CoalescedSourceConfigs/EditorKeyBindings.ini" 107
"../../../Engine/Config/BaseCompat.ini" 108
"D:/Documents/GitHub/RunningBack/Saved/Config/Windows/Compat.ini" 109
"D:/Documents/GitHub/RunningBack/Intermediate/Config/CoalescedSourceConfigs/Compat.ini" 110
"../../../Engine/Config/BaseLightmass.ini" 111
"D:/Documents/GitHub/RunningBack/Saved/Config/Windows/Lightmass.ini" 112
"D:/Documents/GitHub/RunningBack/Intermediate/Config/CoalescedSourceConfigs/Lightmass.ini" 113
"../../../Engine/Config/BaseScalability.ini" 114
"D:/Documents/GitHub/RunningBack/Saved/Config/Windows/Scalability.ini" 115
"D:/Documents/GitHub/RunningBack/Intermediate/Config/CoalescedSourceConfigs/Scalability.ini" 116
"D:/Documents/GitHub/RunningBack/Saved/Config/Windows/GameUserSettings.ini" 117
"D:/Documents/GitHub/RunningBack/Intermediate/Config/CoalescedSourceConfigs/GameUserSettings.ini" 118
"../../../Engine/Config/BaseDeviceProfiles.ini" 119
"D:/Documents/GitHub/RunningBack/Saved/Config/Windows/DeviceProfiles.ini" 120
"D:/Documents/GitHub/RunningBack/Intermediate/Config/CoalescedSourceConfigs/DeviceProfiles.ini" 121
"../../../Engine/Config/ConsoleVariables.ini" 122
"..\..\..\Engine\Content\Internationalization\icudt53l\es.res" 123
"..\..\..\Engine\Content\Internationalization\icudt53l\ja.res" 124
"..\..\..\Engine\Content\Internationalization\icudt53l\ko.res" 125
"..\..\..\Engine\Content\Internationalization\icudt53l\pt_BR.res" 126
"..\..\..\Engine\Content\Internationalization\icudt53l\pt.res" 127
"..\..\..\Engine\Content\Internationalization\icudt53l\zh_CN.res" 128
"..\..\..\Engine\Content\Internationalization\icudt53l\zh_Hans_CN.res" 129
"..\..\..\Engine\Content\Internationalization\icudt53l\zh_Hans.res" 130
"..\..\..\Engine\Content\Internationalization\icudt53l\zh.res" 131
"C:/Program Files (x86)/Epic Games/4.10/Engine/Content/Localization/Editor/en/Editor.locres" 132
"C:/Program Files (x86)/Epic Games/4.10/Engine/Content/Localization/EditorTutorials/en/EditorTutorials.locres" 133
"C:/Program Files (x86)/Epic Games/4.10/Engine/Content/Localization/Keywords/en/Keywords.locres" 134
"C:/Program Files (x86)/Epic Games/4.10/Engine/Content/Localization/Category/en/Category.locres" 135
"C:/Program Files (x86)/Epic Games/4.10/Engine/Content/Localization/ToolTips/en/ToolTips.locres" 136
"C:/Program Files (x86)/Epic Games/4.10/Engine/Content/Localization/PropertyNames/en/PropertyNames.locres" 137
"C:/Program Files (x86)/Epic Games/4.10/Engine/Content/Localization/Engine/en/Engine.locres" 138
"../../../Engine/Content/Slate/Fonts/Roboto-Regular.ttf" 139
"../../../Engine/Content/Slate/Fonts/DroidSansMono.ttf" 140
"../../../Engine/Content/Slate/Fonts/Roboto-Bold.ttf" 141
"../../../Engine/Content/Slate/Fonts/Roboto-Light.ttf" 142
"C:/Program Files (x86)/Epic Games/4.10/Engine/Binaries/Win64/../../../Engine/Shaders/ParticleSpriteVertexFactory.usf" 143
"C:/Program Files (x86)/Epic Games/4.10/Engine/Binaries/Win64/../../../Engine/Shaders/VertexFactoryCommon.usf" 144
"C:/Program Files (x86)/Epic Games/4.10/Engine/Binaries/Win64/../../../Engine/Shaders/Common.usf" 145
"C:/Program Files (x86)/Epic Games/4.10/Engine/Binaries/Win64/../../../Engine/Shaders/MetalCommon.usf" 146
"C:/Program Files (x86)/Epic Games/4.10/Engine/Binaries/Win64/../../../Engine/Shaders/ShaderVersion.usf" 147
"C:/Program Files (x86)/Epic Games/4.10/Engine/Binaries/Win64/../../../Engine/Shaders/CommonViewUniformBuffer.usf" 148
"C:/Program Files (x86)/Epic Games/4.10/Engine/Binaries/Win64/../../../Engine/Shaders/Definitions.usf" 149
"C:/Program Files (x86)/Epic Games/4.10/Engine/Binaries/Win64/../../../Engine/Shaders/Random.usf" 150
"C:/Program Files (x86)/Epic Games/4.10/Engine/Binaries/Win64/../../../Engine/Shaders/ParticleVertexFactoryCommon.usf" 151
"C:/Program Files (x86)/Epic Games/4.10/Engine/Binaries/Win64/../../../Engine/Shaders/ParticleGPUSpriteVertexFactory.usf" 152
"C:/Program Files (x86)/Epic Games/4.10/Engine/Binaries/Win64/../../../Engine/Shaders/ParticleBeamTrailVertexFactory.usf" 153
"C:/Program Files (x86)/Epic Games/4.10/Engine/Binaries/Win64/../../../Engine/Shaders/LocalVertexFactory.usf" 154
"C:/Program Files (x86)/Epic Games/4.10/Engine/Binaries/Win64/../../../Engine/Shaders/LocalVertexFactoryCommon.usf" 155
"C:/Program Files (x86)/Epic Games/4.10/Engine/Binaries/Win64/../../../Engine/Shaders/VectorFieldVisualizationVertexFactory.usf" 156
"C:/Program Files (x86)/Epic Games/4.10/Engine/Binaries/Win64/../../../Engine/Shaders/MeshParticleVertexFactory.usf" 157
"C:/Program Files (x86)/Epic Games/4.10/Engine/Binaries/Win64/../../../Engine/Shaders/GpuSkinVertexFactory.usf" 158
"C:/Program Files (x86)/Epic Games/4.10/Engine/Binaries/Win64/../../../Engine/Shaders/GpuSkinCacheCommon.usf" 159
"C:/Program Files (x86)/Epic Games/4.10/Engine/Binaries/Win64/../../../Engine/Shaders/LandscapeVertexFactory.usf" 160
"C:/Program Files (x86)/Epic Games/4.10/Engine/Binaries/Win64/../../../Engine/Shaders/SlateElementPixelShader.usf" 161
"C:/Program Files (x86)/Epic Games/4.10/Engine/Binaries/Win64/../../../Engine/Shaders/GammaCorrectionCommon.usf" 162
"C:/Program Files (x86)/Epic Games/4.10/Engine/Binaries/Win64/../../../Engine/Shaders/MaterialTemplate.usf" 163
"C:/Program Files (x86)/Epic Games/4.10/Engine/Binaries/Win64/../../../Engine/Shaders/DepthOfFieldCommon.usf" 164
"C:/Program Files (x86)/Epic Games/4.10/Engine/Binaries/Win64/../../../Engine/Shaders/GlobalDistanceFieldShared.usf" 165
"C:/Program Files (x86)/Epic Games/4.10/Engine/Binaries/Win64/../../../Engine/Shaders/SpeedTreeCommon.usf" 166
"C:/Program Files (x86)/Epic Games/4.10/Engine/Binaries/Win64/../../../Engine/Shaders/AtmosphereCommon.usf" 167
"C:/Program Files (x86)/Epic Games/4.10/Engine/Binaries/Win64/../../../Engine/Shaders/PaniniProjection.usf" 168
"C:/Program Files (x86)/Epic Games/4.10/Engine/Binaries/Win64/../../../Engine/Shaders/EyeAdaptationCommon.usf" 169
"C:/Program Files (x86)/Epic Games/4.10/Engine/Binaries/Win64/../../../Engine/Shaders/PostProcessCommon.usf" 170
"C:/Program Files (x86)/Epic Games/4.10/Engine/Binaries/Win64/../../../Engine/Shaders/DeferredShadingCommon.usf" 171
"C:/Program Files (x86)/Epic Games/4.10/Engine/Binaries/Win64/../../../Engine/Shaders/LightAccumulator.usf" 172
"C:/Program Files (x86)/Epic Games/4.10/Engine/Binaries/Win64/../../../Engine/Shaders/SlateVertexShader.usf" 173
"C:/Program Files (x86)/Epic Games/4.10/Engine/Binaries/Win64/../../../Engine/Shaders/ParticleSortKeyGen.usf" 174
"C:/Program Files (x86)/Epic Games/4.10/Engine/Binaries/Win64/../../../Engine/Shaders/ParticleBoundsShader.usf" 175
"C:/Program Files (x86)/Epic Games/4.10/Engine/Binaries/Win64/../../../Engine/Shaders/ParticleSimVisualizeShader.usf" 176
"C:/Program Files (x86)/Epic Games/4.10/Engine/Binaries/Win64/../../../Engine/Shaders/ParticleInjectionShader.usf" 177
"C:/Program Files (x86)/Epic Games/4.10/Engine/Binaries/Win64/../../../Engine/Shaders/ParticleSimulationShader.usf" 178
"C:/Program Files (x86)/Epic Games/4.10/Engine/Binaries/Win64/../../../Engine/Shaders/ParticleCurveInjectionShader.usf" 179
"C:/Program Files (x86)/Epic Games/4.10/Engine/Binaries/Win64/../../../Engine/Shaders/VectorFieldCompositeShaders.usf" 180
"C:/Program Files (x86)/Epic Games/4.10/Engine/Binaries/Win64/../../../Engine/Shaders/UpdateTextureShaders.usf" 181
"C:/Program Files (x86)/Epic Games/4.10/Engine/Binaries/Win64/../../../Engine/Shaders/SimpleElementColorChannelMaskPixelShader.usf" 182
"C:/Program Files (x86)/Epic Games/4.10/Engine/Binaries/Win64/../../../Engine/Shaders/SimpleElementPixelShader.usf" 183
"C:/Program Files (x86)/Epic Games/4.10/Engine/Binaries/Win64/../../../Engine/Shaders/ColorUtils.usf" 184
"C:/Program Files (x86)/Epic Games/4.10/Engine/Binaries/Win64/../../../Engine/Shaders/IESLightProfilesCommon.usf" 185
"C:/Program Files (x86)/Epic Games/4.10/Engine/Binaries/Win64/../../../Engine/Shaders/SimpleElementHitProxyPixelShader.usf" 186
"C:/Program Files (x86)/Epic Games/4.10/Engine/Binaries/Win64/../../../Engine/Shaders/SimpleElementVertexShader.usf" 187
"C:/Program Files (x86)/Epic Games/4.10/Engine/Binaries/Win64/../../../Engine/Shaders/ScreenVertexShader.usf" 188
"C:/Program Files (x86)/Epic Games/4.10/Engine/Binaries/Win64/../../../Engine/Shaders/ScreenPixelShader.usf" 189
"C:/Program Files (x86)/Epic Games/4.10/Engine/Binaries/Win64/../../../Engine/Shaders/RadixSortShaders.usf" 190
"C:/Program Files (x86)/Epic Games/4.10/Engine/Binaries/Win64/../../../Engine/Shaders/GpuSkinCacheComputeShader.usf" 191
"C:/Program Files (x86)/Epic Games/4.10/Engine/Binaries/Win64/../../../Engine/Shaders/NullPixelShader.usf" 192
"C:/Program Files (x86)/Epic Games/4.10/Engine/Binaries/Win64/../../../Engine/Shaders/LandscapeGrassWeight.usf" 193
"C:/Program Files (x86)/Epic Games/4.10/Engine/Binaries/Win64/../../../Engine/Shaders/VisualizeTexture.usf" 194
"C:/Program Files (x86)/Epic Games/4.10/Engine/Binaries/Win64/../../../Engine/Shaders/ScreenSpaceReflections.usf" 195
"C:/Program Files (x86)/Epic Games/4.10/Engine/Binaries/Win64/../../../Engine/Shaders/BRDF.usf" 196
"C:/Program Files (x86)/Epic Games/4.10/Engine/Binaries/Win64/../../../Engine/Shaders/MonteCarlo.usf" 197
"C:/Program Files (x86)/Epic Games/4.10/Engine/Binaries/Win64/../../../Engine/Shaders/ScreenSpaceRayCast.usf" 198
"C:/Program Files (x86)/Epic Games/4.10/Engine/Binaries/Win64/../../../Engine/Shaders/FilterVertexShader.usf" 199
"C:/Program Files (x86)/Epic Games/4.10/Engine/Binaries/Win64/../../../Engine/Shaders/FilterPixelShader.usf" 200
"C:/Program Files (x86)/Epic Games/4.10/Engine/Binaries/Win64/../../../Engine/Shaders/PostProcessVisualizeHDR.usf" 201
"C:/Program Files (x86)/Epic Games/4.10/Engine/Binaries/Win64/../../../Engine/Shaders/PostProcessHistogramCommon.usf" 202
"C:/Program Files (x86)/Epic Games/4.10/Engine/Binaries/Win64/../../../Engine/Shaders/TonemapCommon.usf" 203
"C:/Program Files (x86)/Epic Games/4.10/Engine/Binaries/Win64/../../../Engine/Shaders/ACES.usf" 204
"C:/Program Files (x86)/Epic Games/4.10/Engine/Binaries/Win64/../../../Engine/Shaders/MiniFontCommon.usf" 205
"C:/Program Files (x86)/Epic Games/4.10/Engine/Binaries/Win64/../../../Engine/Shaders/PostProcessVisualizeBuffer.usf" 206
"C:/Program Files (x86)/Epic Games/4.10/Engine/Binaries/Win64/../../../Engine/Shaders/PostProcessUpscale.usf" 207
"C:/Program Files (x86)/Epic Games/4.10/Engine/Binaries/Win64/../../../Engine/Shaders/PostProcessTonemap.usf" 208
"C:/Program Files (x86)/Epic Games/4.10/Engine/Binaries/Win64/../../../Engine/Shaders/PostProcessTestImage.usf" 209
"C:/Program Files (x86)/Epic Games/4.10/Engine/Binaries/Win64/../../../Engine/Shaders/PostProcessTemporalAA.usf" 210
"C:/Program Files (x86)/Epic Games/4.10/Engine/Binaries/Win64/../../../Engine/Shaders/PostProcessTemporalCommon.usf" 211
"C:/Program Files (x86)/Epic Games/4.10/Engine/Binaries/Win64/../../../Engine/Shaders/PostProcessSubsurface.usf" 212
"C:/Program Files (x86)/Epic Games/4.10/Engine/Binaries/Win64/../../../Engine/Shaders/SeparableSSS.usf" 213
"C:/Program Files (x86)/Epic Games/4.10/Engine/Binaries/Win64/../../../Engine/Shaders/PostProcessSelectionOutline.usf" 214
"C:/Program Files (x86)/Epic Games/4.10/Engine/Binaries/Win64/../../../Engine/Shaders/PostProcessSceneColorFringe.usf" 215
"C:/Program Files (x86)/Epic Games/4.10/Engine/Binaries/Win64/../../../Engine/Shaders/PostProcessNoiseBlur.usf" 216
"C:/Program Files (x86)/Epic Games/4.10/Engine/Binaries/Win64/../../../Engine/Shaders/PostProcessMotionBlur.usf" 217
"C:/Program Files (x86)/Epic Games/4.10/Engine/Binaries/Win64/../../../Engine/Shaders/FastMath.usf" 218
"C:/Program Files (x86)/Epic Games/4.10/Engine/Binaries/Win64/../../../Engine/Shaders/PostProcessVelocityFlatten.usf" 219
"C:/Program Files (x86)/Epic Games/4.10/Engine/Binaries/Win64/../../../Engine/Shaders/PostProcessMobile.usf" 220
"C:/Program Files (x86)/Epic Games/4.10/Engine/Binaries/Win64/../../../Engine/Shaders/PostProcessMaterialShaders.usf" 221
"C:/Program Files (x86)/Epic Games/4.10/Engine/Binaries/Win64/../../../Engine/Shaders/PostProcessLensFlares.usf" 222
"C:/Program Files (x86)/Epic Games/4.10/Engine/Binaries/Win64/../../../Engine/Shaders/PostProcessLensBlur.usf" 223
"C:/Program Files (x86)/Epic Games/4.10/Engine/Binaries/Win64/../../../Engine/Shaders/PostProcessBloom.usf" 224
"C:/Program Files (x86)/Epic Games/4.10/Engine/Binaries/Win64/../../../Engine/Shaders/PostProcessHMD.usf" 225
"C:/Program Files (x86)/Epic Games/4.10/Engine/Binaries/Win64/../../../Engine/Shaders/PostProcessHistogramReduce.usf" 226
"C:/Program Files (x86)/Epic Games/4.10/Engine/Binaries/Win64/../../../Engine/Shaders/PostProcessHistogram.usf" 227
"C:/Program Files (x86)/Epic Games/4.10/Engine/Binaries/Win64/../../../Engine/Shaders/PostProcessHierarchical.usf" 228
"C:/Program Files (x86)/Epic Games/4.10/Engine/Binaries/Win64/../../../Engine/Shaders/PostProcessGBufferHints.usf" 229
"C:/Program Files (x86)/Epic Games/4.10/Engine/Binaries/Win64/../../../Engine/Shaders/PostProcessEyeAdaptation.usf" 230
"C:/Program Files (x86)/Epic Games/4.10/Engine/Binaries/Win64/../../../Engine/Shaders/PostProcessDownsample.usf" 231
"C:/Program Files (x86)/Epic Games/4.10/Engine/Binaries/Win64/../../../Engine/Shaders/PostProcessDOF.usf" 232
"C:/Program Files (x86)/Epic Games/4.10/Engine/Binaries/Win64/../../../Engine/Shaders/PostProcessCompositeEditorPrimitives.usf" 233
"C:/Program Files (x86)/Epic Games/4.10/Engine/Binaries/Win64/../../../Engine/Shaders/PostProcessCombineLUTs.usf" 234
"C:/Program Files (x86)/Epic Games/4.10/Engine/Binaries/Win64/../../../Engine/Shaders/PostProcessCircleDOF.usf" 235
"C:/Program Files (x86)/Epic Games/4.10/Engine/Binaries/Win64/../../../Engine/Shaders/CircleDOFCommon.usf" 236
"C:/Program Files (x86)/Epic Games/4.10/Engine/Binaries/Win64/../../../Engine/Shaders/PostProcessBusyWait.usf" 237
"C:/Program Files (x86)/Epic Games/4.10/Engine/Binaries/Win64/../../../Engine/Shaders/PostProcessBokehDOF.usf" 238
"C:/Program Files (x86)/Epic Games/4.10/Engine/Binaries/Win64/../../../Engine/Shaders/PostProcessVisualizeDOF.usf" 239
"C:/Program Files (x86)/Epic Games/4.10/Engine/Binaries/Win64/../../../Engine/Shaders/FXAAShader.usf" 240
"C:/Program Files (x86)/Epic Games/4.10/Engine/Binaries/Win64/../../../Engine/Shaders/Fxaa3_11.usf" 241
"C:/Program Files (x86)/Epic Games/4.10/Engine/Binaries/Win64/../../../Engine/Shaders/PostProcessPassThrough.usf" 242
"C:/Program Files (x86)/Epic Games/4.10/Engine/Binaries/Win64/../../../Engine/Shaders/PostProcessLpvIndirect.usf" 243
"C:/Program Files (x86)/Epic Games/4.10/Engine/Binaries/Win64/../../../Engine/Shaders/DeferredLightingCommon.usf" 244
"C:/Program Files (x86)/Epic Games/4.10/Engine/Binaries/Win64/../../../Engine/Shaders/DynamicLightingCommon.usf" 245
"C:/Program Files (x86)/Epic Games/4.10/Engine/Binaries/Win64/../../../Engine/Shaders/ShadingModels.usf" 246
"C:/Program Files (x86)/Epic Games/4.10/Engine/Binaries/Win64/../../../Engine/Shaders/LPVFinalPass.usf" 247
"C:/Program Files (x86)/Epic Games/4.10/Engine/Binaries/Win64/../../../Engine/Shaders/LPVCommon.usf" 248
"C:/Program Files (x86)/Epic Games/4.10/Engine/Binaries/Win64/../../../Engine/Shaders/DeferredDecal.usf" 249
"C:/Program Files (x86)/Epic Games/4.10/Engine/Binaries/Win64/../../../Engine/Shaders/PostProcessAmbientOcclusion.usf" 250
"C:/Program Files (x86)/Epic Games/4.10/Engine/Binaries/Win64/../../../Engine/Shaders/PostProcessAmbient.usf" 251
"C:/Program Files (x86)/Epic Games/4.10/Engine/Binaries/Win64/../../../Engine/Shaders/CubemapCommon.usf" 252
"C:/Program Files (x86)/Epic Games/4.10/Engine/Binaries/Win64/../../../Engine/Shaders/VelocityShader.usf" 253
"C:/Program Files (x86)/Epic Games/4.10/Engine/Binaries/Win64/../../../Engine/Shaders/VelocityCommon.usf" 254
"C:/Program Files (x86)/Epic Games/4.10/Engine/Binaries/Win64/../../../Engine/Shaders/Tessellation.usf" 255
"C:/Program Files (x86)/Epic Games/4.10/Engine/Binaries/Win64/../../../Engine/Shaders/FlatTessellation.usf" 256
"C:/Program Files (x86)/Epic Games/4.10/Engine/Binaries/Win64/../../../Engine/Shaders/PNTriangles.usf" 257
"C:/Program Files (x86)/Epic Games/4.10/Engine/Binaries/Win64/../../../Engine/Shaders/TranslucentLightingShaders.usf" 258
"C:/Program Files (x86)/Epic Games/4.10/Engine/Binaries/Win64/../../../Engine/Shaders/SHCommon.usf" 259
"C:/Program Files (x86)/Epic Games/4.10/Engine/Binaries/Win64/../../../Engine/Shaders/ShadowProjectionCommon.usf" 260
"C:/Program Files (x86)/Epic Games/4.10/Engine/Binaries/Win64/../../../Engine/Shaders/TranslucentLightInjectionShaders.usf" 261
"C:/Program Files (x86)/Epic Games/4.10/Engine/Binaries/Win64/../../../Engine/Shaders/LightFunctionCommon.usf" 262
"C:/Program Files (x86)/Epic Games/4.10/Engine/Binaries/Win64/../../../Engine/Shaders/TranslucentShadowDepthShaders.usf" 263
"C:/Program Files (x86)/Epic Games/4.10/Engine/Binaries/Win64/../../../Engine/Shaders/ShadowDepthCommon.usf" 264
"C:/Program Files (x86)/Epic Games/4.10/Engine/Binaries/Win64/../../../Engine/Shaders/TiledDeferredLightShaders.usf" 265
"C:/Program Files (x86)/Epic Games/4.10/Engine/Binaries/Win64/../../../Engine/Shaders/SurfelTree.usf" 266
"C:/Program Files (x86)/Epic Games/4.10/Engine/Binaries/Win64/../../../Engine/Shaders/DistanceFieldLightingShared.usf" 267
"C:/Program Files (x86)/Epic Games/4.10/Engine/Binaries/Win64/../../../Engine/Shaders/SurfelMaterialShared.usf" 268
"C:/Program Files (x86)/Epic Games/4.10/Engine/Binaries/Win64/../../../Engine/Shaders/DistanceFieldAOShared.usf" 269
"C:/Program Files (x86)/Epic Games/4.10/Engine/Binaries/Win64/../../../Engine/Shaders/ShadowProjectionPixelShader.usf" 270
"C:/Program Files (x86)/Epic Games/4.10/Engine/Binaries/Win64/../../../Engine/Shaders/ShadowFilteringCommon.usf" 271
"C:/Program Files (x86)/Epic Games/4.10/Engine/Binaries/Win64/../../../Engine/Shaders/ShadowProjectionVertexShader.usf" 272
"C:/Program Files (x86)/Epic Games/4.10/Engine/Binaries/Win64/../../../Engine/Shaders/ShadowDepthPixelShader.usf" 273
"C:/Program Files (x86)/Epic Games/4.10/Engine/Binaries/Win64/../../../Engine/Shaders/LPVWriteVplCommon.usf" 274
"C:/Program Files (x86)/Epic Games/4.10/Engine/Binaries/Win64/../../../Engine/Shaders/LPVWriteCommon.usf" 275
"C:/Program Files (x86)/Epic Games/4.10/Engine/Binaries/Win64/../../../Engine/Shaders/ShadowDepthVertexShader.usf" 276
"C:/Program Files (x86)/Epic Games/4.10/Engine/Binaries/Win64/../../../Engine/Shaders/ShaderComplexityApplyPixelShader.usf" 277
"C:/Program Files (x86)/Epic Games/4.10/Engine/Binaries/Win64/../../../Engine/Shaders/ShaderComplexityApplyVertexShader.usf" 278
"C:/Program Files (x86)/Epic Games/4.10/Engine/Binaries/Win64/../../../Engine/Shaders/ShaderComplexityAccumulatePixelShader.usf" 279
"C:/Program Files (x86)/Epic Games/4.10/Engine/Binaries/Win64/../../../Engine/Shaders/HZBOcclusion.usf" 280
"C:/Program Files (x86)/Epic Games/4.10/Engine/Binaries/Win64/../../../Engine/Shaders/OcclusionQueryVertexShader.usf" 281
"C:/Program Files (x86)/Epic Games/4.10/Engine/Binaries/Win64/../../../Engine/Shaders/HitProxyPixelShader.usf" 282
"C:/Program Files (x86)/Epic Games/4.10/Engine/Binaries/Win64/../../../Engine/Shaders/HitProxyVertexShader.usf" 283
"C:/Program Files (x86)/Epic Games/4.10/Engine/Binaries/Win64/../../../Engine/Shaders/ReflectionEnvironmentShaders.usf" 284
"C:/Program Files (x86)/Epic Games/4.10/Engine/Binaries/Win64/../../../Engine/Shaders/ReflectionEnvironmentShared.usf" 285
"C:/Program Files (x86)/Epic Games/4.10/Engine/Binaries/Win64/../../../Engine/Shaders/SkyLightingShared.usf" 286
"C:/Program Files (x86)/Epic Games/4.10/Engine/Binaries/Win64/../../../Engine/Shaders/ReflectionEnvironmentComputeShaders.usf" 287
"C:/Program Files (x86)/Epic Games/4.10/Engine/Binaries/Win64/../../../Engine/Shaders/LightShaftShader.usf" 288
"C:/Program Files (x86)/Epic Games/4.10/Engine/Binaries/Win64/../../../Engine/Shaders/StationaryLightOverlapShaders.usf" 289
"C:/Program Files (x86)/Epic Games/4.10/Engine/Binaries/Win64/../../../Engine/Shaders/DeferredLightPixelShaders.usf" 290
"C:/Program Files (x86)/Epic Games/4.10/Engine/Binaries/Win64/../../../Engine/Shaders/DeferredLightVertexShaders.usf" 291
"C:/Program Files (x86)/Epic Games/4.10/Engine/Binaries/Win64/../../../Engine/Shaders/LPVVisualise.usf" 292
"C:/Program Files (x86)/Epic Games/4.10/Engine/Binaries/Win64/../../../Engine/Shaders/LPVGeometryVolumeCommon.usf" 293
"C:/Program Files (x86)/Epic Games/4.10/Engine/Binaries/Win64/../../../Engine/Shaders/LPVDirectLightInject.usf" 294
"C:/Program Files (x86)/Epic Games/4.10/Engine/Binaries/Win64/../../../Engine/Shaders/LPVPropagate.usf" 295
"C:/Program Files (x86)/Epic Games/4.10/Engine/Binaries/Win64/../../../Engine/Shaders/LPVPacking.usf" 296
"C:/Program Files (x86)/Epic Games/4.10/Engine/Binaries/Win64/../../../Engine/Shaders/LPVBuildGeometryVolume.usf" 297
"C:/Program Files (x86)/Epic Games/4.10/Engine/Binaries/Win64/../../../Engine/Shaders/LpvDirectionalOcclusion.usf" 298
"C:/Program Files (x86)/Epic Games/4.10/Engine/Binaries/Win64/../../../Engine/Shaders/LPVInject_AccumulateVplLists.usf" 299
"C:/Program Files (x86)/Epic Games/4.10/Engine/Binaries/Win64/../../../Engine/Shaders/LPVInject_GenerateVplLists.usf" 300
"C:/Program Files (x86)/Epic Games/4.10/Engine/Binaries/Win64/../../../Engine/Shaders/LPVClearLists.usf" 301
"C:/Program Files (x86)/Epic Games/4.10/Engine/Binaries/Win64/../../../Engine/Shaders/LPVClear.usf" 302
"C:/Program Files (x86)/Epic Games/4.10/Engine/Binaries/Win64/../../../Engine/Shaders/LightMapDensityShader.usf" 303
"C:/Program Files (x86)/Epic Games/4.10/Engine/Binaries/Win64/../../../Engine/Shaders/LightFunctionPixelShader.usf" 304
"C:/Program Files (x86)/Epic Games/4.10/Engine/Binaries/Win64/../../../Engine/Shaders/LightFunctionVertexShader.usf" 305
"C:/Program Files (x86)/Epic Games/4.10/Engine/Binaries/Win64/../../../Engine/Shaders/HeightfieldLighting.usf" 306
"C:/Program Files (x86)/Epic Games/4.10/Engine/Binaries/Win64/../../../Engine/Shaders/DistanceFieldShadowingShared.usf" 307
"C:/Program Files (x86)/Epic Games/4.10/Engine/Binaries/Win64/../../../Engine/Shaders/HdrCustomResolveShaders.usf" 308
"C:/Program Files (x86)/Epic Games/4.10/Engine/Binaries/Win64/../../../Engine/Shaders/GPUBenchmark.usf" 309
"C:/Program Files (x86)/Epic Games/4.10/Engine/Binaries/Win64/../../../Engine/Shaders/GlobalDistanceField.usf" 310
"C:/Program Files (x86)/Epic Games/4.10/Engine/Binaries/Win64/../../../Engine/Shaders/GammaCorrection.usf" 311
"C:/Program Files (x86)/Epic Games/4.10/Engine/Binaries/Win64/../../../Engine/Shaders/BasePassForForwardShadingPixelShader.usf" 312
"C:/Program Files (x86)/Epic Games/4.10/Engine/Binaries/Win64/../../../Engine/Shaders/BasePassForForwardShadingCommon.usf" 313
"C:/Program Files (x86)/Epic Games/4.10/Engine/Binaries/Win64/../../../Engine/Shaders/LightmapCommon.usf" 314
"C:/Program Files (x86)/Epic Games/4.10/Engine/Binaries/Win64/../../../Engine/Shaders/BasePassForForwardShadingVertexShader.usf" 315
"C:/Program Files (x86)/Epic Games/4.10/Engine/Binaries/Win64/../../../Engine/Shaders/HeightFogCommon.usf" 316
"C:/Program Files (x86)/Epic Games/4.10/Engine/Binaries/Win64/../../../Engine/Shaders/HeightFogPixelShader.usf" 317
"C:/Program Files (x86)/Epic Games/4.10/Engine/Binaries/Win64/../../../Engine/Shaders/HeightFogVertexShader.usf" 318
"C:/Program Files (x86)/Epic Games/4.10/Engine/Binaries/Win64/../../../Engine/Shaders/DistortAccumulatePS.usf" 319
"C:/Program Files (x86)/Epic Games/4.10/Engine/Binaries/Win64/../../../Engine/Shaders/DistortAccumulateVS.usf" 320
"C:/Program Files (x86)/Epic Games/4.10/Engine/Binaries/Win64/../../../Engine/Shaders/DistortApplyScreenPS.usf" 321
"C:/Program Files (x86)/Epic Games/4.10/Engine/Binaries/Win64/../../../Engine/Shaders/DistanceFieldSurfaceCacheLighting.usf" 322
"C:/Program Files (x86)/Epic Games/4.10/Engine/Binaries/Win64/../../../Engine/Shaders/SkyLighting.usf" 323
"C:/Program Files (x86)/Epic Games/4.10/Engine/Binaries/Win64/../../../Engine/Shaders/DistanceFieldSurfaceCacheLightingCompute.usf" 324
"C:/Program Files (x86)/Epic Games/4.10/Engine/Binaries/Win64/../../../Engine/Shaders/DistanceFieldShadowing.usf" 325
"C:/Program Files (x86)/Epic Games/4.10/Engine/Binaries/Win64/../../../Engine/Shaders/DistanceFieldScreenGridLighting.usf" 326
"C:/Program Files (x86)/Epic Games/4.10/Engine/Binaries/Win64/../../../Engine/Shaders/DistanceFieldLightingPost.usf" 327
"C:/Program Files (x86)/Epic Games/4.10/Engine/Binaries/Win64/../../../Engine/Shaders/DistanceFieldGlobalIllumination.usf" 328
"C:/Program Files (x86)/Epic Games/4.10/Engine/Binaries/Win64/../../../Engine/Shaders/DepthOnlyPixelShader.usf" 329
"C:/Program Files (x86)/Epic Games/4.10/Engine/Binaries/Win64/../../../Engine/Shaders/DepthOnlyVertexShader.usf" 330
"C:/Program Files (x86)/Epic Games/4.10/Engine/Binaries/Win64/../../../Engine/Shaders/PositionOnlyDepthVertexShader.usf" 331
"C:/Program Files (x86)/Epic Games/4.10/Engine/Binaries/Win64/../../../Engine/Shaders/DownsampleDepthPixelShader.usf" 332
"C:/Program Files (x86)/Epic Games/4.10/Engine/Binaries/Win64/../../../Engine/Shaders/EvaluateSurfelMaterial.usf" 333
"C:/Program Files (x86)/Epic Games/4.10/Engine/Binaries/Win64/../../../Engine/Shaders/ConvertToUniformMesh.usf" 334
"C:/Program Files (x86)/Epic Games/4.10/Engine/Binaries/Win64/../../../Engine/Shaders/BasePassPixelShader.usf" 335
"C:/Program Files (x86)/Epic Games/4.10/Engine/Binaries/Win64/../../../Engine/Shaders/BasePassCommon.usf" 336
"C:/Program Files (x86)/Epic Games/4.10/Engine/Binaries/Win64/../../../Engine/Shaders/ForEachLight.usf" 337
"C:/Program Files (x86)/Epic Games/4.10/Engine/Binaries/Win64/../../../Engine/Shaders/BasePassVertexShader.usf" 338
"C:/Program Files (x86)/Epic Games/4.10/Engine/Binaries/Win64/../../../Engine/Shaders/BasePassVertexCommon.usf" 339
"C:/Program Files (x86)/Epic Games/4.10/Engine/Binaries/Win64/../../../Engine/Shaders/BasePassTessellationShaders.usf" 340
"C:/Program Files (x86)/Epic Games/4.10/Engine/Binaries/Win64/../../../Engine/Shaders/AtmospherePrecompute.usf" 341
"C:/Program Files (x86)/Epic Games/4.10/Engine/Binaries/Win64/../../../Engine/Shaders/AtmospherePrecomputeCommon.usf" 342
"C:/Program Files (x86)/Epic Games/4.10/Engine/Binaries/Win64/../../../Engine/Shaders/AtmospherePrecomputeInscatter.usf" 343
"C:/Program Files (x86)/Epic Games/4.10/Engine/Binaries/Win64/../../../Engine/Shaders/AtmosphericFogShader.usf" 344
"C:/Program Files (x86)/Epic Games/4.10/Engine/Binaries/Win64/../../../Engine/Shaders/ResolveVertexShader.usf" 345
"C:/Program Files (x86)/Epic Games/4.10/Engine/Binaries/Win64/../../../Engine/Shaders/ResolvePixelShader.usf" 346
"C:/Program Files (x86)/Epic Games/4.10/Engine/Binaries/Win64/../../../Engine/Shaders/OneColorShader.usf" 347
"C:/Program Files (x86)/Epic Games/4.10/Engine/Binaries/Win64/../../../Engine/Shaders/MediaShaders.usf" 348
"C:/Program Files (x86)/Epic Games/4.10/Engine/Binaries/Win64/../../../Engine/Shaders/ClearReplacementShaders.usf" 349
"C:/Program Files (x86)/Epic Games/4.10/Engine/Binaries/Win64/../../../Engine/Shaders/SimpleElementTexture2DPreviewPixelShader.usf" 350
"C:/Program Files (x86)/Epic Games/4.10/Engine/Binaries/Win64/../../../Engine/Shaders/SimpleElementNormalMapPixelShader.usf" 351
"C:/Program Files (x86)/Epic Games/4.10/Engine/Binaries/Win64/../../../Engine/Shaders/meshpaintdilatepixelshader.usf" 352
"C:/Program Files (x86)/Epic Games/4.10/Engine/Binaries/Win64/../../../Engine/Shaders/meshpaintdilatevertexshader.usf" 353
"C:/Program Files (x86)/Epic Games/4.10/Engine/Binaries/Win64/../../../Engine/Shaders/MeshPaintPixelShader.usf" 354
"C:/Program Files (x86)/Epic Games/4.10/Engine/Binaries/Win64/../../../Engine/Shaders/MeshPaintVertexShader.usf" 355
"../../../Engine/Config/Android/AndroidEngine.ini" 356
"../../../Engine/Config/IOS/IOSEngine.ini" 357
"../../../Engine/Config/Linux/LinuxEngine.ini" 358
"C:/Users/Chris/AppData/Local/UnrealEngine/4.10/DerivedDataCache/Boot.ddc" 359
"../../../Engine/DerivedDataCache/Compressed.ddp" 360
"../../../Engine/Content/EngineFonts/Roboto.uasset" 361
"../../../Engine/Content/EngineMaterials/Widget3DPassThrough_Translucent.uasset" 362
"../../../Engine/Content/EngineMaterials/Widget3DPassThrough.uasset" 363
"../../../Engine/Content/Functions/Engine_MaterialFunctions02/Texturing/ScreenAlignedUVs.uasset" 364
"../../../Engine/Content/EngineResources/WhiteSquareTexture.uasset" 365
"../../../Engine/Content/Functions/Engine_MaterialFunctions01/Shading/PowerToRoughness.uasset" 366
"../../../Engine/Content/Functions/Engine_MaterialFunctions01/Shading/ConvertFromDiffSpec.uasset" 367
"../../../Engine/Content/EngineMaterials/WorldGridMaterial.uasset" 368
"../../../Engine/Content/Functions/Engine_MaterialFunctions01/Opacity/CameraDepthFade.uasset" 369
"../../../Engine/Content/EngineMaterials/T_Default_Material_Grid_M.uasset" 370
"../../../Engine/Content/EngineMaterials/T_Default_Material_Grid_N.uasset" 371
"../../../Engine/Content/EngineMaterials/DefaultDeferredDecalMaterial.uasset" 372
"../../../Engine/Content/EngineMaterials/DefaultDiffuse.uasset" 373
"../../../Engine/Content/EngineMaterials/DefaultLightFunctionMaterial.uasset" 374
"../../../Engine/Content/EngineMaterials/DefaultPostProcessMaterial.uasset" 375
"../../../Engine/Content/Functions/Engine_MaterialFunctions02/Utility/BreakOutFloat2Components.uasset" 376
"../../../Engine/Content/EngineResources/DefaultTexture.uasset" 377
"../../../Engine/Content/EngineMaterials/Widget3DPassThrough_Translucent_OneSided.uasset" 378
"../../../Engine/Content/EngineMaterials/Widget3DPassThrough_Opaque.uasset" 379
"../../../Engine/Content/EngineMaterials/Widget3DPassThrough_Opaque_OneSided.uasset" 380
"../../../Engine/Content/EngineMaterials/Widget3DPassThrough_Masked.uasset" 381
"../../../Engine/Content/EngineMaterials/Widget3DPassThrough_Masked_OneSided.uasset" 382
"../../../Engine/Content/EditorResources/S_Actor.uasset" 383
"D:/Documents/GitHub/RunningBack/Saved/Config/Windows/TemplateDefs.ini" 384
"D:/Documents/GitHub/RunningBack/Intermediate/Config/CoalescedSourceConfigs/TemplateDefs.ini" 385
"D:/Documents/GitHub/RunningBack/Saved/Config/Windows/GameplayTags.ini" 386
"D:/Documents/GitHub/RunningBack/Intermediate/Config/CoalescedSourceConfigs/GameplayTags.ini" 387
"../../../Engine/Content/Maps/Templates/Thumbnails/Default.uasset" 388
"../../../Engine/Content/EditorMaterials/ParticleSystems/PSysThumbnail_NoImage.uasset" 389
"../../../Engine/Content/EditorMaterials/ParticleSystems/PSysThumbnail_OOD.uasset" 390
"../../../Engine/Content/EditorLandscapeResources/DataLayer.uasset" 391
"../../../Engine/Content/EngineDamageTypes/DmgTypeBP_Environmental.uasset" 392
"..\..\..\Engine\Content\Internationalization\icudt53l\numberingSystems.res" 393
"..\..\..\Engine\Content\Internationalization\icudt53l\curr\supplementalData.res" 394
"..\..\..\Engine\Content\Internationalization\icudt53l\curr\pool.res" 395
"..\..\..\Engine\Content\Internationalization\icudt53l\curr\en.res" 396
"..\..\..\Engine\Content\Internationalization\icudt53l\curr\root.res" 397
"../../../Engine/Content/EngineMeshes/Sphere.uasset" 398
"../../../Engine/Content/EngineFonts/RobotoDistanceField.uasset" 399
"../../../Engine/Content/EngineMaterials/DefaultTextMaterialOpaque.uasset" 400
"../../../Engine/Content/EditorResources/S_Trigger.uasset" 401
"../../../Engine/Content/EngineResources/GradientTexture0.uasset" 402
"../../../Engine/Content/EngineResources/Black.uasset" 403
"../../../Engine/Content/EditorMaterials/MatineeGroups/MAT_Groups_Float.uasset" 404
"../../../Engine/Content/EditorMaterials/MatineeGroups/MAT_Groups_Director.uasset" 405
"../../../Engine/Content/EditorMaterials/MatineeGroups/MAT_Groups_Event.uasset" 406
"../../../Engine/Content/EditorMaterials/MatineeGroups/MAT_Groups_Anim.uasset" 407
"../../../Engine/Content/EditorMaterials/MatineeGroups/MAT_Groups_Fade.uasset" 408
"../../../Engine/Content/EditorMaterials/MatineeGroups/MAT_Groups_Move.uasset" 409
"../../../Engine/Content/EditorMaterials/MatineeGroups/MAT_Groups_Slomo.uasset" 410
"../../../Engine/Content/EditorMaterials/MatineeGroups/MAT_ColorTrack.uasset" 411
"../../../Engine/Content/EditorMaterials/MAT_Groups_Toggle.uasset" 412
"../../../Engine/Content/EditorMaterials/MatineeGroups/MAT_Groups_AudioMaster.uasset" 413
"../../../Engine/Content/EditorMaterials/MatineeGroups/MAT_Groups_Sound.uasset" 414
"../../../Engine/Content/EditorMaterials/MatineeGroups/MAT_Groups_Vector.uasset" 415
"../../../Engine/Content/EditorMaterials/MAT_Groups_Visibility.uasset" 416
"../../../Engine/Content/EngineResources/DefaultTextureCube.uasset" 417
"../../../Engine/Content/EngineSounds/Master.uasset" 418
"../../../Engine/Content/EngineSounds/Music.uasset" 419
"../../../Engine/Content/EngineSounds/SFX.uasset" 420
"../../../Engine/Content/EngineSounds/Normal_Attack.uasset" 421
"../../../Engine/Content/EngineSounds/Special_Attack_PSM.uasset" 422
"../../../Engine/Content/EngineSounds/Duck_Normal_Attack_MixMod.uasset" 423
"../../../Engine/Content/EngineSounds/Voice.uasset" 424
"../../../Engine/Content/EngineMeshes/Cylinder.uasset" 425
"../../../Engine/Content/EngineMaterials/DefaultMaterial.uasset" 426
"../../../Engine/Content/EngineTireTypes/DefaultTireType.uasset" 427
"../../../Engine/Content/Editor/Slate/Fonts/FontAwesome.ttf" 428
"../../../Engine/Content/Editor/Slate/Fonts/DroidSansMono.ttf" 429
"../../../Engine/Content/Editor/Slate/Fonts/Roboto-BoldCondensed.ttf" 430
"../../../Engine/Content/Editor/Slate/Fonts/Roboto-Black.ttf" 431
"../../../Engine/Content/Editor/Slate/Fonts/Roboto-Italic.ttf" 432
"../../../Engine/Content/Editor/Slate/Fonts/Roboto-BoldCondensedItalic.ttf" 433
"..\..\..\Engine\Content\Internationalization\icudt53l\coll\ucadata.icu" 434
"..\..\..\Engine\Content\Internationalization\icudt53l\nfc.nrm" 435
"..\..\..\Engine\Content\Internationalization\icudt53l\coll\en_US.res" 436
"..\..\..\Engine\Content\Internationalization\icudt53l\coll\en.res" 437
"..\..\..\Engine\Content\Internationalization\icudt53l\coll\root.res" 438
"../../../Engine/Content/EngineResources/AICON-Red.uasset" 439
"../../../Engine/Content/EngineResources/AICON-Green.uasset" 440
"../../../Engine/Content/Tutorial/Basics/LevelEditorOverview.uasset" 441
"../../../Engine/Content/Tutorial/Basics/TutorialAssets/icon_tab_Levels_40x.uasset" 442
"../../../Engine/Content/Tutorial/Basics/FeaturePacks.uasset" 443
"../../../Engine/Content/Tutorial/BlueprintTutorials/BlueprintEditorTutorial.uasset" 444
"../../../Engine/Content/Tutorial/BlueprintTutorials/TutorialAssets/Blueprint_64x.uasset" 445
"../../../Engine/Content/Tutorial/Basics/LevelEditorAttract.uasset" 446
"../../../Engine/Content/Tutorial/Code/AddingCode.uasset" 447
"../../../Engine/Content/Tutorial/Landscape/Landscape_Manage_Mode.uasset" 448
"../../../Engine/Content/Tutorial/Landscape/TutorialAssets/Landscape.uasset" 449
"../../../Engine/Content/Tutorial/Foliage/Foliage_Intro_Tutorial.uasset" 450
"../../../Engine/Content/Tutorial/Foliage/TutorialAssets/Foliage.uasset" 451
"../../../Engine/Content/Tutorial/BlueprintTutorials/LevelBlueprintEditorOverview.uasset" 452
"../../../Engine/Content/Tutorial/SubEditors/StaticMeshEditorTutorial.uasset" 453
"../../../Engine/Content/Tutorial/ContentIntroCurve.uasset" 454
"../../../Engine/Plugins/2D/Paper2D/Content/MaskedUnlitSpriteMaterial.uasset" 455
"../../../Engine/Plugins/2D/Paper2D/Content/DefaultSpriteMaterial.uasset" 456
"../../../Engine/Plugins/2D/Paper2D/Content/PlaceholderTextures/DummySpriteTexture.uasset" 457
"../../../Engine/Plugins/2D/Paper2D/Content/OpaqueUnlitSpriteMaterial.uasset" 458
"../../../Engine/Plugins/2D/Paper2D/Content/DefaultPaperTerrainMaterial.uasset" 459
"../../../Engine/Plugins/2D/Paper2D/Content/DummySprite.uasset" 460
"../../../Engine/Plugins/2D/Paper2D/Content/DummySpriteTexture.uasset" 461
"D:/Documents/GitHub/RunningBack/Content/Vehicle/RunningBack/Flying_Car.uasset" 462
"D:/Documents/GitHub/RunningBack/Content/Vehicle/Meshes/Aircraft_Carrier/tranparency.uasset" 463
"D:/Documents/GitHub/RunningBack/Content/Vehicle/RunningBack/default2.uasset" 464
"D:/Documents/GitHub/RunningBack/Content/Vehicle/RunningBack/default_brakelights1.uasset" 465
"D:/Documents/GitHub/RunningBack/Content/Vehicle/RunningBack/default_cockpit_console_displays1.uasset" 466
"D:/Documents/GitHub/RunningBack/Content/Vehicle/RunningBack/gm1.uasset" 467
"D:/Documents/GitHub/RunningBack/Content/Vehicle/RunningBack/default_cushions1.uasset" 468
"D:/Documents/GitHub/RunningBack/Content/Vehicle/RunningBack/yx1_02_01_01.uasset" 469
"D:/Documents/GitHub/RunningBack/Content/Vehicle/RunningBack/default_display_center_front1.uasset" 470
"D:/Documents/GitHub/RunningBack/Content/Vehicle/RunningBack/fx1.uasset" 471
"D:/Documents/GitHub/RunningBack/Content/Vehicle/RunningBack/default_display_center_rear1.uasset" 472
"D:/Documents/GitHub/RunningBack/Content/Vehicle/RunningBack/gt3_02_01_01_01.uasset" 473
"D:/Documents/GitHub/RunningBack/Content/Vehicle/RunningBack/default_headlights1.uasset" 474
"D:/Documents/GitHub/RunningBack/Content/Vehicle/RunningBack/default_name1.uasset" 475
"D:/Documents/GitHub/RunningBack/Content/Vehicle/RunningBack/default_rotor_blades1.uasset" 476
"D:/Documents/GitHub/RunningBack/Content/Vehicle/RunningBack/default_top_display1.uasset" 477
"D:/Documents/GitHub/RunningBack/Content/Vehicle/RunningBack/red_texture.uasset" 478
"D:/Documents/GitHub/RunningBack/Content/Vehicle/RunningBack/red.uasset" 479
"D:/Documents/GitHub/RunningBack/Content/Vehicle/RunningBack/Flying_Car_PhysicsAsset.uasset" 480
"D:/Documents/GitHub/RunningBack/Content/Vehicle/RunningBack/Flying_Car_Skeleton.uasset" 481
"D:/Documents/GitHub/RunningBack/Content/Vehicle/RunningBack/FlyingCar_ABP.uasset" 482
"C:/Users/Chris/AppData/Local/UnrealEngine/4.10/Saved/Config/Windows/SourceControlSettings.ini" 483
"D:/Documents/GitHub/RunningBack/Intermediate/Config/CoalescedSourceConfigs/SourceControlSettings.ini" 484
"D:/Documents/GitHub/RunningBack/Saved/Config/Windows/SourceControlSettings.ini" 485
"../../../Engine/Plugins/Runtime/LeapMotionController/Content/LM_CapsuleMesh.uasset" 486
"../../../Engine/Plugins/Runtime/LeapMotionController/Content/LM_TorusMesh.uasset" 487
"../../../Engine/Plugins/Runtime/LeapMotionController/Content/LM_HandColor.uasset" 488
"../../../Engine/Plugins/Runtime/LeapMotionController/Content/LM_PassthroughMaterial.uasset" 489
"../../../Engine/Plugins/Runtime/LeapMotionController/Content/LM_SampleDistortion.uasset" 490
"../../../Engine/Plugins/Runtime/LeapMotionController/Content/LM_TestTexture.uasset" 491
"../../../Engine/Content/BasicShapes/Cube.uasset" 492
"../../../Engine/Content/EngineMaterials/RemoveSurfaceMaterial.uasset" 493
"../../../Engine/Content/EngineDebugMaterials/DebugMeshMaterial.uasset" 494
"../../../Engine/Content/EngineMaterials/M_InvalidLightmapSettings.uasset" 495
"../../../Engine/Content/EngineMaterials/InvalidLightmapSettings.uasset" 496
"../../../Engine/Content/EditorMaterials/GizmoMaterial.uasset" 497
"../../../Engine/Content/EngineMaterials/Good64x64TilingNoiseHighFreq.uasset" 498
"../../../Engine/Content/EngineMaterials/DefaultBokeh.uasset" 499
"../../../Engine/Content/EngineMaterials/PreintegratedSkinBRDF.uasset" 500
"../../../Engine/Content/EngineMaterials/MiniFont.uasset" 501
"../../../Engine/Content/EngineMaterials/WeightMapPlaceholderTexture.uasset" 502
"../../../Engine/Content/EngineMaterials/DefaultWhiteGrid.uasset" 503
"../../../Engine/Content/EngineMaterials/DefaultPhysicalMaterial.uasset" 504
"../../../Engine/Content/EngineFonts/RobotoTiny.uasset" 505
"D:/Documents/GitHub/RunningBack/Intermediate/CachedAssetRegistry.bin" 506
"D:/Documents/GitHub/RunningBack/Saved/Cooked/HTML5/RunningBack/CookedIniVersion.txt" 507
"../../../Engine/Config/HTML5/HTML5Engine.ini" 508
"C:/Users/Chris/AppData/Local/UnrealEngine/Common/DerivedDataCache/5/0/9/GSM_AF1606FCEC214373844D2B6CF9DF71C8_GLSL_ES2_WEBGL_3857__BC5N_DEV_SL_NODBUF_T__EFF3F06C7F1C63F5F2AB7FAEE1866659026ADCB1.udd" 509
"../../../Engine/Content/MobileResources/HUD/VirtualJoystick_Thumb.uasset" 510
"D:/Documents/GitHub/RunningBack/Content/Blueprints/RBGameInstance.uasset" 511
"../../../Engine/Content/EditorBlueprintResources/StandardMacros.uasset" 512
"D:/Documents/GitHub/RunningBack/Content/Blueprints/State.uasset" 513
"../../../Engine/Content/EditorResources/BSPVertex.uasset" 514
"../../../Engine/Content/EngineDebugMaterials/GeomMaterial.uasset" 515
"C:/Users/Chris/AppData/Local/UnrealEngine/Common/DerivedDataCache/8/0/3/MATSM_984AFA3849534FAA8491540B994BD32E_GLSL_ES2_WEBGL_3857__BC5N_DEV_SL_NODBUF__7AE5D10C9940973E839AB2AE78BAC303723638EE.udd" 516
"../../../Engine/Content/EngineDebugMaterials/BoneWeightMaterial.uasset" 517
"../../../Engine/Content/EngineDebugMaterials/HeatmapGradient.uasset" 518
"C:/Users/Chris/AppData/Local/UnrealEngine/Common/DerivedDataCache/5/6/5/MATSM_984AFA3849534FAA8491540B994BD32E_GLSL_ES2_WEBGL_3857__BC5N_DEV_SL_NODBUF__DE8BC0BFF9351791E543B46680FD6E4521498947.udd" 519
"../../../Engine/Content/EditorMaterials/PhAT_JointLimitMaterial.uasset" 520
"C:/Users/Chris/AppData/Local/UnrealEngine/Common/DerivedDataCache/7/2/2/MATSM_984AFA3849534FAA8491540B994BD32E_GLSL_ES2_WEBGL_3857__BC5N_DEV_SL_NODBUF__6D3FFA82B6CE6D510EEEFF16A417907331291C1A.udd" 521
"../../../Engine/Content/EditorMaterials/PreviewShadowIndicatorMaterial.uasset" 522
"../../../Engine/Content/EditorMaterials/PreviewShadowIndicator.uasset" 523
"../../../Engine/Content/EngineMaterials/EditorBrushMaterial.uasset" 524
"C:/Users/Chris/AppData/Local/UnrealEngine/Common/DerivedDataCache/5/1/7/MATSM_984AFA3849534FAA8491540B994BD32E_GLSL_ES2_WEBGL_3857__BC5N_DEV_SL_NODBUF__23C300A4EC5EF988D8B68C8A43886BC1DFCF8BC1.udd" 525
"../../../Engine/Content/EditorMeshes/ColorCalibrator/SM_ColorCalibrator.uasset" 526
"../../../Engine/Content/EditorMeshes/ColorCalibrator/M_ChromeBall.uasset" 527
"../../../Engine/Content/EditorMeshes/ColorCalibrator/M_ClearCoat.uasset" 528
"../../../Engine/Content/EditorMeshes/ColorCalibrator/M_ClearCoatBlack.uasset" 529
"../../../Engine/Content/EditorMeshes/ColorCalibrator/M_ColorGrid.uasset" 530
"../../../Engine/Content/EditorMeshes/ColorCalibrator/T_ColorGrid.uasset" 531
"../../../Engine/Content/EditorMeshes/ColorCalibrator/M_GreyBall.uasset" 532
"C:/Users/Chris/AppData/Local/UnrealEngine/Common/DerivedDataCache/1/7/9/MATSM_984AFA3849534FAA8491540B994BD32E_GLSL_ES2_WEBGL_3857__BC5N_DEV_SL_NODBUF__1015D014B8676854A2BBE9E268683302339F4AA8.udd" 533
"C:/Users/Chris/AppData/Local/UnrealEngine/Common/DerivedDataCache/4/2/5/MATSM_984AFA3849534FAA8491540B994BD32E_GLSL_ES2_WEBGL_3857__BC5N_DEV_SL_NODBUF__60D374CB15CF81831500E7B156581DABD24E177F.udd" 534
"C:/Users/Chris/AppData/Local/UnrealEngine/Common/DerivedDataCache/6/2/6/MATSM_984AFA3849534FAA8491540B994BD32E_GLSL_ES2_WEBGL_3857__BC5N_DEV_SL_NODBUF__C88B560C802F8BB0A07FD0F0F3D6FEF69ABB93E1.udd" 535
"C:/Users/Chris/AppData/Local/UnrealEngine/Common/DerivedDataCache/7/8/1/MATSM_984AFA3849534FAA8491540B994BD32E_GLSL_ES2_WEBGL_3857__BC5N_DEV_SL_NODBUF__B514C4FFA0C007880DE7CAAD4B1364654ADD9390.udd" 536
"C:/Users/Chris/AppData/Local/UnrealEngine/Common/DerivedDataCache/5/6/0/MATSM_984AFA3849534FAA8491540B994BD32E_GLSL_ES2_WEBGL_3857__BC5N_DEV_SL_NODBUF__042D5D641CD8D5A69A346887634463084D4116BF.udd" 537
"../../../Engine/Content/Tutorial/SubEditors/TutorialAssets/icon_Editor_Preferences_General_40x.uasset" 538
"../../../Engine/Content/Tutorial/Paper2D/TutorialAssets/Paper2DSprite_TutorialIcon.uasset" 539
"../../../Engine/Content/Tutorial/SubEditors/TutorialAssets/icon_ShowSkeletalMeshes_40x.uasset" 540
"../../../Engine/Content/Tutorial/BlueprintTutorials/BlueprintMacroLibrariesEditorOverview.uasset" 541
"../../../Engine/Content/Tutorial/BlueprintTutorials/TutorialAssets/BlueprintMacroLibrary_64x.uasset" 542
"../../../Engine/Content/Tutorial/BlueprintTutorials/TutorialAssets/Tutorial_BP_MacroLib.uasset" 543
"../../../Engine/Content/Tutorial/BlueprintTutorials/BlueprintInterfacesEditorOverview.uasset" 544
"../../../Engine/Content/Tutorial/BlueprintTutorials/TutorialAssets/BlueprintInterface_64x.uasset" 545
"../../../Engine/Content/Tutorial/BlueprintTutorials/TutorialAssets/Tutorial_BP_Interface.uasset" 546
"../../../Engine/Content/Tutorial/SubEditors/DestructibleMeshEditorTutorial.uasset" 547
"../../../Engine/Content/Tutorial/SubEditors/TutorialAssets/Tutorial_DM.uasset" 548
"../../../Engine/Content/EditorMeshes/EditorCube.uasset" 549
"../../../Engine/Content/Tutorial/SubEditors/MaterialEditorTutorial.uasset" 550
"../../../Engine/Content/Tutorial/SubEditors/TutorialAssets/TutorialMaterial.uasset" 551
"C:/Users/Chris/AppData/Local/UnrealEngine/Common/DerivedDataCache/1/7/8/MATSM_984AFA3849534FAA8491540B994BD32E_GLSL_ES2_WEBGL_3857__BC5N_DEV_SL_NODBUF__5CC829A1274A767DC3ABC67C9922BB667CBC47D9.udd" 552
"../../../Engine/Content/Tutorial/SubEditors/ParticleSystemEditorTutorial.uasset" 553
"../../../Engine/Content/Tutorial/SubEditors/TutorialAssets/TutorialParticleSystem.uasset" 554
"../../../Engine/Content/Tutorial/SubEditors/TutorialAssets/M_smoke_subUV_blackbody.uasset" 555
"../../../Engine/Content/Tutorial/SubEditors/TutorialAssets/T_SmokeSubUV_8X8.uasset" 556
"../../../Engine/Content/Tutorial/SubEditors/TutorialAssets/T_soft_smoke.uasset" 557
"C:/Users/Chris/AppData/Local/UnrealEngine/Common/DerivedDataCache/0/8/1/MATSM_984AFA3849534FAA8491540B994BD32E_GLSL_ES2_WEBGL_3857__BC5N_DEV_SL_NODBUF__09E8F1556F914831425A72F39E524A2334EBD98A.udd" 558
"../../../Engine/Content/Tutorial/SubEditors/PersonaAnimEditorWalkThrough.uasset" 559
"../../../Engine/Content/Tutorial/SubEditors/TutorialAssets/Character/NewBlendSpace1D.uasset" 560
"../../../Engine/Content/Tutorial/SubEditors/TutorialAssets/Character/Tutorial_Idle.uasset" 561
"../../../Engine/Content/Tutorial/SubEditors/TutorialAssets/Character/TutorialTPP_Skeleton.uasset" 562
"../../../Engine/Content/Tutorial/SubEditors/TutorialAssets/Character/Tutorial_Walk_Fwd.uasset" 563
"../../../Engine/Content/Tutorial/SubEditors/TutorialAssets/Character/TutorialTPP.uasset" 564
"../../../Engine/Content/Tutorial/SubEditors/TutorialAssets/Character/TutorialTPP_Mat.uasset" 565
"../../../Engine/Content/Tutorial/SubEditors/TutorialAssets/Character/TutorialTPP_PhysicsAsset.uasset" 566
"C:/Users/Chris/AppData/Local/UnrealEngine/Common/DerivedDataCache/6/5/7/MATSM_984AFA3849534FAA8491540B994BD32E_GLSL_ES2_WEBGL_3857__BC5N_DEV_SL_NODBUF__DFD0A0C0444BF2F083159EBAE82B39A6D21430CA.udd" 567
"../../../Engine/Content/Tutorial/SubEditors/PersonaAnimBlueprintEditorWalkthrough.uasset" 568
"../../../Engine/Content/Tutorial/SubEditors/TutorialAssets/Character/TutorialTPP_AnimBlueprint.uasset" 569
"../../../Engine/Content/Tutorial/SubEditors/TutorialAssets/Character/TutorialCharacter.uasset" 570
"../../../Engine/Content/Tutorial/Paper2D/SpriteEditorTutorial.uasset" 571
"../../../Engine/Content/Tutorial/Paper2D/FlipbookEditorTutorial.uasset" 572
"../../../Engine/Content/Tutorial/Paper2D/TutorialAssets/Paper2DFlipbook_TutorialIcon.uasset" 573
"../../../Engine/Content/Tutorial/Landscape/Landscape_Sculpt_Mode.uasset" 574
"../../../Engine/Content/Tutorial/Landscape/Landscape_Painting_Mode.uasset" 575
"../../../Engine/Content/Tutorial/Foliage/Foliage_Using_The_Tool_Tutorial.uasset" 576
"../../../Engine/Content/Tutorial/Foliage/Foliage_Settings_Tutorial.uasset" 577
"../../../Engine/Content/EngineMeshes/Cube.uasset" 578
"C:/Users/Chris/AppData/Local/UnrealEngine/Common/DerivedDataCache/2/5/4/TEXTURE_814DCC3DC72143F49509781513CB9855_RGBA8_2303080240B4FBC995EC43ABAA9A8C6__E24BE315BC7E38AAC851A0D9B18BDF6554E250F9.udd" 579
"C:/Users/Chris/AppData/Local/UnrealEngine/Common/DerivedDataCache/9/3/5/TEXTURE_814DCC3DC72143F49509781513CB9855_DXT5_565E0359430950FA252A118AF8521636__2EAA8DF17A4A6BDA26F27CE43AFDEEACA0FE4D59.udd" 580
"C:/Users/Chris/AppData/Local/UnrealEngine/Common/DerivedDataCache/1/2/1/TEXTURE_814DCC3DC72143F49509781513CB9855_DXT5_565E0359430950FA252A118AF8521636__2074CC5FEF49050A29DD420D261F012D43FDF3D2.udd" 581
"C:/Users/Chris/AppData/Local/UnrealEngine/Common/DerivedDataCache/1/6/9/TEXTURE_814DCC3DC72143F49509781513CB9855_DXT5_565E0359430950FA252A118AF8521636__3A5ED170B54AFC8A67B8289FC3E9EBD65EF14DB6.udd" 582
"C:/Users/Chris/AppData/Local/UnrealEngine/Common/DerivedDataCache/7/1/2/TEXTURE_814DCC3DC72143F49509781513CB9855_RGBA8_5216118D4EACC7D4064ADCBA89F7720__A6821AAF054EE38EE4AB76FCDE71C091DBB33BE8.udd" 583
"C:/Users/Chris/AppData/Local/UnrealEngine/Common/DerivedDataCache/3/4/2/TEXTURE_814DCC3DC72143F49509781513CB9855_RGBA8_5216118D4EACC7D4064ADCBA89F7720__321276360267FAD15F1DA9AA41BAAF1907CBC907.udd" 584
"C:/Users/Chris/AppData/Local/UnrealEngine/Common/DerivedDataCache/6/1/2/TEXTURE_814DCC3DC72143F49509781513CB9855_RGBA8_B19E8D43472CA8B277E8CCA8993996A__AE0CB2D3DAB09AE46189CF339B18FCF6C66AB4C2.udd" 585
"C:/Users/Chris/AppData/Local/UnrealEngine/Common/DerivedDataCache/1/3/2/TEXTURE_814DCC3DC72143F49509781513CB9855_RGBA8_D0FECEC94BB5E3DA0C23C4AB41A933F__E43CB1829BCDE76BFDF86F079D6A94FD24EDD5DF.udd" 586
"C:/Users/Chris/AppData/Local/UnrealEngine/Common/DerivedDataCache/6/4/4/TEXTURE_814DCC3DC72143F49509781513CB9855_RGBA8_D0FECEC94BB5E3DA0C23C4AB41A933F__98C01D8366A830FAB76EF3BD167F45424A2017BD.udd" 587
"C:/Users/Chris/AppData/Local/UnrealEngine/Common/DerivedDataCache/2/8/3/TEXTURE_814DCC3DC72143F49509781513CB9855_RGBA8_D0FECEC94BB5E3DA0C23C4AB41A933F__A129225D2584FBBB6D866B122B2F3E19CF681682.udd" 588
"C:/Users/Chris/AppData/Local/UnrealEngine/Common/DerivedDataCache/8/2/3/TEXTURE_814DCC3DC72143F49509781513CB9855_RGBA8_C6F046E346DE53E9987E70930FC6D31__D4169328E2952652C617DBEC1CF9AE765AD7D55D.udd" 589
"C:/Users/Chris/AppData/Local/UnrealEngine/Common/DerivedDataCache/6/9/3/TEXTURE_814DCC3DC72143F49509781513CB9855_RGBA8_2140CA5B4637C285519D6D91BA9973B__235668F39356976AB0D9EBDFDAF734E65889F31A.udd" 590
"C:/Users/Chris/AppData/Local/UnrealEngine/Common/DerivedDataCache/5/9/1/TEXTURE_814DCC3DC72143F49509781513CB9855_RGBA8_72107D3F4110EAEF3BE5D5841EFE141__667DBC4EE3FBFFDBAEAAA66B7B28EAC8555CA760.udd" 591
"C:/Users/Chris/AppData/Local/UnrealEngine/Common/DerivedDataCache/7/5/7/TEXTURE_814DCC3DC72143F49509781513CB9855_RGBA8_D07216FC40952418CFE0E28778D79B2__422D53FE178FC34BB42388E8C8BBA0081D0925B8.udd" 592
"C:/Users/Chris/AppData/Local/UnrealEngine/Common/DerivedDataCache/9/9/1/TEXTURE_814DCC3DC72143F49509781513CB9855_RGBA8_0334AFB24D2E5AA9081F9BAFF9F95EE__316A7055C3771D170C38374082DB6A59D3BB0F37.udd" 593
"C:/Users/Chris/AppData/Local/UnrealEngine/Common/DerivedDataCache/5/4/9/TEXTURE_814DCC3DC72143F49509781513CB9855_AUTODXT_BB893A254F4C16B6658FDFA582BBE__14E021AD594832E85178E5ADD6CDC0C828935348.udd" 594
"C:/Users/Chris/AppData/Local/UnrealEngine/Common/DerivedDataCache/9/0/4/TEXTURE_814DCC3DC72143F49509781513CB9855_RGBA8_3CB754C501400FC6608E3D803C6BCFC__37FCA6FA8972427A136B69AD4C1FEA6376C66B67.udd" 595
"C:/Users/Chris/AppData/Local/UnrealEngine/Common/DerivedDataCache/9/9/5/TEXTURE_814DCC3DC72143F49509781513CB9855_RGBA8_C3AB4D0E864D8185CEE5A097AA849C8__F52B17E07AC6D71DB4E6272C579F9C9C19CA0644.udd" 596
"C:/Users/Chris/AppData/Local/UnrealEngine/Common/DerivedDataCache/5/8/5/TEXTURE_814DCC3DC72143F49509781513CB9855_RGBA8_02746DB1AC406FE5518BB38BE9B721C__65FA60ECD07E793696914CA01A00810E07F5C140.udd" 597
"C:/Users/Chris/AppData/Local/UnrealEngine/Common/DerivedDataCache/8/7/1/TEXTURE_814DCC3DC72143F49509781513CB9855_RGBA8_DBE8D005B0498D54C1E36491D4AC9ED__FA7C1336C082DFAF4768764C57EB4C24F4C94D55.udd" 598
"C:/Users/Chris/AppData/Local/UnrealEngine/Common/DerivedDataCache/6/1/3/TEXTURE_814DCC3DC72143F49509781513CB9855_RGBA8_52C2D2044F80407BBABA8CB2BA04F4F__F22C743AB964E641C41379729928860D66300954.udd" 599
"C:/Users/Chris/AppData/Local/UnrealEngine/Common/DerivedDataCache/9/3/3/TEXTURE_814DCC3DC72143F49509781513CB9855_RGBA8_A28EC0C4486158C85466808599E49A4__6B6B1F03978C7592BE36BBD51C67575968A886AC.udd" 600
"C:/Users/Chris/AppData/Local/UnrealEngine/Common/DerivedDataCache/5/9/3/TEXTURE_814DCC3DC72143F49509781513CB9855_RGBA8_9B0249994A9B1B14D96CD7BB7A90FB3__186D48C9704DFC2F1AA394FDA7D2E1423A968523.udd" 601
"C:/Users/Chris/AppData/Local/UnrealEngine/Common/DerivedDataCache/5/6/7/TEXTURE_814DCC3DC72143F49509781513CB9855_RGBA8_300F91D746B84377794E1FA74622CC3__D8D030C39326A5218C74323512D8F4DE92192FB4.udd" 602
"C:/Users/Chris/AppData/Local/UnrealEngine/Common/DerivedDataCache/5/2/5/TEXTURE_814DCC3DC72143F49509781513CB9855_RGBA8_300F91D746B84377794E1FA74622CC3__F3B191573979BD7FB8929B3D93FCC61B85ADFF3A.udd" 603
"C:/Users/Chris/AppData/Local/UnrealEngine/Common/DerivedDataCache/6/0/3/TEXTURE_814DCC3DC72143F49509781513CB9855_RGBA8_300F91D746B84377794E1FA74622CC3__E1D7951EBDCED363A1C67E279670D5F83957F53F.udd" 604
"C:/Users/Chris/AppData/Local/UnrealEngine/Common/DerivedDataCache/1/6/6/TEXTURE_814DCC3DC72143F49509781513CB9855_RGBA8_300F91D746B84377794E1FA74622CC3__6388937A957D975C376AD25F0D16327974F52FDB.udd" 605
"C:/Users/Chris/AppData/Local/UnrealEngine/Common/DerivedDataCache/6/9/5/TEXTURE_814DCC3DC72143F49509781513CB9855_RGBA8_4963A1D64E358284C2A151B90C2ACE2__3FEC1C88EAA84D94442D43E61541285427A88EB7.udd" 606
"C:/Users/Chris/AppData/Local/UnrealEngine/Common/DerivedDataCache/2/0/4/TEXTURE_814DCC3DC72143F49509781513CB9855_RGBA8_70FBE2144E9E03B3586828844F8F9E3__89DA69BBD08299B2B8190D3523A9FE143EA1E3D1.udd" 607
"C:/Users/Chris/AppData/Local/UnrealEngine/Common/DerivedDataCache/0/2/3/TEXTURE_814DCC3DC72143F49509781513CB9855_RGBA8_8F68DA7846EE5B1FF2DDDC9433F817A__F325C467776FB96A53C73FDC4D90FEF3D728BB6F.udd" 608
"C:/Users/Chris/AppData/Local/UnrealEngine/Common/DerivedDataCache/7/4/4/TEXTURE_814DCC3DC72143F49509781513CB9855_RGBA8_8A9D9D2A48FA9339997AE79343CFD87__3E577C6AED84B208456981A624A1518DE5428856.udd" 609
"C:/Users/Chris/AppData/Local/UnrealEngine/Common/DerivedDataCache/4/5/9/TEXTURE_814DCC3DC72143F49509781513CB9855_RGBA8_4957CBA74161F467DABFBE98D2CA62A__C19556BA4C92501D87D9D7F9DEC5C2AF1407EA99.udd" 610
"C:/Users/Chris/AppData/Local/UnrealEngine/Common/DerivedDataCache/1/6/9/TEXTURE_814DCC3DC72143F49509781513CB9855_RGBA8_BCE8FE5741A00FEBD2B9A5B20374AA1__84042F32C9834D75B6BC48C335755648A004EF7E.udd" 611
"D:/Documents/GitHub/RunningBack/Content/UI/Scoreboard.uasset" 612
"D:/Documents/GitHub/RunningBack/Content/Blueprints/RBGameState_BP.uasset" 613
"../../../Engine/Content/EditorBlueprintResources/ActorMacros.uasset" 614
"D:/Documents/GitHub/RunningBack/Content/Blueprints/RBPlayerController_BP.uasset" 615
"D:/Documents/GitHub/RunningBack/Content/Blueprints/GameModes/RBGameMode_BP.uasset" 616
"D:/Documents/GitHub/RunningBack/Content/Blueprints/Pawn/RunningBackPawn_BP.uasset" 617
"D:/Documents/GitHub/RunningBack/Content/Blueprints/Attachable_BP.uasset" 618
"D:/Documents/GitHub/RunningBack/Content/StarterContent/Materials/M_Metal_Gold.uasset" 619
"D:/Documents/GitHub/RunningBack/Content/StarterContent/Textures/T_MacroVariation.uasset" 620
"D:/Documents/GitHub/RunningBack/Content/StarterContent/Textures/T_Metal_Gold_D.uasset" 621
"D:/Documents/GitHub/RunningBack/Content/StarterContent/Textures/T_Metal_Gold_N.uasset" 622
"D:/Documents/GitHub/RunningBack/Content/Vehicle/Meshes/Flak_37.uasset" 623
"D:/Documents/GitHub/RunningBack/Content/Blueprints/Pawn/RunningBackWheelFront.uasset" 624
"D:/Documents/GitHub/RunningBack/Content/Blueprints/Pawn/RunningBackWheelRear.uasset" 625
"D:/Documents/GitHub/RunningBack/Content/Blueprints/Projectile_BP.uasset" 626
"D:/Documents/GitHub/RunningBack/Content/FirstPerson/Meshes/FirstPersonProjectileMesh.uasset" 627
"D:/Documents/GitHub/RunningBack/Content/FirstPerson/Meshes/FirstPersonProjectileMaterial.uasset" 628
"D:/Documents/GitHub/RunningBack/Content/FirstPerson/Meshes/BaseMaterial.uasset" 629
"D:/Documents/GitHub/RunningBack/Content/Blueprints/StateOfGame.uasset" 630
"D:/Documents/GitHub/RunningBack/Content/Blueprints/RBPlayerState_BP.uasset" 631
"D:/Documents/GitHub/RunningBack/Content/Blueprints/StateOfPlayer.uasset" 632
"D:/Documents/GitHub/RunningBack/Content/Blueprints/TeamPlayerStart.uasset" 633
"D:/Documents/GitHub/RunningBack/Content/Blueprints/Team.uasset" 634
"D:/Documents/GitHub/RunningBack/Content/UI/Countdown.uasset" 635
"D:/Documents/GitHub/RunningBack/Content/UI/CrossHair.uasset" 636
"D:/Documents/GitHub/RunningBack/Content/Assets/Crosshair/crosshair.uasset" 637
"D:/Documents/GitHub/RunningBack/Content/UI/WinScreen.uasset" 638
"D:/Documents/GitHub/RunningBack/Content/Vehicle/RunningBack/FlyingCar_StaticMesh/red_texture.uasset" 639
"D:/Documents/GitHub/RunningBack/Content/Vehicle/RunningBack/FlyingCar_StaticMesh/red.uasset" 640
"D:/Documents/GitHub/RunningBack/Content/UI/GameLobby.uasset" 641
"D:/Documents/GitHub/RunningBack/Content/Blueprints/GameModes/LobbyGameMode_BP.uasset" 642
"D:/Documents/GitHub/RunningBack/Content/UI/LobbyPlayerRow.uasset" 643
"D:/Documents/GitHub/RunningBack/Content/UI/HUD.uasset" 644
"D:/Documents/GitHub/RunningBack/Content/UI/PlayerScoreRow.uasset" 645
"D:/Documents/GitHub/RunningBack/Content/UI/PauseMenu.uasset" 646
"D:/Documents/GitHub/RunningBack/Content/Vehicle/RunningBack/FlyingCar_StaticMesh/blue_texture.uasset" 647
"D:/Documents/GitHub/RunningBack/Content/Vehicle/RunningBack/FlyingCar_StaticMesh/blue.uasset" 648
"C:/Users/Chris/AppData/Local/UnrealEngine/Common/DerivedDataCache/0/2/1/MATSM_984AFA3849534FAA8491540B994BD32E_GLSL_ES2_WEBGL_3857__BC5N_DEV_SL_NODBUF__93086C7CDCA52E06043A2EB23F469F020F4EE07E.udd" 649
"C:/Users/Chris/AppData/Local/UnrealEngine/Common/DerivedDataCache/9/9/0/MATSM_984AFA3849534FAA8491540B994BD32E_GLSL_ES2_WEBGL_3857__BC5N_DEV_SL_NODBUF__004CC6D7371381CF4CE0A1AD7DEFE399004AD482.udd" 650
"C:/Users/Chris/AppData/Local/UnrealEngine/Common/DerivedDataCache/4/6/8/STATICMESH_46A8778361B442A9523C54440EA1E9D_8C68575CEF434CA8A9E1DA4AED8A47BB_24__99A44FB5210B77A207B2C382FA51474285746F24.udd" 651
"C:/Users/Chris/AppData/Local/UnrealEngine/Common/DerivedDataCache/3/6/6/PHYSX_1D9C17C451EA4FB88CB7A27536A65DB0_PHYSXPC_C418824E4EA51B7ABCD164BCEEBBFBB__02FD0742DF20FAEDB6B6FB9500594A1EDA8BE59C.udd" 652
"C:/Users/Chris/AppData/Local/UnrealEngine/Common/DerivedDataCache/8/1/6/NAVCOLLISION_B89838347A4348138EE337A847529C5C_NAVCOLLISION_X_C418824E4EA51B7AB__369545BFB03A089F176AE1871AF20CCFA46A288B.udd" 653
"C:/Users/Chris/AppData/Local/UnrealEngine/Common/DerivedDataCache/7/7/2/MATSM_984AFA3849534FAA8491540B994BD32E_GLSL_ES2_WEBGL_3857__BC5N_DEV_SL_NODBUF__28CA4458E805A942125574E19810B86293E2108D.udd" 654
"C:/Users/Chris/AppData/Local/UnrealEngine/Common/DerivedDataCache/4/3/6/PHYSX_1D9C17C451EA4FB88CB7A27536A65DB0_PHYSXPC_21742033495326E79332BC871B787C2__236BE69456652D217AD476D051E6729EBFB5BB3C.udd" 655
"C:/Users/Chris/AppData/Local/UnrealEngine/Common/DerivedDataCache/2/0/3/NAVCOLLISION_B89838347A4348138EE337A847529C5C_NAVCOLLISION_X_21742033495326E79__26A22BBAA0D0E0B7090C4A5E7C07F850CFF82541.udd" 656
"C:/Users/Chris/AppData/Local/UnrealEngine/Common/DerivedDataCache/6/9/9/MATSM_984AFA3849534FAA8491540B994BD32E_GLSL_ES2_WEBGL_3857__BC5N_DEV_SL_NODBUF__77D5AF555BB6C33AC27B244B801E2B08A78F44C7.udd" 657
"C:/Users/Chris/AppData/Local/UnrealEngine/Common/DerivedDataCache/7/3/6/TEXTURE_814DCC3DC72143F49509781513CB9855_RGBA8_048781E7244EBB4BDD4424B24D0278C__5E0AFEB004C6413E7EBCFA22FF24ED5D84E762C4.udd" 658
"C:/Users/Chris/AppData/Local/UnrealEngine/Common/DerivedDataCache/4/6/6/TEXTURE_814DCC3DC72143F49509781513CB9855_RGBA8_BE6282BBCE43E78046E7CC8C14E8677__468810400D9EF048A35875752C2E3D5EE7BE34FD.udd" 659
"C:/Users/Chris/AppData/Local/UnrealEngine/Common/DerivedDataCache/6/8/3/TEXTURE_814DCC3DC72143F49509781513CB9855_AUTODXT_60A1010848AB04B977C919B2683FD__3D024E97EFF903D48AA16C01CE9606A306ADCD2E.udd" 660
"C:/Users/Chris/AppData/Local/UnrealEngine/Common/DerivedDataCache/0/1/1/TEXTURE_814DCC3DC72143F49509781513CB9855_DXT5_3336FBEF4A3526C6FE3A369BA3AB0A8C__CE27925EF2CF0697FCBA173F26CBD06F57D03850.udd" 661
"C:/Users/Chris/AppData/Local/UnrealEngine/Common/DerivedDataCache/0/4/9/TEXTURE_814DCC3DC72143F49509781513CB9855_DXT5_3336FBEF4A3526C6FE3A369BA3AB0A8C__651C4BB67B8C28C005E3242222499D5B11901201.udd" 662
"C:/Users/Chris/AppData/Local/UnrealEngine/Common/DerivedDataCache/5/6/8/TEXTURE_814DCC3DC72143F49509781513CB9855_DXT5_3336FBEF4A3526C6FE3A369BA3AB0A8C__0361FD57315F9D5EAABE8F269D57081CB7B13831.udd" 663
"C:/Users/Chris/AppData/Local/UnrealEngine/Common/DerivedDataCache/9/6/1/TEXTURE_814DCC3DC72143F49509781513CB9855_DXT5_3336FBEF4A3526C6FE3A369BA3AB0A8C__7C2B0820ED8FE614E1B823A6CF5047D29BB7994D.udd" 664
"C:/Users/Chris/AppData/Local/UnrealEngine/Common/DerivedDataCache/9/7/2/TEXTURE_814DCC3DC72143F49509781513CB9855_DXT5_3336FBEF4A3526C6FE3A369BA3AB0A8C__7613A1477095F6A2EAEB75C82DFD51549459E660.udd" 665
"C:/Users/Chris/AppData/Local/UnrealEngine/Common/DerivedDataCache/4/5/1/TEXTURE_814DCC3DC72143F49509781513CB9855_DXT5_3336FBEF4A3526C6FE3A369BA3AB0A8C__ACB60D1A39631E97EB71405842B7106585524170.udd" 666
"D:/Documents/GitHub/RunningBack/Content/UI/NewGameMode.uasset" 667
"D:/Documents/GitHub/RunningBack/Content/UI/LobbyGameMode.uasset" 668
"D:/Documents/GitHub/RunningBack/Content/UI/CustomizationMenu.uasset" 669
"D:/Documents/GitHub/RunningBack/Content/Vehicle/Meshes/FreezeGun.uasset" 670
"D:/Documents/GitHub/RunningBack/Content/Vehicle/Meshes/mat_Glass_Brokensides_m.uasset" 671
"D:/Documents/GitHub/RunningBack/Content/Vehicle/Meshes/Mr_Freeze_Gun_D_Mat.uasset" 672
"C:/Users/Chris/AppData/Local/UnrealEngine/Common/DerivedDataCache/1/8/5/MATSM_984AFA3849534FAA8491540B994BD32E_GLSL_ES2_WEBGL_3857__BC5N_DEV_SL_NODBUF__155D62BFAF5995782D722F66B192B73895DB12B3.udd" 673
"C:/Users/Chris/AppData/Local/UnrealEngine/Common/DerivedDataCache/4/0/9/MATSM_984AFA3849534FAA8491540B994BD32E_GLSL_ES2_WEBGL_3857__BC5N_DEV_SL_NODBUF__9D708255AEC67E31E5D4FEA286A79898F61DA5F8.udd" 674
"C:/Users/Chris/AppData/Local/UnrealEngine/Common/DerivedDataCache/7/6/7/STATICMESH_46A8778361B442A9523C54440EA1E9D_8C68575CEF434CA8A9E1DA4AED8A47BB_46__219418ED24659F2787A0ECED874B5F35EBDED3B9.udd" 675
"C:/Users/Chris/AppData/Local/UnrealEngine/Common/DerivedDataCache/8/7/9/NAVCOLLISION_B89838347A4348138EE337A847529C5C_NAVCOLLISION_X_F9091BF04C5E581B0__71BD9F36B52A3603D84A291723CC99F4DCF52B4D.udd" 676
"C:/Users/Chris/AppData/Local/UnrealEngine/Common/DerivedDataCache/8/6/9/PHYSX_1D9C17C451EA4FB88CB7A27536A65DB0_PHYSXPC_F9091BF04C5E581B05816BBD7DBFF06__8616F8613C715A7322A270C09E1B109D94569FC3.udd" 677
"D:/Documents/GitHub/RunningBack/Content/Maps/MainMenuLevel.umap" 678
"D:/Documents/GitHub/RunningBack/Content/Blueprints/GameModes/UIGameMode.uasset" 679
"D:/Documents/GitHub/RunningBack/Content/StarterContent/Materials/M_Tech_Hex_Tile_Pulse.uasset" 680
"D:/Documents/GitHub/RunningBack/Content/StarterContent/Textures/T_Tech_Hex_Tile_M.uasset" 681
"D:/Documents/GitHub/RunningBack/Content/StarterContent/Textures/T_Tech_Hex_Tile_N.uasset" 682
"D:/Documents/GitHub/RunningBack/Content/Sounds/Music/MainMenu.uasset" 683
"D:/Documents/GitHub/RunningBack/Content/UI/StartMenu.uasset" 684
"D:/Documents/GitHub/RunningBack/Content/Vehicle/RunningBack/FlyingCar_StaticMesh/flyingcar.uasset" 685
"D:/Documents/GitHub/RunningBack/Content/Vehicle/RunningBack/FlyingCar_StaticMesh/default2.uasset" 686
"D:/Documents/GitHub/RunningBack/Content/Vehicle/RunningBack/FlyingCar_StaticMesh/default_brakelights1.uasset" 687
"D:/Documents/GitHub/RunningBack/Content/Vehicle/RunningBack/FlyingCar_StaticMesh/default_cockpit_console_displays1.uasset" 688
"D:/Documents/GitHub/RunningBack/Content/Vehicle/RunningBack/FlyingCar_StaticMesh/gm1.uasset" 689
"D:/Documents/GitHub/RunningBack/Content/Vehicle/RunningBack/FlyingCar_StaticMesh/default_cushions1.uasset" 690
"D:/Documents/GitHub/RunningBack/Content/Vehicle/RunningBack/FlyingCar_StaticMesh/yx1_02_01_01.uasset" 691
"D:/Documents/GitHub/RunningBack/Content/Vehicle/RunningBack/FlyingCar_StaticMesh/default_display_center_front1.uasset" 692
"D:/Documents/GitHub/RunningBack/Content/Vehicle/RunningBack/FlyingCar_StaticMesh/fx1.uasset" 693
"D:/Documents/GitHub/RunningBack/Content/Vehicle/RunningBack/FlyingCar_StaticMesh/default_display_center_rear1.uasset" 694
"D:/Documents/GitHub/RunningBack/Content/Vehicle/RunningBack/FlyingCar_StaticMesh/gt3_02_01_01_01.uasset" 695
"D:/Documents/GitHub/RunningBack/Content/Vehicle/RunningBack/FlyingCar_StaticMesh/default_headlights1.uasset" 696
"D:/Documents/GitHub/RunningBack/Content/Vehicle/RunningBack/FlyingCar_StaticMesh/default_name1.uasset" 697
"D:/Documents/GitHub/RunningBack/Content/Vehicle/RunningBack/FlyingCar_StaticMesh/default_rotor_blades1.uasset" 698
"D:/Documents/GitHub/RunningBack/Content/Vehicle/RunningBack/FlyingCar_StaticMesh/default_top_display1.uasset" 699
"C:/Users/Chris/AppData/Local/UnrealEngine/Common/DerivedDataCache/9/0/4/MATSM_984AFA3849534FAA8491540B994BD32E_GLSL_ES2_WEBGL_3857__BC5N_DEV_SL_NODBUF__6EFA225FF4FA00756ACB6A777CCEE60299C51114.udd" 700
"C:/Users/Chris/AppData/Local/UnrealEngine/Common/DerivedDataCache/2/9/7/MATSM_984AFA3849534FAA8491540B994BD32E_GLSL_ES2_WEBGL_3857__BC5N_DEV_SL_NODBUF__572CC9725D7E011969F237EDDA9434945E78D300.udd" 701
"C:/Users/Chris/AppData/Local/UnrealEngine/Common/DerivedDataCache/3/2/5/MATSM_984AFA3849534FAA8491540B994BD32E_GLSL_ES2_WEBGL_3857__BC5N_DEV_SL_NODBUF__7F99DBCD80C8E4DF88E40AFC5AA79FEDBDC43356.udd" 702
"C:/Users/Chris/AppData/Local/UnrealEngine/Common/DerivedDataCache/0/4/7/MATSM_984AFA3849534FAA8491540B994BD32E_GLSL_ES2_WEBGL_3857__BC5N_DEV_SL_NODBUF__2B8712CCC25C025F34ACB435EF49AB69FDE6B4B3.udd" 703
"C:/Users/Chris/AppData/Local/UnrealEngine/Common/DerivedDataCache/4/8/5/MATSM_984AFA3849534FAA8491540B994BD32E_GLSL_ES2_WEBGL_3857__BC5N_DEV_SL_NODBUF__D6A8E042B7F949F1249401DC96BE981A1933FE89.udd" 704
"C:/Users/Chris/AppData/Local/UnrealEngine/Common/DerivedDataCache/8/5/3/MATSM_984AFA3849534FAA8491540B994BD32E_GLSL_ES2_WEBGL_3857__BC5N_DEV_SL_NODBUF__BECA752B90964873A0BD1F03330822C5BDD5C397.udd" 705
"C:/Users/Chris/AppData/Local/UnrealEngine/Common/DerivedDataCache/4/5/0/MATSM_984AFA3849534FAA8491540B994BD32E_GLSL_ES2_WEBGL_3857__BC5N_DEV_SL_NODBUF__048AA6567206CE4F216F9134072D5EC349992718.udd" 706
"C:/Users/Chris/AppData/Local/UnrealEngine/Common/DerivedDataCache/0/8/1/MATSM_984AFA3849534FAA8491540B994BD32E_GLSL_ES2_WEBGL_3857__BC5N_DEV_SL_NODBUF__6BE370F43AEA0ACCD05EFB7E65FB4826FAD751B6.udd" 707
"C:/Users/Chris/AppData/Local/UnrealEngine/Common/DerivedDataCache/6/5/0/MATSM_984AFA3849534FAA8491540B994BD32E_GLSL_ES2_WEBGL_3857__BC5N_DEV_SL_NODBUF__23F49FD990E30184536B65428108EA053337CBBE.udd" 708
"C:/Users/Chris/AppData/Local/UnrealEngine/Common/DerivedDataCache/5/0/8/STATICMESH_46A8778361B442A9523C54440EA1E9D_8C68575CEF434CA8A9E1DA4AED8A47BB_2A__1132FD740E983407BE2ECB56C503F243179C9B35.udd" 709
"C:/Users/Chris/AppData/Local/UnrealEngine/Common/DerivedDataCache/3/0/2/PHYSX_1D9C17C451EA4FB88CB7A27536A65DB0_PHYSXPC_14F93F0C8642D5A03B6A91BA69A4CB9__C9FE46A8371A161EDD1E3E026D19B4E9E5FBB825.udd" 710
"C:/Users/Chris/AppData/Local/UnrealEngine/Common/DerivedDataCache/2/5/0/NAVCOLLISION_B89838347A4348138EE337A847529C5C_NAVCOLLISION_X_14F93F0C8642D5A03__0AD1AAF891F94415B50224E19E4FE88D653878F7.udd" 711
"C:/Users/Chris/AppData/Local/UnrealEngine/Common/DerivedDataCache/1/6/9/AUDIO_0002_0000_OGG_0001_155DADD6AD4E844E2BEF49B9BE59BBBA.udd" 712
"C:/Users/Chris/AppData/Local/UnrealEngine/Common/DerivedDataCache/1/5/1/MATSM_984AFA3849534FAA8491540B994BD32E_GLSL_ES2_WEBGL_3857__BC5N_DEV_SL_NODBUF__D7C676C6B2A7EED6BFE944C079DFB31E5681B3E0.udd" 713
"C:/Users/Chris/AppData/Local/UnrealEngine/Common/DerivedDataCache/9/6/2/PHYSX_1D9C17C451EA4FB88CB7A27536A65DB0_PHYSXPC_9E1760BD4739C13BCA00D4B0D6552928__1_0_13123_0.udd" 714
"C:/Users/Chris/AppData/Local/UnrealEngine/Common/DerivedDataCache/7/7/3/PHYSX_1D9C17C451EA4FB88CB7A27536A65DB0_PHYSXPC_F139D0344C5F59FEA0EDCCB8FEF8294E__1_0_13123_0.udd" 715
"C:/Users/Chris/AppData/Local/UnrealEngine/Common/DerivedDataCache/4/7/1/PHYSX_1D9C17C451EA4FB88CB7A27536A65DB0_PHYSXPC_FBE1542442E0F925E5F02AB64E7EBE81__1_0_13123_0.udd" 716
"C:/Users/Chris/AppData/Local/UnrealEngine/Common/DerivedDataCache/7/4/7/PHYSX_1D9C17C451EA4FB88CB7A27536A65DB0_PHYSXPC_EF6C1E72431131A46E70C19857F5392D__1_0_13123_0.udd" 717
"C:/Users/Chris/AppData/Local/UnrealEngine/Common/DerivedDataCache/0/0/0/MATSM_984AFA3849534FAA8491540B994BD32E_GLSL_ES2_WEBGL_3857__BC5N_DEV_SL_NODBUF__3DC6CA1AFA600EB46AA21CC447E7ABEE03DD06DA.udd" 718
"C:/Users/Chris/AppData/Local/UnrealEngine/Common/DerivedDataCache/6/2/3/TEXTURE_814DCC3DC72143F49509781513CB9855_AUTODXT_BEC474EC495A581CBE0DF19146C31__C020915A641151E1498D09565473006EB061F263.udd" 719
"C:/Users/Chris/AppData/Local/UnrealEngine/Common/DerivedDataCache/3/2/5/TEXTURE_814DCC3DC72143F49509781513CB9855_DXT1_C0205581469A4AEE8B7F778BE1538EE5__C004BBFEE2ACACB7D20F93BB47ABD65AA8235423.udd" 720
"C:/Users/Chris/AppData/Local/UnrealEngine/Common/DerivedDataCache/8/4/7/TEXTURE_814DCC3DC72143F49509781513CB9855_G8_5E4A0E9B4B5B101F6019429935258212_0__C698FDB87F50554EF1DAE692B197C174087946EC.udd" 721
"C:/Users/Chris/AppData/Local/UnrealEngine/Common/DerivedDataCache/7/0/1/TEXTURE_814DCC3DC72143F49509781513CB9855_DXT1_C0205581469A4AEE8B7F778BE1538EE5__B36D2D82FD8E8D2CAAB1F4D966D5F8555179EA94.udd" 722
"C:/Users/Chris/AppData/Local/UnrealEngine/Common/DerivedDataCache/1/8/7/TEXTURE_814DCC3DC72143F49509781513CB9855_AUTODXT_BEC474EC495A581CBE0DF19146C31__0663F9ADC1A778E464DEBAA9D92AE87E1DBB3494.udd" 723
"C:/Users/Chris/AppData/Local/UnrealEngine/Common/DerivedDataCache/4/9/6/TEXTURE_814DCC3DC72143F49509781513CB9855_G8_5E4A0E9B4B5B101F6019429935258212_0__54DED3D09584FF22E62E73B87CB4DD89FC116970.udd" 724
"C:/Users/Chris/AppData/Local/UnrealEngine/Common/DerivedDataCache/4/3/6/TEXTURE_814DCC3DC72143F49509781513CB9855_G8_5E4A0E9B4B5B101F6019429935258212_0__23ABB7838C3CB365C5F90FEE1117CCCBCF3B191E.udd" 725
"C:/Users/Chris/AppData/Local/UnrealEngine/Common/DerivedDataCache/2/8/9/TEXTURE_814DCC3DC72143F49509781513CB9855_AUTODXT_BEC474EC495A581CBE0DF19146C31__7F166202A2A72B18CB981FE6AFBE595539808BA3.udd" 726
"C:/Users/Chris/AppData/Local/UnrealEngine/Common/DerivedDataCache/8/3/2/TEXTURE_814DCC3DC72143F49509781513CB9855_G8_5E4A0E9B4B5B101F6019429935258212_0__698C461E4A83B7BB9F2D19EE78EB579DF592F241.udd" 727
"C:/Users/Chris/AppData/Local/UnrealEngine/Common/DerivedDataCache/9/5/8/TEXTURE_814DCC3DC72143F49509781513CB9855_AUTODXT_BEC474EC495A581CBE0DF19146C31__D971C785FEF8E706FA486C6812304D789A661EDD.udd" 728
"C:/Users/Chris/AppData/Local/UnrealEngine/Common/DerivedDataCache/9/8/7/TEXTURE_814DCC3DC72143F49509781513CB9855_DXT1_C0205581469A4AEE8B7F778BE1538EE5__684D20782EF6CD864C3EA9492CFB082A23403FAB.udd" 729
"C:/Users/Chris/AppData/Local/UnrealEngine/Common/DerivedDataCache/7/4/1/TEXTURE_814DCC3DC72143F49509781513CB9855_DXT1_C0205581469A4AEE8B7F778BE1538EE5__F3C1516EBD643773FE7EA03E36AD8706E3A6FB5F.udd" 730
"../../../Engine/Content/EditorResources/EmptyActor.uasset" 731
"C:/Users/Chris/AppData/Local/UnrealEngine/Common/DerivedDataCache/5/8/0/TEXTURE_814DCC3DC72143F49509781513CB9855_AUTODXT_7E1EC06AB04D7DA52AF6A78C9945E__8EEFCAA55A6CDCB47980A30E638EFD84116D2313.udd" 732
"C:/Users/Chris/AppData/Local/UnrealEngine/Common/DerivedDataCache/3/7/5/TEXTURE_814DCC3DC72143F49509781513CB9855_DXT5_B50C4E4947C56561FEEAC1B72FB696F5__FEE68DA753D06A27C13DD0F6584983818C1A8035.udd" 733
"C:/Users/Chris/AppData/Local/UnrealEngine/Common/DerivedDataCache/2/5/4/TEXTURE_814DCC3DC72143F49509781513CB9855_DXT5_B50C4E4947C56561FEEAC1B72FB696F5__F710760207F657CA074A6781146CAE24B8435CC7.udd" 734
"C:/Users/Chris/AppData/Local/UnrealEngine/Common/DerivedDataCache/3/3/3/TEXTURE_814DCC3DC72143F49509781513CB9855_DXT5_B50C4E4947C56561FEEAC1B72FB696F5__0C47496648941D7537051FD452EFE9D4D5256F6D.udd" 735
"C:/Users/Chris/AppData/Local/UnrealEngine/Common/DerivedDataCache/4/8/7/TEXTURE_814DCC3DC72143F49509781513CB9855_DXT5_B50C4E4947C56561FEEAC1B72FB696F5__C22964A7F7E7E995DACEB50535CDA687A018BEC7.udd" 736
"C:/Users/Chris/AppData/Local/UnrealEngine/Common/DerivedDataCache/1/2/9/TEXTURE_814DCC3DC72143F49509781513CB9855_DXT5_B50C4E4947C56561FEEAC1B72FB696F5__EF6904A83BA6C492A14933861C2E0FF26189EE39.udd" 737
"C:/Users/Chris/AppData/Local/UnrealEngine/Common/DerivedDataCache/8/6/3/TEXTURE_814DCC3DC72143F49509781513CB9855_RGBA8_32A16D3B9A4271BFB75960B84FE09BF__BC0F2476903B49921F179D9C96FA422A4D337EF2.udd" 738
"C:/Users/Chris/AppData/Local/UnrealEngine/Common/DerivedDataCache/0/9/0/TEXTURE_814DCC3DC72143F49509781513CB9855_RGBA8_AB06B30FD042FD54DC7F4EAA9521795__2CD9F51EED7033D6DACC6995026E6BB3AC2505BB.udd" 739
"C:/Users/Chris/AppData/Local/UnrealEngine/Common/DerivedDataCache/4/1/5/TEXTURE_814DCC3DC72143F49509781513CB9855_RGBA8_22ED7C886848446A46743B937A14F18__E5332790DF2FFF071EFF2E26CF78AE0F2721686E.udd" 740
"../../../Engine/Content/MobileResources/HUD/MobileHUDButton1_on.uasset" 741
"C:/Users/Chris/AppData/Local/UnrealEngine/Common/DerivedDataCache/4/0/2/TEXTURE_814DCC3DC72143F49509781513CB9855_RGBA8_9E839E0E4933277AAB67FB869C14F9A__E1326D11549374E6A0A651BDAD869E14462D6E33.udd" 742
"C:/Users/Chris/AppData/Local/UnrealEngine/Common/DerivedDataCache/1/0/3/TEXTURE_814DCC3DC72143F49509781513CB9855_RGBA8_9E839E0E4933277AAB67FB869C14F9A__F5B95A72D2C8960B421E7E613FC206004C52D527.udd" 743
"C:/Users/Chris/AppData/Local/UnrealEngine/Common/DerivedDataCache/2/9/9/TEXTURE_814DCC3DC72143F49509781513CB9855_RGBA8_9E839E0E4933277AAB67FB869C14F9A__77E626D2EB9A1CAB7D4DBEF0C4FB47FB13BF84D7.udd" 744
"../../../Engine/Content/MobileResources/HUD/DefaultVirtualJoysticks.uasset" 745
"../../../Engine/Content/MobileResources/HUD/VirtualJoystick_Background.uasset" 746
"../../../Engine/Content/MobileResources/HUD/AnalogHat.uasset" 747
"../../../Engine/Content/MobileResources/HUD/MobileHUDDirectionStick.uasset" 748
"D:/Documents/GitHub/RunningBack/Content/UI/UIGameMode.uasset" 749
"../../../Engine/Content/Maps/Entry.umap" 750
"../../../Engine/Content/EngineMaterials/DefaultNormal.uasset" 751
"C:/Users/Chris/AppData/Local/UnrealEngine/Common/DerivedDataCache/1/1/9/TEXTURE_814DCC3DC72143F49509781513CB9855_DXT5_122003924E39A572EF68B5BAC8A94B51__6DF458595C57C973F1BAD9A085563EF014EFB23A.udd" 752
"C:/Users/Chris/AppData/Local/UnrealEngine/Common/DerivedDataCache/4/7/1/TEXTURE_814DCC3DC72143F49509781513CB9855_DXT5_122003924E39A572EF68B5BAC8A94B51__EB038F11372158C6A21DF2C3F1BBBF60BC82F61C.udd" 753
"C:/Users/Chris/AppData/Local/UnrealEngine/Common/DerivedDataCache/2/4/7/TEXTURE_814DCC3DC72143F49509781513CB9855_DXT5_122003924E39A572EF68B5BAC8A94B51__15A87A045A02FB98AFA16108A8C72E9D365B1BBB.udd" 754
"C:/Users/Chris/AppData/Local/UnrealEngine/Common/DerivedDataCache/7/2/1/TEXTURE_814DCC3DC72143F49509781513CB9855_DXT5_122003924E39A572EF68B5BAC8A94B51__A6949FAE7A7C63D1B72BFE24B1EFA26A0CD6792E.udd" 755
"C:/Users/Chris/AppData/Local/UnrealEngine/Common/DerivedDataCache/0/5/4/TEXTURE_814DCC3DC72143F49509781513CB9855_DXT5_122003924E39A572EF68B5BAC8A94B51__4FB9FD655323381104D65590D1F9A5B365308377.udd" 756
"C:/Users/Chris/AppData/Local/UnrealEngine/Common/DerivedDataCache/3/4/1/TEXTURE_814DCC3DC72143F49509781513CB9855_RGBA8_BD2910D742B4B4778E3374B97767851__E69EE508FA94BF3EEE67C83922A88EFE39DBAF6C.udd" 757
"../../../Engine/Content/MobileResources/HUD/MobileHUDButtonFire.uasset" 758
"../../../Engine/Content/MobileResources/HUD/T_Castle_ThumbstickOutter.uasset" 759
"C:/Users/Chris/AppData/Local/UnrealEngine/Common/DerivedDataCache/9/7/5/TEXTURE_814DCC3DC72143F49509781513CB9855_RGBA8_9F5B2DF1453DB1272733529F5E95869__9ADC6565887170B0D3E6B96EDBBEA7661DA94857.udd" 760
"../../../Engine/Content/MobileResources/HUD/T_Castle_ThumbstickInner.uasset" 761
"C:/Users/Chris/AppData/Local/UnrealEngine/Common/DerivedDataCache/8/8/2/TEXTURE_814DCC3DC72143F49509781513CB9855_RGBA8_A4535AA24BB699361857049E2A844B2__392B86882A1FAA09C71BFBD25E66F43BF069C1AA.udd" 762
"../../../Engine/Content/MobileResources/HUD/MobileHUDButton3.uasset" 763
"../../../Engine/Content/MobileResources/HUD/MobileHUDButton2_off.uasset" 764
"../../../Engine/Content/MobileResources/T_MobileControls_texture.uasset" 765
"../../../Engine/Content/MobileResources/HUD/MobileHUDDirectionPad2.uasset" 766
"../../../Engine/Content/MobileResources/HUD/MobileHUDDirectionPad3.uasset" 767
"../../../Engine/Content/MobileResources/HUD/MobileHUDDirectionPad.uasset" 768
"../../../Engine/Content/MobileResources/HUD/MobileHUDButton1_off.uasset" 769
"../../../Engine/Content/MobileResources/T_MobileMenu2.uasset" 770
"../../../Engine/Content/MobileResources/HUD/LeftVirtualJoystickOnly.uasset" 771
"../../../Engine/Content/MobileResources/HUD/MobileHUDButton2_on.uasset" 772
"..\..\..\Engine\Content\Internationalization\icudt53l\windowsZones.res" 773
"..\..\..\Engine\Content\Internationalization\icudt53l\zoneinfo64.res" 774
"..\..\..\Engine\Content\Internationalization\icudt53l\keyTypeData.res" 775
"..\..\..\Engine\Content\Internationalization\icudt53l\timezoneTypes.res" 776
"..\..\..\Engine\Content\Internationalization\icudt53l\supplementalData.res" 777
"..\..\..\Engine\Content\Internationalization\icudt53l\likelySubtags.res" 778
