"../../../Engine/Content/EditorBlueprintResources/ActorMacros.uasset" 0
"../../../Engine/Content/EditorBlueprintResources/StandardMacros.uasset" 1
"../../../RunningBack/Content/StarterContent/Textures/T_MacroVariation.uasset" 2
"../../../RunningBack/Content/StarterContent/Textures/T_Metal_Gold_D.uasset" 3
"../../../RunningBack/Content/StarterContent/Textures/T_Metal_Gold_N.uasset" 4
"../../../RunningBack/Content/StarterContent/Materials/M_Metal_Gold.uasset" 5
"../../../Engine/Content/Functions/Engine_MaterialFunctions01/Opacity/CameraDepthFade.uasset" 6
"../../../Engine/Content/EngineMaterials/T_Default_Material_Grid_M.uasset" 7
"../../../Engine/Content/EngineMaterials/T_Default_Material_Grid_N.uasset" 8
"../../../Engine/Content/EngineMaterials/WorldGridMaterial.uasset" 9
"../../../RunningBack/Content/Vehicle/Meshes/Flak_37.uasset" 10
"../../../RunningBack/Content/Blueprints/Attachable_BP.uasset" 11
"../../../RunningBack/Content/FirstPerson/Meshes/BaseMaterial.uasset" 12
"../../../RunningBack/Content/FirstPerson/Meshes/FirstPersonProjectileMaterial.uasset" 13
"../../../RunningBack/Content/FirstPerson/Meshes/FirstPersonProjectileMesh.uasset" 14
"../../../RunningBack/Content/Blueprints/Projectile_BP.uasset" 15
"../../../RunningBack/Content/Blueprints/StateOfPlayer.uasset" 16
"../../../RunningBack/Content/Blueprints/RBPlayerState_BP.uasset" 17
"../../../RunningBack/Content/Blueprints/RunningBack/RunningBackWheelFront.uasset" 18
"../../../RunningBack/Content/Blueprints/RunningBack/RunningBackWheelRear.uasset" 19
"../../../RunningBack/Content/Vehicle/Sedan/HoverCar/blue.uasset" 20
"../../../RunningBack/Content/Vehicle/RunningBack/blue_texture.uasset" 21
"../../../RunningBack/Content/Vehicle/RunningBack/red.uasset" 22
"../../../RunningBack/Content/Vehicle/RunningBack/red_texture.uasset" 23
"../../../RunningBack/Content/Blueprints/StateOfGame.uasset" 24
"../../../RunningBack/Content/Blueprints/Pawn/RunningBackPawn_BP.uasset" 25
"../../../RunningBack/Content/Blueprints/Team.uasset" 26
"../../../RunningBack/Content/Blueprints/TeamPlayerStart.uasset" 27
"../../../RunningBack/Content/UI/Countdown.uasset" 28
"../../../RunningBack/Content/UI/WinScreen.uasset" 29
"../../../RunningBack/Content/Blueprints/GameModes/RBGameMode_BP.uasset" 30
"../../../RunningBack/Content/Blueprints/GameModes/LobbyGameMode_BP.uasset" 31
"../../../RunningBack/Content/UI/LobbyPlayerRow.uasset" 32
"../../../RunningBack/Content/UI/GameLobby.uasset" 33
"../../../RunningBack/Content/UI/PlayerScoreRow.uasset" 34
"../../../RunningBack/Content/UI/Scoreboard.uasset" 35
"../../../RunningBack/Content/UI/HUD.uasset" 36
"../../../RunningBack/Content/UI/PauseMenu.uasset" 37
"../../../RunningBack/Content/Blueprints/RBPlayerController_BP.uasset" 38
"../../../RunningBack/Content/Blueprints/RBGameState_BP.uasset" 39
"../../../RunningBack/Content/Blueprints/GameModes/UIGameMode.uasset" 40
"../../../RunningBack/Content/StarterContent/Textures/T_Tech_Hex_Tile_M.uasset" 41
"../../../RunningBack/Content/StarterContent/Textures/T_Tech_Hex_Tile_N.uasset" 42
"../../../RunningBack/Content/StarterContent/Materials/M_Tech_Hex_Tile_Pulse.uasset" 43
"../../../RunningBack/Content/Blueprints/State.uasset" 44
"../../../RunningBack/Content/Blueprints/RBGameInstance.uasset" 45
"../../../RunningBack/Content/UI/StartMenu.uasset" 46
"../../../RunningBack/Content/Vehicle/Sedan/HoverCar/default2.uasset" 47
"../../../RunningBack/Content/Vehicle/Sedan/HoverCar/default_brakelights1.uasset" 48
"../../../RunningBack/Content/Vehicle/Sedan/HoverCar/gm1.uasset" 49
"../../../RunningBack/Content/Vehicle/Sedan/HoverCar/default_cockpit_console_displays1.uasset" 50
"../../../RunningBack/Content/Vehicle/Sedan/HoverCar/yx1_02_01_01.uasset" 51
"../../../RunningBack/Content/Vehicle/Sedan/HoverCar/default_cushions1.uasset" 52
"../../../RunningBack/Content/Vehicle/Sedan/HoverCar/fx1.uasset" 53
"../../../RunningBack/Content/Vehicle/Sedan/HoverCar/default_display_center_front1.uasset" 54
"../../../RunningBack/Content/Vehicle/Sedan/HoverCar/gt3_02_01_01_01.uasset" 55
"../../../RunningBack/Content/Vehicle/Sedan/HoverCar/default_display_center_rear1.uasset" 56
"../../../RunningBack/Content/Vehicle/Sedan/HoverCar/default_headlights1.uasset" 57
"../../../RunningBack/Content/Vehicle/Sedan/HoverCar/default_name1.uasset" 58
"../../../RunningBack/Content/Vehicle/Sedan/HoverCar/default_rotor_blades1.uasset" 59
"../../../RunningBack/Content/Vehicle/Sedan/HoverCar/default_top_display1.uasset" 60
"../../../RunningBack/Content/Vehicle/Sedan/HoverCar/red.uasset" 61
"../../../RunningBack/Content/Vehicle/Sedan/HoverCar/red_texture.uasset" 62
"../../../RunningBack/Content/Vehicle/Sedan/HoverCar/flyingcar.uasset" 63
"../../../RunningBack/Content/Maps/MainMenuLevel.umap" 64
"../../../Engine/Content/EditorResources/S_Actor.uasset" 65
"../../../Engine/Content/EditorResources/SceneManager.uasset" 66
"../../../Engine/Content/EditorResources/S_Emitter.uasset" 67
"../../../Engine/Content/EditorResources/S_FTest.uasset" 68
"../../../Engine/Content/EditorResources/Bad.uasset" 69
"../../../Engine/Content/EditorResources/Bkgnd.uasset" 70
"../../../Engine/Content/EditorResources/BkgndHi.uasset" 71
"../../../Engine/Content/EditorMeshes/EditorCube.uasset" 72
"../../../Engine/Content/EditorMeshes/EditorSphere.uasset" 73
"../../../Engine/Content/EditorMeshes/EditorPlane.uasset" 74
"../../../Engine/Content/EditorMeshes/EditorCylinder.uasset" 75
"../../../Engine/Content/EngineFonts/Roboto.uasset" 76
"../../../Engine/Content/Maps/Templates/Thumbnails/Default.uasset" 77
"../../../Engine/Content/Functions/Engine_MaterialFunctions01/Shading/PowerToRoughness.uasset" 78
"../../../Engine/Content/EngineMaterials/DefaultDiffuse.uasset" 79
"../../../Engine/Content/EngineMaterials/DefaultDeferredDecalMaterial.uasset" 80
"../../../Engine/Content/EngineMaterials/DefaultLightFunctionMaterial.uasset" 81
"../../../Engine/Content/Functions/Engine_MaterialFunctions02/Utility/BreakOutFloat2Components.uasset" 82
"../../../Engine/Content/EngineMaterials/DefaultPostProcessMaterial.uasset" 83
"../../../Engine/Content/EditorMaterials/Thumbnails/SkySphereMaterial.uasset" 84
"../../../Engine/Content/EditorMeshes/EditorSkySphere.uasset" 85
"../../../Engine/Content/EngineMaterials/Grid.uasset" 86
"../../../Engine/Content/EditorMaterials/Thumbnails/FloorPlaneMaterial.uasset" 87
"../../../Engine/Content/MapTemplates/Sky/DaylightAmbientCubemap.uasset" 88
"../../../Engine/Content/EditorMaterials/ParticleSystems/PSysThumbnail_NoImage.uasset" 89
"../../../Engine/Content/EditorMaterials/ParticleSystems/PSysThumbnail_OOD.uasset" 90
"../../../Engine/Content/EditorResources/S_DecalActorIcon.uasset" 91
"../../../Engine/Content/EditorLandscapeResources/LandscapeGizmo_Mat.uasset" 92
"../../../Engine/Content/EditorLandscapeResources/LandscapeGizmo_Mat_Copied.uasset" 93
"../../../Engine/Content/EditorLandscapeResources/LandscapeGizmoHeight_Mat.uasset" 94
"../../../Engine/Content/EditorLandscapeResources/DataLayer.uasset" 95
"../../../Engine/Content/EditorResources/S_Terrain.uasset" 96
"../../../Engine/Content/EditorLandscapeResources/SplineEditorMeshMat.uasset" 97
"../../../Engine/Content/EditorLandscapeResources/SplineEditorMesh.uasset" 98
"../../../Engine/Content/EngineResources/DefaultTexture.uasset" 99
"../../../Engine/Content/Functions/Engine_MaterialFunctions02/Texturing/ScreenAlignedUVs.uasset" 100
"../../../Engine/Content/EngineResources/WhiteSquareTexture.uasset" 101
"../../../Engine/Content/EngineMaterials/Widget3DPassThrough.uasset" 102
"../../../Engine/Content/EngineMaterials/Widget3DPassThrough_Translucent.uasset" 103
"../../../Engine/Content/EngineMaterials/Widget3DPassThrough_Translucent_OneSided.uasset" 104
"../../../Engine/Content/EngineMaterials/Widget3DPassThrough_Opaque.uasset" 105
"../../../Engine/Content/EngineMaterials/Widget3DPassThrough_Opaque_OneSided.uasset" 106
"../../../Engine/Content/EngineMaterials/Widget3DPassThrough_Masked.uasset" 107
"../../../Engine/Content/EngineMaterials/Widget3DPassThrough_Masked_OneSided.uasset" 108
"../../../Engine/Content/EditorResources/MatineeCam_D.uasset" 109
"../../../Engine/Content/EditorMaterials/MatineeCam_mat.uasset" 110
"../../../Engine/Content/EditorMeshes/MatineeCam_SM.uasset" 111
"../../../Engine/Content/Functions/Engine_MaterialFunctions02/Utility/Sign.uasset" 112
"../../../Engine/Content/Functions/Engine_MaterialFunctions02/Utility/Round.uasset" 113
"../../../Engine/Content/Functions/Engine_MaterialFunctions02/ExampleContent/Textures/flipbook.uasset" 114
"../../../Engine/Content/Functions/Engine_MaterialFunctions02/Texturing/FlipBook.uasset" 115
"../../../Engine/Content/EditorResources/T_EditorHelp.uasset" 116
"../../../Engine/Content/EditorMaterials/HelpActorMaterial.uasset" 117
"../../../Engine/Content/EditorResources/S_ExpoHeightFog.uasset" 118
"../../../Engine/Content/EditorResources/S_NavP.uasset" 119
"../../../Engine/Content/EditorResources/S_Player.uasset" 120
"../../../Engine/Content/EditorResources/LightIcons/SkyLight.uasset" 121
"../../../Engine/Content/EditorResources/S_WindDirectional.uasset" 122
"../../../Engine/Content/EngineDamageTypes/DmgTypeBP_Environmental.uasset" 123
"../../../Engine/Content/EditorResources/LightIcons/S_LightDirectional.uasset" 124
"../../../Engine/Content/EditorResources/LightIcons/S_LightDirectionalMove.uasset" 125
"../../../Engine/Content/EditorResources/LightIcons/S_LightPoint.uasset" 126
"../../../Engine/Content/EditorResources/LightIcons/S_LightPointMove.uasset" 127
"../../../Engine/Content/EditorResources/LightIcons/S_LightSpot.uasset" 128
"../../../Engine/Content/EditorResources/LightIcons/S_LightSpotMove.uasset" 129
"../../../Engine/Content/EditorResources/MatInstActSprite.uasset" 130
"../../../Engine/Content/EditorResources/AI/S_NavLink.uasset" 131
"../../../Engine/Content/EditorResources/S_Note.uasset" 132
"../../../Engine/Content/EngineMeshes/Sphere.uasset" 133
"../../../Engine/Content/EditorResources/S_ReflActorIcon.uasset" 134
"../../../Engine/Content/EditorResources/S_Thruster.uasset" 135
"../../../Engine/Content/EditorResources/S_RadForce.uasset" 136
"../../../Engine/Content/EditorMaterials/TargetIcon.uasset" 137
"../../../Engine/Content/EngineFonts/RobotoDistanceField.uasset" 138
"../../../Engine/Content/EngineMaterials/DefaultTextMaterialOpaque.uasset" 139
"../../../Engine/Content/EditorResources/S_TextRenderActorIcon.uasset" 140
"../../../Engine/Content/EditorResources/S_Trigger.uasset" 141
"../../../Engine/Content/EditorResources/S_VectorFieldVol.uasset" 142
"../../../Engine/Content/EngineResources/GradientTexture0.uasset" 143
"../../../Engine/Content/EngineResources/Black.uasset" 144
"../../../Engine/Content/EditorMaterials/MatineeGroups/MAT_Groups_Float.uasset" 145
"../../../Engine/Content/EditorMaterials/MatineeGroups/MAT_Groups_Director.uasset" 146
"../../../Engine/Content/EditorMaterials/MatineeGroups/MAT_Groups_Event.uasset" 147
"../../../Engine/Content/EditorMaterials/MatineeGroups/MAT_Groups_Anim.uasset" 148
"../../../Engine/Content/EditorMaterials/MatineeGroups/MAT_Groups_Fade.uasset" 149
"../../../Engine/Content/EditorMaterials/MatineeGroups/MAT_Groups_Move.uasset" 150
"../../../Engine/Content/EditorMaterials/MatineeGroups/MAT_Groups_Slomo.uasset" 151
"../../../Engine/Content/EditorMaterials/MatineeGroups/MAT_ColorTrack.uasset" 152
"../../../Engine/Content/EditorMaterials/MAT_Groups_Toggle.uasset" 153
"../../../Engine/Content/EditorMaterials/MatineeGroups/MAT_Groups_AudioMaster.uasset" 154
"../../../Engine/Content/EditorMaterials/MatineeGroups/MAT_Groups_Sound.uasset" 155
"../../../Engine/Content/EditorMaterials/MatineeGroups/MAT_Groups_Vector.uasset" 156
"../../../Engine/Content/EditorMaterials/MAT_Groups_Visibility.uasset" 157
"../../../Engine/Content/EngineResources/DefaultTextureCube.uasset" 158
"../../../Engine/Content/EngineMaterials/DefaultMaterial.uasset" 159
"../../../Engine/Content/EngineMeshes/Cylinder.uasset" 160
"../../../Engine/Content/EngineTireTypes/DefaultTireType.uasset" 161
"../../../Engine/Content/EngineResources/AICON-Red.uasset" 162
"../../../Engine/Content/EngineResources/AICON-Green.uasset" 163
"../../../Engine/Plugins/2D/Paper2D/Content/PlaceholderTextures/DummySpriteTexture.uasset" 164
"../../../Engine/Plugins/2D/Paper2D/Content/DefaultSpriteMaterial.uasset" 165
"../../../Engine/Plugins/2D/Paper2D/Content/MaskedUnlitSpriteMaterial.uasset" 166
"../../../Engine/Plugins/2D/Paper2D/Content/OpaqueUnlitSpriteMaterial.uasset" 167
"../../../Engine/Plugins/2D/Paper2D/Content/DummySprite.uasset" 168
"../../../Engine/Plugins/2D/Paper2D/Content/DefaultPaperTerrainMaterial.uasset" 169
"../../../RunningBack/Content/Vehicle/Meshes/Aircraft_Carrier/tranparency.uasset" 170
"../../../RunningBack/Content/Vehicle/RunningBack/default2.uasset" 171
"../../../RunningBack/Content/Vehicle/RunningBack/default_brakelights1.uasset" 172
"../../../RunningBack/Content/Vehicle/RunningBack/gm1.uasset" 173
"../../../RunningBack/Content/Vehicle/RunningBack/default_cockpit_console_displays1.uasset" 174
"../../../RunningBack/Content/Vehicle/RunningBack/yx1_02_01_01.uasset" 175
"../../../RunningBack/Content/Vehicle/RunningBack/default_cushions1.uasset" 176
"../../../RunningBack/Content/Vehicle/RunningBack/fx1.uasset" 177
"../../../RunningBack/Content/Vehicle/RunningBack/default_display_center_front1.uasset" 178
"../../../RunningBack/Content/Vehicle/RunningBack/gt3_02_01_01_01.uasset" 179
"../../../RunningBack/Content/Vehicle/RunningBack/default_display_center_rear1.uasset" 180
"../../../RunningBack/Content/Vehicle/RunningBack/default_headlights1.uasset" 181
"../../../RunningBack/Content/Vehicle/RunningBack/default_name1.uasset" 182
"../../../RunningBack/Content/Vehicle/RunningBack/default_rotor_blades1.uasset" 183
"../../../RunningBack/Content/Vehicle/RunningBack/default_top_display1.uasset" 184
"../../../RunningBack/Content/Vehicle/RunningBack/Flying_Car_PhysicsAsset.uasset" 185
"../../../RunningBack/Content/Vehicle/RunningBack/Flying_Car.uasset" 186
"../../../RunningBack/Content/Vehicle/RunningBack/Flying_Car_Skeleton.uasset" 187
"../../../RunningBack/Content/Vehicle/RunningBack/FlyingCar_ABP.uasset" 188
"../../../Engine/Content/EditorSounds/Notifications/CompileSuccess.uasset" 189
"../../../Engine/Content/EditorSounds/Notifications/CompileStart_Cue.uasset" 190
"../../../Engine/Content/EditorSounds/Notifications/CompileSuccess_Cue.uasset" 191
"../../../Engine/Content/EditorSounds/Notifications/CompileFailed.uasset" 192
"../../../Engine/Content/EditorSounds/Notifications/CompileFailed_Cue.uasset" 193
"../../../Engine/Content/BufferVisualization/BaseColor.uasset" 194
"../../../Engine/Content/BufferVisualization/CustomDepth.uasset" 195
"../../../Engine/Content/Functions/Engine_MaterialFunctions02/Utility/MakeFloat2.uasset" 196
"../../../Engine/Content/Functions/Engine_MaterialFunctions02/Utility/MakeFloat3.uasset" 197
"../../../Engine/Content/EngineMaterials/MiniFont.uasset" 198
"../../../Engine/Content/BufferVisualization/CustomStencil.uasset" 199
"../../../Engine/Content/BufferVisualization/DecalMask.uasset" 200
"../../../Engine/Content/BufferVisualization/FinalImage.uasset" 201
"../../../Engine/Content/BufferVisualization/LightingModel.uasset" 202
"../../../Engine/Content/BufferVisualization/MaterialAO.uasset" 203
"../../../Engine/Content/BufferVisualization/Metallic.uasset" 204
"../../../Engine/Content/BufferVisualization/Opacity.uasset" 205
"../../../Engine/Content/BufferVisualization/Roughness.uasset" 206
"../../../Engine/Content/BufferVisualization/SceneColor.uasset" 207
"../../../Engine/Content/BufferVisualization/SceneDepth.uasset" 208
"../../../Engine/Content/BufferVisualization/SeparateTranslucencyRGB.uasset" 209
"../../../Engine/Content/BufferVisualization/SeparateTranslucencyA.uasset" 210
"../../../Engine/Content/BufferVisualization/Specular.uasset" 211
"../../../Engine/Content/BufferVisualization/SubsurfaceColor.uasset" 212
"../../../Engine/Content/BufferVisualization/WorldNormal.uasset" 213
"../../../Engine/Content/EngineMaterials/DefaultPhysicalMaterial.uasset" 214
"../../../Engine/Content/BufferVisualization/AmbientOcclusion.uasset" 215
"../../../Engine/Content/Functions/Engine_MaterialFunctions02/Utility/VectorLength.uasset" 216
"../../../Engine/Content/BufferVisualization/CustomDepthWorldUnits.uasset" 217
"../../../Engine/Content/BufferVisualization/SceneDepthWorldUnits.uasset" 218
"../../../Engine/Content/EngineMaterials/HighResolutionScreenshotMaskFunction.uasset" 219
"../../../Engine/Content/EngineMaterials/HighResScreenshot.uasset" 220
"../../../Engine/Content/EngineMaterials/HighResScreenshotMask.uasset" 221
"../../../Engine/Content/EngineMaterials/HighResScreenshotCaptureRegion.uasset" 222
"../../../Engine/Content/EngineDebugMaterials/WireframeMaterial.uasset" 223
"../../../Engine/Content/Functions/Engine_MaterialFunctions01/Shading/ConvertFromDiffSpec.uasset" 224
"../../../Engine/Content/EngineDebugMaterials/LevelColorationLitMaterial.uasset" 225
"../../../Engine/Content/EngineDebugMaterials/LevelColorationUnlitMaterial.uasset" 226
"../../../Engine/Content/EngineMaterials/DefaultWhiteGrid.uasset" 227
"../../../Engine/Content/EngineDebugMaterials/MAT_LevelColorationLitLightmapUV.uasset" 228
"../../../Engine/Content/EngineDebugMaterials/ShadedLevelColorationLitMaterial.uasset" 229
"../../../Engine/Content/EngineDebugMaterials/ShadedLevelColorationUnlitMateri.uasset" 230
"../../../Engine/Content/EngineDebugMaterials/VertexColorMaterial.uasset" 231
"../../../Engine/Content/EngineDebugMaterials/VertexColorViewMode_ColorOnly.uasset" 232
"../../../Engine/Content/EngineDebugMaterials/VertexColorViewMode_AlphaAsColor.uasset" 233
"../../../Engine/Content/EngineDebugMaterials/VertexColorViewMode_RedOnly.uasset" 234
"../../../Engine/Content/EngineDebugMaterials/VertexColorViewMode_GreenOnly.uasset" 235
"../../../Engine/Content/EngineDebugMaterials/VertexColorViewMode_BlueOnly.uasset" 236
"../../../Engine/Content/EngineMaterials/RemoveSurfaceMaterial.uasset" 237
"../../../Engine/Content/EngineDebugMaterials/DebugMeshMaterial.uasset" 238
"../../../Engine/Content/EngineMaterials/InvalidLightmapSettings.uasset" 239
"../../../Engine/Content/EngineMaterials/M_InvalidLightmapSettings.uasset" 240
"../../../Engine/Content/EditorMaterials/GizmoMaterial.uasset" 241
"../../../Engine/Content/EngineDebugMaterials/GeomMaterial.uasset" 242
"../../../Engine/Content/EngineMaterials/EditorBrushMaterial.uasset" 243
"../../../Engine/Content/EngineDebugMaterials/HeatmapGradient.uasset" 244
"../../../Engine/Content/EngineDebugMaterials/BoneWeightMaterial.uasset" 245
"../../../Engine/Content/EditorMaterials/PreviewShadowIndicator.uasset" 246
"../../../Engine/Content/EditorMaterials/PreviewShadowIndicatorMaterial.uasset" 247
"../../../Engine/Content/EditorMaterials/PhAT_JointLimitMaterial.uasset" 248
"../../../Engine/Content/EditorResources/BSPVertex.uasset" 249
"../../../Engine/Content/EngineMaterials/Good64x64TilingNoiseHighFreq.uasset" 250
"../../../Engine/Content/EngineMaterials/DefaultBokeh.uasset" 251
"../../../Engine/Content/EngineMaterials/PreintegratedSkinBRDF.uasset" 252
"../../../Engine/Content/EngineMaterials/WeightMapPlaceholderTexture.uasset" 253
"../../../Engine/Content/EngineFonts/RobotoTiny.uasset" 254
"../../../Engine/Content/Tutorial/Basics/LevelEditorAttract.uasset" 255
"../../../Engine/Content/Tutorial/ContentIntroCurve.uasset" 256
"../../../Engine/Content/EditorMaterials/Cross.uasset" 257
"../../../Engine/Content/EditorMaterials/Cross_Mat.uasset" 258
"../../../Engine/Content/EditorMaterials/PhAT_BoneSelectedMaterial.uasset" 259
"../../../Engine/Content/EditorMaterials/PhAT_ElemSelectedMaterial.uasset" 260
"../../../Engine/Content/EditorMaterials/PhAT_NoCollisionMaterial.uasset" 261
"../../../Engine/Content/EditorMaterials/PhAT_UnselectedMaterial.uasset" 262
"../../../Engine/Content/EditorMaterials/Tick.uasset" 263
"../../../Engine/Content/EditorMaterials/Tick_Mat.uasset" 264
"../../../Engine/Content/EditorMaterials/WidgetGridVertexColorMaterial.uasset" 265
"../../../Engine/Content/EditorMaterials/WidgetGridVertexColorMaterial_Ma.uasset" 266
"../../../Engine/Content/EditorMaterials/WidgetMaterial.uasset" 267
"../../../Engine/Content/EditorMaterials/WidgetMaterial_Current.uasset" 268
"../../../Engine/Content/EditorMaterials/WidgetMaterial_X.uasset" 269
"../../../Engine/Content/EditorMaterials/WidgetMaterial_Y.uasset" 270
"../../../Engine/Content/EditorMaterials/WidgetMaterial_Z.uasset" 271
"../../../Engine/Content/EditorMaterials/WidgetVertexColorMaterial.uasset" 272
"../../../Engine/Content/EditorMaterials/CompositeARGBLayer.uasset" 273
"../../../Engine/Content/EditorMaterials/TilingAALineIntegral.uasset" 274
"../../../Engine/Content/EditorMaterials/TilingAALineBoxFiltered.uasset" 275
"../../../Engine/Content/Functions/Engine_MaterialFunctions03/Procedurals/ComputeFilterWidth.uasset" 276
"../../../Engine/Content/EditorMaterials/TilingAADots.uasset" 277
"../../../Engine/Content/EditorMaterials/Cascade/CASC_Cross.uasset" 278
"../../../Engine/Content/EditorMaterials/Cascade/CASC_None.uasset" 279
"../../../Engine/Content/Functions/Engine_MaterialFunctions03/Blends/Blend_Screen.uasset" 280
"../../../Engine/Content/EditorMaterials/TilingAAGrid.uasset" 281
"../../../Engine/Content/EditorMaterials/LevelGridMaterial.uasset" 282
"../../../Engine/Content/EditorResources/SmallFont.uasset" 283
"../../../Engine/Content/EditorResources/S_KBSJoint.uasset" 284
"../../../Engine/Content/EditorResources/S_KHinge.uasset" 285
"../../../Engine/Content/EditorResources/S_KPrismatic.uasset" 286
"../../../Engine/Content/EditorResources/LightIcons/S_LightError.uasset" 287
"../../../Engine/Content/EditorResources/Spline/T_Loft_Spline.uasset" 288
"../../../Engine/Content/EngineMaterials/BlinkingCaret.uasset" 289
"../../../Engine/Content/EngineMaterials/DefaultNormal.uasset" 290
"../../../Engine/Content/EngineMaterials/Grid_N.uasset" 291
"../../../Engine/Content/EngineMaterials/LandscapeHolePhysicalMaterial.uasset" 292
"../../../Engine/Content/EngineMaterials/PaperDiffuse.uasset" 293
"../../../Engine/Content/EngineMaterials/PaperNormal.uasset" 294
"../../../Engine/Content/EngineMaterials/PhysMat_Rubber.uasset" 295
"../../../Engine/Content/EngineFonts/SmallFont.uasset" 296
"../../../Engine/Content/EngineFonts/TinyFont.uasset" 297
"../../../Engine/Content/EngineResources/StreamingPauseIcon.uasset" 298
"../../../Engine/Content/EngineResources/M_StreamingPause.uasset" 299
"../../../Engine/Content/EditorLandscapeResources/DefaultAlphaTexture.uasset" 300
"../../../Engine/Content/MobileResources/HUD/VirtualJoystick_Thumb.uasset" 301
"../../../RunningBack/Content/Vehicle/Textures/VehicleJoystick_BackgroundL.uasset" 302
"../../../RunningBack/Content/Vehicle/Textures/VehicleJoystick_BackgroundR.uasset" 303
"../../../RunningBack/Content/Vehicle/Sedan/SedanVirtualJoysticks.uasset" 304
"../../../RunningBack/Content/Assets/Crosshair/crosshair.uasset" 305
"../../../RunningBack/Content/UI/CrossHair.uasset" 306
"../../../Engine/Content/MobileResources/HUD/MobileHUDButton2_on.uasset" 307
"../../../Engine/Content/MobileResources/HUD/VirtualJoystick_Background.uasset" 308
"../../../Engine/Content/MobileResources/HUD/LeftVirtualJoystickOnly.uasset" 309
"../../../Engine/Content/MobileResources/HUD/MobileHUDDirectionPad3.uasset" 310
"../../../Engine/Content/MobileResources/T_MobileMenu2.uasset" 311
"../../../Engine/Content/MobileResources/HUD/MobileHUDButton1_on.uasset" 312
"../../../Engine/Content/MobileResources/HUD/MobileHUDDirectionPad.uasset" 313
"../../../Engine/Content/MobileResources/HUD/T_Castle_ThumbstickInner.uasset" 314
"../../../Engine/Content/EditorSounds/GamePreview/EndSimulate.uasset" 315
"../../../Engine/Content/EditorSounds/GamePreview/EndSimulate_Cue.uasset" 316
"../../../Engine/Content/EditorSounds/GamePreview/EndPlayInEditor.uasset" 317
"../../../Engine/Content/EditorSounds/GamePreview/EndPlayInEditor_Cue.uasset" 318
"../../../Engine/Content/EditorSounds/GamePreview/PossessPlayer.uasset" 319
"../../../Engine/Content/EditorSounds/GamePreview/PossessPlayer_Cue.uasset" 320
"../../../Engine/Content/EditorResources/EmptyActor.uasset" 321
"../../../Engine/Content/BasicShapes/Cube.uasset" 322
"../../../Engine/Content/BasicShapes/Sphere.uasset" 323
"../../../Engine/Content/BasicShapes/Cylinder.uasset" 324
"../../../Engine/Content/BasicShapes/Cone.uasset" 325
"../../../Engine/Content/Tutorial/Basics/TutorialAssets/icon_tab_Levels_40x.uasset" 326
"../../../Engine/Content/Tutorial/Basics/LevelEditorOverview.uasset" 327
"../../../Engine/Content/EditorMaterials/MakeCompositeARGBLayer.uasset" 328
"../../../Engine/Content/EditorResources/LevelGrid1DStripes.uasset" 329
"../../../Engine/Content/EditorMaterials/TextureGridCascaded1D.uasset" 330
"../../../Engine/Content/EditorMaterials/TextureGridCascaded2D.uasset" 331
"../../../Engine/Content/EditorMaterials/LevelGridMaterial2.uasset" 332
"../../../Engine/Content/EditorSounds/GamePreview/StartPlayInEditor.uasset" 333
"../../../Engine/Content/EditorSounds/GamePreview/StartPlayInEditor_Cue.uasset" 334
"../../../RunningBack/Content/Vehicle/Meshes/mat_Glass_Brokensides_m.uasset" 335
"../../../RunningBack/Content/Vehicle/Meshes/Mr_Freeze_Gun_D_Mat.uasset" 336
"../../../RunningBack/Content/Vehicle/Meshes/FreezeGun.uasset" 337
"../../../RunningBack/Content/UI/CustomizationMenu.uasset" 338
"../../../RunningBack/Content/UI/LobbyGameMode.uasset" 339
"../../../RunningBack/Content/UI/UIGameMode.uasset" 340
"../../../Engine/Content/MobileResources/T_MobileControls_texture.uasset" 341
"../../../Engine/Content/MobileResources/HUD/AnalogHat.uasset" 342
"../../../Engine/Content/MobileResources/HUD/DefaultVirtualJoysticks.uasset" 343
"../../../Engine/Content/MobileResources/HUD/MobileHUDButton1_off.uasset" 344
"../../../Engine/Content/MobileResources/HUD/MobileHUDButton2_off.uasset" 345
"../../../Engine/Content/MobileResources/HUD/MobileHUDButton3.uasset" 346
"../../../Engine/Content/MobileResources/HUD/MobileHUDButtonFire.uasset" 347
"../../../Engine/Content/MobileResources/HUD/MobileHUDDirectionPad2.uasset" 348
"../../../Engine/Content/MobileResources/HUD/MobileHUDDirectionStick.uasset" 349
"../../../Engine/Content/MobileResources/HUD/T_Castle_ThumbstickOutter.uasset" 350
